This file contains any messages produced by compilers while
running configure, to aid debugging if configure makes a mistake.

It was created by GNU C Runtime Library configure 1.0, which was
generated by GNU Autoconf 2.64.  Invocation command line was

  $ /home/daniel/Dropbox/Hobby/Zybo_Xilinx_Xilibus/Yocto/poky/build/tmp/work-shared/gcc-4.8.2-r0/gcc-4.8.2/libgcc/configure --cache-file=./config.cache --with-cross-host=x86_64-linux --prefix=/home/daniel/Dropbox/Hobby/Zybo_Xilinx_Xilibus/Yocto/poky/build/tmp/sysroots/x86_64-linux/usr --exec_prefix=/home/daniel/Dropbox/Hobby/Zybo_Xilinx_Xilibus/Yocto/poky/build/tmp/sysroots/x86_64-linux/usr --bindir=/home/daniel/Dropbox/Hobby/Zybo_Xilinx_Xilibus/Yocto/poky/build/tmp/sysroots/x86_64-linux/usr/bin/armv7a-vfp-neon-poky-linux-gnueabi --sbindir=/home/daniel/Dropbox/Hobby/Zybo_Xilinx_Xilibus/Yocto/poky/build/tmp/sysroots/x86_64-linux/usr/bin/armv7a-vfp-neon-poky-linux-gnueabi --libexecdir=/home/daniel/Dropbox/Hobby/Zybo_Xilinx_Xilibus/Yocto/poky/build/tmp/sysroots/x86_64-linux/usr/libexec/armv7a-vfp-neon-poky-linux-gnueabi --datadir=/home/daniel/Dropbox/Hobby/Zybo_Xilinx_Xilibus/Yocto/poky/build/tmp/sysroots/x86_64-linux/usr/share --sysconfdir=/home/daniel/Dropbox/Hobby/Zybo_Xilinx_Xilibus/Yocto/poky/build/tmp/sysroots/x86_64-linux/etc --sharedstatedir=/home/daniel/Dropbox/Hobby/Zybo_Xilinx_Xilibus/Yocto/poky/build/tmp/sysroots/x86_64-linux/com --localstatedir=/home/daniel/Dropbox/Hobby/Zybo_Xilinx_Xilibus/Yocto/poky/build/tmp/sysroots/x86_64-linux/var --libdir=/home/daniel/Dropbox/Hobby/Zybo_Xilinx_Xilibus/Yocto/poky/build/tmp/sysroots/x86_64-linux/usr/lib/armv7a-vfp-neon-poky-linux-gnueabi --includedir=/home/daniel/Dropbox/Hobby/Zybo_Xilinx_Xilibus/Yocto/poky/build/tmp/sysroots/x86_64-linux/usr/include --oldincludedir=/home/daniel/Dropbox/Hobby/Zybo_Xilinx_Xilibus/Yocto/poky/build/tmp/sysroots/x86_64-linux/usr/include --infodir=/home/daniel/Dropbox/Hobby/Zybo_Xilinx_Xilibus/Yocto/poky/build/tmp/sysroots/x86_64-linux/usr/share/info --mandir=/home/daniel/Dropbox/Hobby/Zybo_Xilinx_Xilibus/Yocto/poky/build/tmp/sysroots/x86_64-linux/usr/share/man --disable-silent-rules --disable-dependency-tracking --with-libtool-sysroot=/home/daniel/Dropbox/Hobby/Zybo_Xilinx_Xilibus/Yocto/poky/build/tmp/sysroots/x86_64-linux --enable-clocale=generic --with-gnu-ld --enable-shared --enable-threads=posix --disable-multilib --enable-c99 --enable-long-long --enable-symvers=gnu --enable-libstdcxx-pch --without-local-prefix --enable-target-optspace --enable-lto --enable-libssp --disable-bootstrap --disable-libmudflap --with-linker-hash-style=gnu --enable-linker-build-id --with-ppl=no --enable-checking=release --enable-cheaders=c_global --with-gxx-include-dir=/home/daniel/Dropbox/Hobby/Zybo_Xilinx_Xilibus/Yocto/poky/build/tmp/sysroots/zedboard-zynq7/usr/include/c++ --with-sysroot=/home/daniel/Dropbox/Hobby/Zybo_Xilinx_Xilibus/Yocto/poky/build/tmp/sysroots/zedboard-zynq7 --with-build-sysroot=/home/daniel/Dropbox/Hobby/Zybo_Xilinx_Xilibus/Yocto/poky/build/tmp/sysroots/zedboard-zynq7 --enable-poison-system-directories --disable-libunwind-exceptions --with-system-zlib --disable-nls --enable-languages=c,c++,lto --program-transform-name=s&^&arm-poky-linux-gnueabi-& --disable-option-checking --with-target-subdir=arm-poky-linux-gnueabi --build=x86_64-linux --host=arm-poky-linux-gnueabi --target=arm-poky-linux-gnueabi --srcdir=/home/daniel/Dropbox/Hobby/Zybo_Xilinx_Xilibus/Yocto/poky/build/tmp/work-shared/gcc-4.8.2-r0/gcc-4.8.2/libgcc

## --------- ##
## Platform. ##
## --------- ##

hostname = daniel-VM
uname -m = x86_64
uname -r = 4.2.0-38-generic
uname -s = Linux
uname -v = #45~14.04.1-Ubuntu SMP Thu Jun 9 09:27:51 UTC 2016

/usr/bin/uname -p = unknown
/bin/uname -X     = unknown

/bin/arch              = unknown
/usr/bin/arch -k       = unknown
/usr/convex/getsysinfo = unknown
/usr/bin/hostinfo      = unknown
/bin/machine           = unknown
/usr/bin/oslevel       = unknown
/bin/universe          = unknown

PATH: /home/daniel/Dropbox/Hobby/Zybo_Xilinx_Xilibus/Yocto/poky/scripts
PATH: /home/daniel/Dropbox/Hobby/Zybo_Xilinx_Xilibus/Yocto/poky/build/tmp/sysroots/x86_64-linux/usr/bin/armv7a-vfp-neon-poky-linux-gnueabi
PATH: /home/daniel/Dropbox/Hobby/Zybo_Xilinx_Xilibus/Yocto/poky/build/tmp/sysroots/x86_64-linux/home/daniel/Dropbox/Hobby/Zybo_Xilinx_Xilibus/Yocto/poky/build/tmp/sysroots/x86_64-linux/usr/bin/armv7a-vfp-neon-poky-linux-gnueabi/crossscripts
PATH: /home/daniel/Dropbox/Hobby/Zybo_Xilinx_Xilibus/Yocto/poky/build/tmp/sysroots/x86_64-linux/usr/sbin
PATH: /home/daniel/Dropbox/Hobby/Zybo_Xilinx_Xilibus/Yocto/poky/build/tmp/sysroots/x86_64-linux/usr/bin
PATH: /home/daniel/Dropbox/Hobby/Zybo_Xilinx_Xilibus/Yocto/poky/build/tmp/sysroots/x86_64-linux/sbin
PATH: /home/daniel/Dropbox/Hobby/Zybo_Xilinx_Xilibus/Yocto/poky/build/tmp/sysroots/x86_64-linux/bin
PATH: /home/daniel/Dropbox/Hobby/Zybo_Xilinx_Xilibus/Yocto/poky/scripts
PATH: /home/daniel/Dropbox/Hobby/Zybo_Xilinx_Xilibus/Yocto/poky/bitbake/bin
PATH: /usr/local/sbin
PATH: /usr/local/bin
PATH: /usr/sbin
PATH: /usr/bin
PATH: /sbin
PATH: /bin
PATH: /usr/games
PATH: /usr/local/games


## ----------- ##
## Core tests. ##
## ----------- ##

configure:1977: creating cache ./config.cache
configure:2147: checking build system type
configure:2161: result: x86_64-pc-linux-gnu
configure:2181: checking host system type
configure:2194: result: arm-poky-linux-gnueabi
configure:2292: checking for --enable-version-specific-runtime-libs
configure:2305: result: no
configure:2353: checking for a BSD-compatible install
configure:2421: result: /usr/bin/install -c
configure:2437: checking for gawk
configure:2464: result: gawk
configure:2564: checking for arm-poky-linux-gnueabi-ar
configure:2591: result: arm-poky-linux-gnueabi-ar
configure:2656: checking for arm-poky-linux-gnueabi-lipo
configure:2683: result: arm-poky-linux-gnueabi-lipo
configure:2748: checking for arm-poky-linux-gnueabi-nm
configure:2775: result: /home/daniel/Dropbox/Hobby/Zybo_Xilinx_Xilibus/Yocto/poky/build/tmp/work/armv7a-vfp-neon-poky-linux-gnueabi/gcc-cross/4.8.2-r0/gcc-4.8.2/build.x86_64-linux.arm-poky-linux-gnueabi/./gcc/nm
configure:2840: checking for arm-poky-linux-gnueabi-ranlib
configure:2867: result: arm-poky-linux-gnueabi-ranlib
configure:2932: checking for arm-poky-linux-gnueabi-strip
configure:2959: result: arm-poky-linux-gnueabi-strip
configure:3021: checking whether ln -s works
configure:3025: result: yes
configure:3042: checking for arm-poky-linux-gnueabi-gcc
configure:3069: result:  /home/daniel/Dropbox/Hobby/Zybo_Xilinx_Xilibus/Yocto/poky/build/tmp/work/armv7a-vfp-neon-poky-linux-gnueabi/gcc-cross/4.8.2-r0/gcc-4.8.2/build.x86_64-linux.arm-poky-linux-gnueabi/./gcc/xgcc -B/home/daniel/Dropbox/Hobby/Zybo_Xilinx_Xilibus/Yocto/poky/build/tmp/work/armv7a-vfp-neon-poky-linux-gnueabi/gcc-cross/4.8.2-r0/gcc-4.8.2/build.x86_64-linux.arm-poky-linux-gnueabi/./gcc/ -march=armv7-a -mthumb-interwork -mfloat-abi=softfp -mfpu=neon -isystem/home/daniel/Dropbox/Hobby/Zybo_Xilinx_Xilibus/Yocto/poky/build/tmp/sysroots/zedboard-zynq7/usr/include -B/home/daniel/Dropbox/Hobby/Zybo_Xilinx_Xilibus/Yocto/poky/build/tmp/sysroots/x86_64-linux/usr/arm-poky-linux-gnueabi/bin/ -B/home/daniel/Dropbox/Hobby/Zybo_Xilinx_Xilibus/Yocto/poky/build/tmp/sysroots/x86_64-linux/usr/arm-poky-linux-gnueabi/lib/ -isystem /home/daniel/Dropbox/Hobby/Zybo_Xilinx_Xilibus/Yocto/poky/build/tmp/sysroots/x86_64-linux/usr/arm-poky-linux-gnueabi/include -isystem /home/daniel/Dropbox/Hobby/Zybo_Xilinx_Xilibus/Yocto/poky/build/tmp/sysroots/x86_64-linux/usr/arm-poky-linux-gnueabi/sys-include --sysroot=/home/daniel/Dropbox/Hobby/Zybo_Xilinx_Xilibus/Yocto/poky/build/tmp/sysroots/zedboard-zynq7  
configure:3338: checking for C compiler version
configure:3347:  /home/daniel/Dropbox/Hobby/Zybo_Xilinx_Xilibus/Yocto/poky/build/tmp/work/armv7a-vfp-neon-poky-linux-gnueabi/gcc-cross/4.8.2-r0/gcc-4.8.2/build.x86_64-linux.arm-poky-linux-gnueabi/./gcc/xgcc -B/home/daniel/Dropbox/Hobby/Zybo_Xilinx_Xilibus/Yocto/poky/build/tmp/work/armv7a-vfp-neon-poky-linux-gnueabi/gcc-cross/4.8.2-r0/gcc-4.8.2/build.x86_64-linux.arm-poky-linux-gnueabi/./gcc/ -march=armv7-a -mthumb-interwork -mfloat-abi=softfp -mfpu=neon -isystem/home/daniel/Dropbox/Hobby/Zybo_Xilinx_Xilibus/Yocto/poky/build/tmp/sysroots/zedboard-zynq7/usr/include -B/home/daniel/Dropbox/Hobby/Zybo_Xilinx_Xilibus/Yocto/poky/build/tmp/sysroots/x86_64-linux/usr/arm-poky-linux-gnueabi/bin/ -B/home/daniel/Dropbox/Hobby/Zybo_Xilinx_Xilibus/Yocto/poky/build/tmp/sysroots/x86_64-linux/usr/arm-poky-linux-gnueabi/lib/ -isystem /home/daniel/Dropbox/Hobby/Zybo_Xilinx_Xilibus/Yocto/poky/build/tmp/sysroots/x86_64-linux/usr/arm-poky-linux-gnueabi/include -isystem /home/daniel/Dropbox/Hobby/Zybo_Xilinx_Xilibus/Yocto/poky/build/tmp/sysroots/x86_64-linux/usr/arm-poky-linux-gnueabi/sys-include --sysroot=/home/daniel/Dropbox/Hobby/Zybo_Xilinx_Xilibus/Yocto/poky/build/tmp/sysroots/zedboard-zynq7   --version >&5
xgcc (GCC) 4.8.2
Copyright (C) 2013 Free Software Foundation, Inc.
This is free software; see the source for copying conditions.  There is NO
warranty; not even for MERCHANTABILITY or FITNESS FOR A PARTICULAR PURPOSE.

configure:3358: $? = 0
configure:3347:  /home/daniel/Dropbox/Hobby/Zybo_Xilinx_Xilibus/Yocto/poky/build/tmp/work/armv7a-vfp-neon-poky-linux-gnueabi/gcc-cross/4.8.2-r0/gcc-4.8.2/build.x86_64-linux.arm-poky-linux-gnueabi/./gcc/xgcc -B/home/daniel/Dropbox/Hobby/Zybo_Xilinx_Xilibus/Yocto/poky/build/tmp/work/armv7a-vfp-neon-poky-linux-gnueabi/gcc-cross/4.8.2-r0/gcc-4.8.2/build.x86_64-linux.arm-poky-linux-gnueabi/./gcc/ -march=armv7-a -mthumb-interwork -mfloat-abi=softfp -mfpu=neon -isystem/home/daniel/Dropbox/Hobby/Zybo_Xilinx_Xilibus/Yocto/poky/build/tmp/sysroots/zedboard-zynq7/usr/include -B/home/daniel/Dropbox/Hobby/Zybo_Xilinx_Xilibus/Yocto/poky/build/tmp/sysroots/x86_64-linux/usr/arm-poky-linux-gnueabi/bin/ -B/home/daniel/Dropbox/Hobby/Zybo_Xilinx_Xilibus/Yocto/poky/build/tmp/sysroots/x86_64-linux/usr/arm-poky-linux-gnueabi/lib/ -isystem /home/daniel/Dropbox/Hobby/Zybo_Xilinx_Xilibus/Yocto/poky/build/tmp/sysroots/x86_64-linux/usr/arm-poky-linux-gnueabi/include -isystem /home/daniel/Dropbox/Hobby/Zybo_Xilinx_Xilibus/Yocto/poky/build/tmp/sysroots/x86_64-linux/usr/arm-poky-linux-gnueabi/sys-include --sysroot=/home/daniel/Dropbox/Hobby/Zybo_Xilinx_Xilibus/Yocto/poky/build/tmp/sysroots/zedboard-zynq7   -v >&5
Reading specs from /home/daniel/Dropbox/Hobby/Zybo_Xilinx_Xilibus/Yocto/poky/build/tmp/work/armv7a-vfp-neon-poky-linux-gnueabi/gcc-cross/4.8.2-r0/gcc-4.8.2/build.x86_64-linux.arm-poky-linux-gnueabi/./gcc/specs
COLLECT_GCC=/home/daniel/Dropbox/Hobby/Zybo_Xilinx_Xilibus/Yocto/poky/build/tmp/work/armv7a-vfp-neon-poky-linux-gnueabi/gcc-cross/4.8.2-r0/gcc-4.8.2/build.x86_64-linux.arm-poky-linux-gnueabi/./gcc/xgcc
COLLECT_LTO_WRAPPER=/home/daniel/Dropbox/Hobby/Zybo_Xilinx_Xilibus/Yocto/poky/build/tmp/work/armv7a-vfp-neon-poky-linux-gnueabi/gcc-cross/4.8.2-r0/gcc-4.8.2/build.x86_64-linux.arm-poky-linux-gnueabi/./gcc/lto-wrapper
Target: arm-poky-linux-gnueabi
Configured with: /home/daniel/Dropbox/Hobby/Zybo_Xilinx_Xilibus/Yocto/poky/build/tmp/work-shared/gcc-4.8.2-r0/gcc-4.8.2/configure --build=x86_64-linux --host=x86_64-linux --target=arm-poky-linux-gnueabi --prefix=/home/daniel/Dropbox/Hobby/Zybo_Xilinx_Xilibus/Yocto/poky/build/tmp/sysroots/x86_64-linux/usr --exec_prefix=/home/daniel/Dropbox/Hobby/Zybo_Xilinx_Xilibus/Yocto/poky/build/tmp/sysroots/x86_64-linux/usr --bindir=/home/daniel/Dropbox/Hobby/Zybo_Xilinx_Xilibus/Yocto/poky/build/tmp/sysroots/x86_64-linux/usr/bin/armv7a-vfp-neon-poky-linux-gnueabi --sbindir=/home/daniel/Dropbox/Hobby/Zybo_Xilinx_Xilibus/Yocto/poky/build/tmp/sysroots/x86_64-linux/usr/bin/armv7a-vfp-neon-poky-linux-gnueabi --libexecdir=/home/daniel/Dropbox/Hobby/Zybo_Xilinx_Xilibus/Yocto/poky/build/tmp/sysroots/x86_64-linux/usr/libexec/armv7a-vfp-neon-poky-linux-gnueabi --datadir=/home/daniel/Dropbox/Hobby/Zybo_Xilinx_Xilibus/Yocto/poky/build/tmp/sysroots/x86_64-linux/usr/share --sysconfdir=/home/daniel/Dropbox/Hobby/Zybo_Xilinx_Xilibus/Yocto/poky/build/tmp/sysroots/x86_64-linux/etc --sharedstatedir=/home/daniel/Dropbox/Hobby/Zybo_Xilinx_Xilibus/Yocto/poky/build/tmp/sysroots/x86_64-linux/com --localstatedir=/home/daniel/Dropbox/Hobby/Zybo_Xilinx_Xilibus/Yocto/poky/build/tmp/sysroots/x86_64-linux/var --libdir=/home/daniel/Dropbox/Hobby/Zybo_Xilinx_Xilibus/Yocto/poky/build/tmp/sysroots/x86_64-linux/usr/lib/armv7a-vfp-neon-poky-linux-gnueabi --includedir=/home/daniel/Dropbox/Hobby/Zybo_Xilinx_Xilibus/Yocto/poky/build/tmp/sysroots/x86_64-linux/usr/include --oldincludedir=/home/daniel/Dropbox/Hobby/Zybo_Xilinx_Xilibus/Yocto/poky/build/tmp/sysroots/x86_64-linux/usr/include --infodir=/home/daniel/Dropbox/Hobby/Zybo_Xilinx_Xilibus/Yocto/poky/build/tmp/sysroots/x86_64-linux/usr/share/info --mandir=/home/daniel/Dropbox/Hobby/Zybo_Xilinx_Xilibus/Yocto/poky/build/tmp/sysroots/x86_64-linux/usr/share/man --disable-silent-rules --disable-dependency-tracking --with-libtool-sysroot=/home/daniel/Dropbox/Hobby/Zybo_Xilinx_Xilibus/Yocto/poky/build/tmp/sysroots/x86_64-linux --enable-clocale=generic --with-gnu-ld --enable-shared --enable-languages=c,c++ --enable-threads=posix --disable-multilib --enable-c99 --enable-long-long --enable-symvers=gnu --enable-libstdcxx-pch --program-prefix=arm-poky-linux-gnueabi- --without-local-prefix --enable-target-optspace --enable-lto --enable-libssp --disable-bootstrap --disable-libmudflap --with-system-zlib --with-linker-hash-style=gnu --enable-linker-build-id --with-ppl=no --with-cloog=no --enable-checking=release --enable-cheaders=c_global --with-gxx-include-dir=/home/daniel/Dropbox/Hobby/Zybo_Xilinx_Xilibus/Yocto/poky/build/tmp/sysroots/zedboard-zynq7/usr/include/c++ --with-sysroot=/home/daniel/Dropbox/Hobby/Zybo_Xilinx_Xilibus/Yocto/poky/build/tmp/sysroots/zedboard-zynq7 --with-build-sysroot=/home/daniel/Dropbox/Hobby/Zybo_Xilinx_Xilibus/Yocto/poky/build/tmp/sysroots/zedboard-zynq7 --enable-poison-system-directories --disable-libunwind-exceptions --with-mpfr=/home/daniel/Dropbox/Hobby/Zybo_Xilinx_Xilibus/Yocto/poky/build/tmp/sysroots/x86_64-linux/usr --with-system-zlib --disable-nls
Thread model: posix
gcc version 4.8.2 (GCC) 
configure:3358: $? = 0
configure:3347:  /home/daniel/Dropbox/Hobby/Zybo_Xilinx_Xilibus/Yocto/poky/build/tmp/work/armv7a-vfp-neon-poky-linux-gnueabi/gcc-cross/4.8.2-r0/gcc-4.8.2/build.x86_64-linux.arm-poky-linux-gnueabi/./gcc/xgcc -B/home/daniel/Dropbox/Hobby/Zybo_Xilinx_Xilibus/Yocto/poky/build/tmp/work/armv7a-vfp-neon-poky-linux-gnueabi/gcc-cross/4.8.2-r0/gcc-4.8.2/build.x86_64-linux.arm-poky-linux-gnueabi/./gcc/ -march=armv7-a -mthumb-interwork -mfloat-abi=softfp -mfpu=neon -isystem/home/daniel/Dropbox/Hobby/Zybo_Xilinx_Xilibus/Yocto/poky/build/tmp/sysroots/zedboard-zynq7/usr/include -B/home/daniel/Dropbox/Hobby/Zybo_Xilinx_Xilibus/Yocto/poky/build/tmp/sysroots/x86_64-linux/usr/arm-poky-linux-gnueabi/bin/ -B/home/daniel/Dropbox/Hobby/Zybo_Xilinx_Xilibus/Yocto/poky/build/tmp/sysroots/x86_64-linux/usr/arm-poky-linux-gnueabi/lib/ -isystem /home/daniel/Dropbox/Hobby/Zybo_Xilinx_Xilibus/Yocto/poky/build/tmp/sysroots/x86_64-linux/usr/arm-poky-linux-gnueabi/include -isystem /home/daniel/Dropbox/Hobby/Zybo_Xilinx_Xilibus/Yocto/poky/build/tmp/sysroots/x86_64-linux/usr/arm-poky-linux-gnueabi/sys-include --sysroot=/home/daniel/Dropbox/Hobby/Zybo_Xilinx_Xilibus/Yocto/poky/build/tmp/sysroots/zedboard-zynq7   -V >&5
xgcc: error: unrecognized command line option '-V'
xgcc: fatal error: no input files
compilation terminated.
configure:3358: $? = 1
configure:3347:  /home/daniel/Dropbox/Hobby/Zybo_Xilinx_Xilibus/Yocto/poky/build/tmp/work/armv7a-vfp-neon-poky-linux-gnueabi/gcc-cross/4.8.2-r0/gcc-4.8.2/build.x86_64-linux.arm-poky-linux-gnueabi/./gcc/xgcc -B/home/daniel/Dropbox/Hobby/Zybo_Xilinx_Xilibus/Yocto/poky/build/tmp/work/armv7a-vfp-neon-poky-linux-gnueabi/gcc-cross/4.8.2-r0/gcc-4.8.2/build.x86_64-linux.arm-poky-linux-gnueabi/./gcc/ -march=armv7-a -mthumb-interwork -mfloat-abi=softfp -mfpu=neon -isystem/home/daniel/Dropbox/Hobby/Zybo_Xilinx_Xilibus/Yocto/poky/build/tmp/sysroots/zedboard-zynq7/usr/include -B/home/daniel/Dropbox/Hobby/Zybo_Xilinx_Xilibus/Yocto/poky/build/tmp/sysroots/x86_64-linux/usr/arm-poky-linux-gnueabi/bin/ -B/home/daniel/Dropbox/Hobby/Zybo_Xilinx_Xilibus/Yocto/poky/build/tmp/sysroots/x86_64-linux/usr/arm-poky-linux-gnueabi/lib/ -isystem /home/daniel/Dropbox/Hobby/Zybo_Xilinx_Xilibus/Yocto/poky/build/tmp/sysroots/x86_64-linux/usr/arm-poky-linux-gnueabi/include -isystem /home/daniel/Dropbox/Hobby/Zybo_Xilinx_Xilibus/Yocto/poky/build/tmp/sysroots/x86_64-linux/usr/arm-poky-linux-gnueabi/sys-include --sysroot=/home/daniel/Dropbox/Hobby/Zybo_Xilinx_Xilibus/Yocto/poky/build/tmp/sysroots/zedboard-zynq7   -qversion >&5
xgcc: error: unrecognized command line option '-qversion'
xgcc: fatal error: no input files
compilation terminated.
configure:3358: $? = 1
configure:3374:  /home/daniel/Dropbox/Hobby/Zybo_Xilinx_Xilibus/Yocto/poky/build/tmp/work/armv7a-vfp-neon-poky-linux-gnueabi/gcc-cross/4.8.2-r0/gcc-4.8.2/build.x86_64-linux.arm-poky-linux-gnueabi/./gcc/xgcc -B/home/daniel/Dropbox/Hobby/Zybo_Xilinx_Xilibus/Yocto/poky/build/tmp/work/armv7a-vfp-neon-poky-linux-gnueabi/gcc-cross/4.8.2-r0/gcc-4.8.2/build.x86_64-linux.arm-poky-linux-gnueabi/./gcc/ -march=armv7-a -mthumb-interwork -mfloat-abi=softfp -mfpu=neon -isystem/home/daniel/Dropbox/Hobby/Zybo_Xilinx_Xilibus/Yocto/poky/build/tmp/sysroots/zedboard-zynq7/usr/include -B/home/daniel/Dropbox/Hobby/Zybo_Xilinx_Xilibus/Yocto/poky/build/tmp/sysroots/x86_64-linux/usr/arm-poky-linux-gnueabi/bin/ -B/home/daniel/Dropbox/Hobby/Zybo_Xilinx_Xilibus/Yocto/poky/build/tmp/sysroots/x86_64-linux/usr/arm-poky-linux-gnueabi/lib/ -isystem /home/daniel/Dropbox/Hobby/Zybo_Xilinx_Xilibus/Yocto/poky/build/tmp/sysroots/x86_64-linux/usr/arm-poky-linux-gnueabi/include -isystem /home/daniel/Dropbox/Hobby/Zybo_Xilinx_Xilibus/Yocto/poky/build/tmp/sysroots/x86_64-linux/usr/arm-poky-linux-gnueabi/sys-include --sysroot=/home/daniel/Dropbox/Hobby/Zybo_Xilinx_Xilibus/Yocto/poky/build/tmp/sysroots/zedboard-zynq7   -o conftest -g -Os  -Wl,-O1 -Wl,--hash-style=gnu -Wl,--as-needed conftest.c  >&5
/home/daniel/Dropbox/Hobby/Zybo_Xilinx_Xilibus/Yocto/poky/build/tmp/sysroots/x86_64-linux/usr/bin/armv7a-vfp-neon-poky-linux-gnueabi/arm-poky-linux-gnueabi-ld: cannot find crtbegin.o: No such file or directory
/home/daniel/Dropbox/Hobby/Zybo_Xilinx_Xilibus/Yocto/poky/build/tmp/sysroots/x86_64-linux/usr/bin/armv7a-vfp-neon-poky-linux-gnueabi/arm-poky-linux-gnueabi-ld: cannot find -lgcc
/home/daniel/Dropbox/Hobby/Zybo_Xilinx_Xilibus/Yocto/poky/build/tmp/sysroots/x86_64-linux/usr/bin/armv7a-vfp-neon-poky-linux-gnueabi/arm-poky-linux-gnueabi-ld: cannot find -lgcc_s
collect2: error: ld returned 1 exit status
configure:3377: $? = 1
configure:3565: checking for suffix of object files
configure:3587:  /home/daniel/Dropbox/Hobby/Zybo_Xilinx_Xilibus/Yocto/poky/build/tmp/work/armv7a-vfp-neon-poky-linux-gnueabi/gcc-cross/4.8.2-r0/gcc-4.8.2/build.x86_64-linux.arm-poky-linux-gnueabi/./gcc/xgcc -B/home/daniel/Dropbox/Hobby/Zybo_Xilinx_Xilibus/Yocto/poky/build/tmp/work/armv7a-vfp-neon-poky-linux-gnueabi/gcc-cross/4.8.2-r0/gcc-4.8.2/build.x86_64-linux.arm-poky-linux-gnueabi/./gcc/ -march=armv7-a -mthumb-interwork -mfloat-abi=softfp -mfpu=neon -isystem/home/daniel/Dropbox/Hobby/Zybo_Xilinx_Xilibus/Yocto/poky/build/tmp/sysroots/zedboard-zynq7/usr/include -B/home/daniel/Dropbox/Hobby/Zybo_Xilinx_Xilibus/Yocto/poky/build/tmp/sysroots/x86_64-linux/usr/arm-poky-linux-gnueabi/bin/ -B/home/daniel/Dropbox/Hobby/Zybo_Xilinx_Xilibus/Yocto/poky/build/tmp/sysroots/x86_64-linux/usr/arm-poky-linux-gnueabi/lib/ -isystem /home/daniel/Dropbox/Hobby/Zybo_Xilinx_Xilibus/Yocto/poky/build/tmp/sysroots/x86_64-linux/usr/arm-poky-linux-gnueabi/include -isystem /home/daniel/Dropbox/Hobby/Zybo_Xilinx_Xilibus/Yocto/poky/build/tmp/sysroots/x86_64-linux/usr/arm-poky-linux-gnueabi/sys-include --sysroot=/home/daniel/Dropbox/Hobby/Zybo_Xilinx_Xilibus/Yocto/poky/build/tmp/sysroots/zedboard-zynq7   -c -g -Os  conftest.c >&5
configure:3591: $? = 0
configure:3612: result: o
configure:3616: checking whether we are using the GNU C compiler
configure:3635:  /home/daniel/Dropbox/Hobby/Zybo_Xilinx_Xilibus/Yocto/poky/build/tmp/work/armv7a-vfp-neon-poky-linux-gnueabi/gcc-cross/4.8.2-r0/gcc-4.8.2/build.x86_64-linux.arm-poky-linux-gnueabi/./gcc/xgcc -B/home/daniel/Dropbox/Hobby/Zybo_Xilinx_Xilibus/Yocto/poky/build/tmp/work/armv7a-vfp-neon-poky-linux-gnueabi/gcc-cross/4.8.2-r0/gcc-4.8.2/build.x86_64-linux.arm-poky-linux-gnueabi/./gcc/ -march=armv7-a -mthumb-interwork -mfloat-abi=softfp -mfpu=neon -isystem/home/daniel/Dropbox/Hobby/Zybo_Xilinx_Xilibus/Yocto/poky/build/tmp/sysroots/zedboard-zynq7/usr/include -B/home/daniel/Dropbox/Hobby/Zybo_Xilinx_Xilibus/Yocto/poky/build/tmp/sysroots/x86_64-linux/usr/arm-poky-linux-gnueabi/bin/ -B/home/daniel/Dropbox/Hobby/Zybo_Xilinx_Xilibus/Yocto/poky/build/tmp/sysroots/x86_64-linux/usr/arm-poky-linux-gnueabi/lib/ -isystem /home/daniel/Dropbox/Hobby/Zybo_Xilinx_Xilibus/Yocto/poky/build/tmp/sysroots/x86_64-linux/usr/arm-poky-linux-gnueabi/include -isystem /home/daniel/Dropbox/Hobby/Zybo_Xilinx_Xilibus/Yocto/poky/build/tmp/sysroots/x86_64-linux/usr/arm-poky-linux-gnueabi/sys-include --sysroot=/home/daniel/Dropbox/Hobby/Zybo_Xilinx_Xilibus/Yocto/poky/build/tmp/sysroots/zedboard-zynq7   -c -g -Os  conftest.c >&5
configure:3635: $? = 0
configure:3644: result: yes
configure:3653: checking whether  /home/daniel/Dropbox/Hobby/Zybo_Xilinx_Xilibus/Yocto/poky/build/tmp/work/armv7a-vfp-neon-poky-linux-gnueabi/gcc-cross/4.8.2-r0/gcc-4.8.2/build.x86_64-linux.arm-poky-linux-gnueabi/./gcc/xgcc -B/home/daniel/Dropbox/Hobby/Zybo_Xilinx_Xilibus/Yocto/poky/build/tmp/work/armv7a-vfp-neon-poky-linux-gnueabi/gcc-cross/4.8.2-r0/gcc-4.8.2/build.x86_64-linux.arm-poky-linux-gnueabi/./gcc/ -march=armv7-a -mthumb-interwork -mfloat-abi=softfp -mfpu=neon -isystem/home/daniel/Dropbox/Hobby/Zybo_Xilinx_Xilibus/Yocto/poky/build/tmp/sysroots/zedboard-zynq7/usr/include -B/home/daniel/Dropbox/Hobby/Zybo_Xilinx_Xilibus/Yocto/poky/build/tmp/sysroots/x86_64-linux/usr/arm-poky-linux-gnueabi/bin/ -B/home/daniel/Dropbox/Hobby/Zybo_Xilinx_Xilibus/Yocto/poky/build/tmp/sysroots/x86_64-linux/usr/arm-poky-linux-gnueabi/lib/ -isystem /home/daniel/Dropbox/Hobby/Zybo_Xilinx_Xilibus/Yocto/poky/build/tmp/sysroots/x86_64-linux/usr/arm-poky-linux-gnueabi/include -isystem /home/daniel/Dropbox/Hobby/Zybo_Xilinx_Xilibus/Yocto/poky/build/tmp/sysroots/x86_64-linux/usr/arm-poky-linux-gnueabi/sys-include --sysroot=/home/daniel/Dropbox/Hobby/Zybo_Xilinx_Xilibus/Yocto/poky/build/tmp/sysroots/zedboard-zynq7   accepts -g
configure:3673:  /home/daniel/Dropbox/Hobby/Zybo_Xilinx_Xilibus/Yocto/poky/build/tmp/work/armv7a-vfp-neon-poky-linux-gnueabi/gcc-cross/4.8.2-r0/gcc-4.8.2/build.x86_64-linux.arm-poky-linux-gnueabi/./gcc/xgcc -B/home/daniel/Dropbox/Hobby/Zybo_Xilinx_Xilibus/Yocto/poky/build/tmp/work/armv7a-vfp-neon-poky-linux-gnueabi/gcc-cross/4.8.2-r0/gcc-4.8.2/build.x86_64-linux.arm-poky-linux-gnueabi/./gcc/ -march=armv7-a -mthumb-interwork -mfloat-abi=softfp -mfpu=neon -isystem/home/daniel/Dropbox/Hobby/Zybo_Xilinx_Xilibus/Yocto/poky/build/tmp/sysroots/zedboard-zynq7/usr/include -B/home/daniel/Dropbox/Hobby/Zybo_Xilinx_Xilibus/Yocto/poky/build/tmp/sysroots/x86_64-linux/usr/arm-poky-linux-gnueabi/bin/ -B/home/daniel/Dropbox/Hobby/Zybo_Xilinx_Xilibus/Yocto/poky/build/tmp/sysroots/x86_64-linux/usr/arm-poky-linux-gnueabi/lib/ -isystem /home/daniel/Dropbox/Hobby/Zybo_Xilinx_Xilibus/Yocto/poky/build/tmp/sysroots/x86_64-linux/usr/arm-poky-linux-gnueabi/include -isystem /home/daniel/Dropbox/Hobby/Zybo_Xilinx_Xilibus/Yocto/poky/build/tmp/sysroots/x86_64-linux/usr/arm-poky-linux-gnueabi/sys-include --sysroot=/home/daniel/Dropbox/Hobby/Zybo_Xilinx_Xilibus/Yocto/poky/build/tmp/sysroots/zedboard-zynq7   -c -g  conftest.c >&5
configure:3673: $? = 0
configure:3714: result: yes
configure:3731: checking for  /home/daniel/Dropbox/Hobby/Zybo_Xilinx_Xilibus/Yocto/poky/build/tmp/work/armv7a-vfp-neon-poky-linux-gnueabi/gcc-cross/4.8.2-r0/gcc-4.8.2/build.x86_64-linux.arm-poky-linux-gnueabi/./gcc/xgcc -B/home/daniel/Dropbox/Hobby/Zybo_Xilinx_Xilibus/Yocto/poky/build/tmp/work/armv7a-vfp-neon-poky-linux-gnueabi/gcc-cross/4.8.2-r0/gcc-4.8.2/build.x86_64-linux.arm-poky-linux-gnueabi/./gcc/ -march=armv7-a -mthumb-interwork -mfloat-abi=softfp -mfpu=neon -isystem/home/daniel/Dropbox/Hobby/Zybo_Xilinx_Xilibus/Yocto/poky/build/tmp/sysroots/zedboard-zynq7/usr/include -B/home/daniel/Dropbox/Hobby/Zybo_Xilinx_Xilibus/Yocto/poky/build/tmp/sysroots/x86_64-linux/usr/arm-poky-linux-gnueabi/bin/ -B/home/daniel/Dropbox/Hobby/Zybo_Xilinx_Xilibus/Yocto/poky/build/tmp/sysroots/x86_64-linux/usr/arm-poky-linux-gnueabi/lib/ -isystem /home/daniel/Dropbox/Hobby/Zybo_Xilinx_Xilibus/Yocto/poky/build/tmp/sysroots/x86_64-linux/usr/arm-poky-linux-gnueabi/include -isystem /home/daniel/Dropbox/Hobby/Zybo_Xilinx_Xilibus/Yocto/poky/build/tmp/sysroots/x86_64-linux/usr/arm-poky-linux-gnueabi/sys-include --sysroot=/home/daniel/Dropbox/Hobby/Zybo_Xilinx_Xilibus/Yocto/poky/build/tmp/sysroots/zedboard-zynq7   option to accept ISO C89
configure:3795:  /home/daniel/Dropbox/Hobby/Zybo_Xilinx_Xilibus/Yocto/poky/build/tmp/work/armv7a-vfp-neon-poky-linux-gnueabi/gcc-cross/4.8.2-r0/gcc-4.8.2/build.x86_64-linux.arm-poky-linux-gnueabi/./gcc/xgcc -B/home/daniel/Dropbox/Hobby/Zybo_Xilinx_Xilibus/Yocto/poky/build/tmp/work/armv7a-vfp-neon-poky-linux-gnueabi/gcc-cross/4.8.2-r0/gcc-4.8.2/build.x86_64-linux.arm-poky-linux-gnueabi/./gcc/ -march=armv7-a -mthumb-interwork -mfloat-abi=softfp -mfpu=neon -isystem/home/daniel/Dropbox/Hobby/Zybo_Xilinx_Xilibus/Yocto/poky/build/tmp/sysroots/zedboard-zynq7/usr/include -B/home/daniel/Dropbox/Hobby/Zybo_Xilinx_Xilibus/Yocto/poky/build/tmp/sysroots/x86_64-linux/usr/arm-poky-linux-gnueabi/bin/ -B/home/daniel/Dropbox/Hobby/Zybo_Xilinx_Xilibus/Yocto/poky/build/tmp/sysroots/x86_64-linux/usr/arm-poky-linux-gnueabi/lib/ -isystem /home/daniel/Dropbox/Hobby/Zybo_Xilinx_Xilibus/Yocto/poky/build/tmp/sysroots/x86_64-linux/usr/arm-poky-linux-gnueabi/include -isystem /home/daniel/Dropbox/Hobby/Zybo_Xilinx_Xilibus/Yocto/poky/build/tmp/sysroots/x86_64-linux/usr/arm-poky-linux-gnueabi/sys-include --sysroot=/home/daniel/Dropbox/Hobby/Zybo_Xilinx_Xilibus/Yocto/poky/build/tmp/sysroots/zedboard-zynq7    -c -g -Os  conftest.c >&5
configure:3795: $? = 0
configure:3808: result: none needed
configure:3833: checking how to run the C preprocessor
configure:3903: result: gcc -E 
configure:3923: gcc -E   conftest.c
configure:3923: $? = 0
configure:3937: gcc -E   conftest.c
conftest.c:9:28: fatal error: ac_nonexistent.h: No such file or directory
 #include <ac_nonexistent.h>
                            ^
compilation terminated.
configure:3937: $? = 1
configure: failed program was:
| /* confdefs.h */
| #define PACKAGE_NAME "GNU C Runtime Library"
| #define PACKAGE_TARNAME "libgcc"
| #define PACKAGE_VERSION "1.0"
| #define PACKAGE_STRING "GNU C Runtime Library 1.0"
| #define PACKAGE_BUGREPORT ""
| #define PACKAGE_URL "http://www.gnu.org/software/libgcc/"
| /* end confdefs.h.  */
| #include <ac_nonexistent.h>
configure:3974: checking size of double
configure:3979:  /home/daniel/Dropbox/Hobby/Zybo_Xilinx_Xilibus/Yocto/poky/build/tmp/work/armv7a-vfp-neon-poky-linux-gnueabi/gcc-cross/4.8.2-r0/gcc-4.8.2/build.x86_64-linux.arm-poky-linux-gnueabi/./gcc/xgcc -B/home/daniel/Dropbox/Hobby/Zybo_Xilinx_Xilibus/Yocto/poky/build/tmp/work/armv7a-vfp-neon-poky-linux-gnueabi/gcc-cross/4.8.2-r0/gcc-4.8.2/build.x86_64-linux.arm-poky-linux-gnueabi/./gcc/ -march=armv7-a -mthumb-interwork -mfloat-abi=softfp -mfpu=neon -isystem/home/daniel/Dropbox/Hobby/Zybo_Xilinx_Xilibus/Yocto/poky/build/tmp/sysroots/zedboard-zynq7/usr/include -B/home/daniel/Dropbox/Hobby/Zybo_Xilinx_Xilibus/Yocto/poky/build/tmp/sysroots/x86_64-linux/usr/arm-poky-linux-gnueabi/bin/ -B/home/daniel/Dropbox/Hobby/Zybo_Xilinx_Xilibus/Yocto/poky/build/tmp/sysroots/x86_64-linux/usr/arm-poky-linux-gnueabi/lib/ -isystem /home/daniel/Dropbox/Hobby/Zybo_Xilinx_Xilibus/Yocto/poky/build/tmp/sysroots/x86_64-linux/usr/arm-poky-linux-gnueabi/include -isystem /home/daniel/Dropbox/Hobby/Zybo_Xilinx_Xilibus/Yocto/poky/build/tmp/sysroots/x86_64-linux/usr/arm-poky-linux-gnueabi/sys-include --sysroot=/home/daniel/Dropbox/Hobby/Zybo_Xilinx_Xilibus/Yocto/poky/build/tmp/sysroots/zedboard-zynq7   -c -g -Os  conftest.c >&5
configure:3979: $? = 0
configure:3979:  /home/daniel/Dropbox/Hobby/Zybo_Xilinx_Xilibus/Yocto/poky/build/tmp/work/armv7a-vfp-neon-poky-linux-gnueabi/gcc-cross/4.8.2-r0/gcc-4.8.2/build.x86_64-linux.arm-poky-linux-gnueabi/./gcc/xgcc -B/home/daniel/Dropbox/Hobby/Zybo_Xilinx_Xilibus/Yocto/poky/build/tmp/work/armv7a-vfp-neon-poky-linux-gnueabi/gcc-cross/4.8.2-r0/gcc-4.8.2/build.x86_64-linux.arm-poky-linux-gnueabi/./gcc/ -march=armv7-a -mthumb-interwork -mfloat-abi=softfp -mfpu=neon -isystem/home/daniel/Dropbox/Hobby/Zybo_Xilinx_Xilibus/Yocto/poky/build/tmp/sysroots/zedboard-zynq7/usr/include -B/home/daniel/Dropbox/Hobby/Zybo_Xilinx_Xilibus/Yocto/poky/build/tmp/sysroots/x86_64-linux/usr/arm-poky-linux-gnueabi/bin/ -B/home/daniel/Dropbox/Hobby/Zybo_Xilinx_Xilibus/Yocto/poky/build/tmp/sysroots/x86_64-linux/usr/arm-poky-linux-gnueabi/lib/ -isystem /home/daniel/Dropbox/Hobby/Zybo_Xilinx_Xilibus/Yocto/poky/build/tmp/sysroots/x86_64-linux/usr/arm-poky-linux-gnueabi/include -isystem /home/daniel/Dropbox/Hobby/Zybo_Xilinx_Xilibus/Yocto/poky/build/tmp/sysroots/x86_64-linux/usr/arm-poky-linux-gnueabi/sys-include --sysroot=/home/daniel/Dropbox/Hobby/Zybo_Xilinx_Xilibus/Yocto/poky/build/tmp/sysroots/zedboard-zynq7   -c -g -Os  conftest.c >&5
conftest.c: In function 'main':
conftest.c:13:12: error: size of array 'test_array' is negative
 static int test_array [1 - 2 * !(((long int) (sizeof (double))) <= 0)];
            ^
configure:3979: $? = 1
configure: failed program was:
| /* confdefs.h */
| #define PACKAGE_NAME "GNU C Runtime Library"
| #define PACKAGE_TARNAME "libgcc"
| #define PACKAGE_VERSION "1.0"
| #define PACKAGE_STRING "GNU C Runtime Library 1.0"
| #define PACKAGE_BUGREPORT ""
| #define PACKAGE_URL "http://www.gnu.org/software/libgcc/"
| /* end confdefs.h.  */
| /* none */
| int
| main ()
| {
| static int test_array [1 - 2 * !(((long int) (sizeof (double))) <= 0)];
| test_array [0] = 0
| 
|   ;
|   return 0;
| }
configure:3979:  /home/daniel/Dropbox/Hobby/Zybo_Xilinx_Xilibus/Yocto/poky/build/tmp/work/armv7a-vfp-neon-poky-linux-gnueabi/gcc-cross/4.8.2-r0/gcc-4.8.2/build.x86_64-linux.arm-poky-linux-gnueabi/./gcc/xgcc -B/home/daniel/Dropbox/Hobby/Zybo_Xilinx_Xilibus/Yocto/poky/build/tmp/work/armv7a-vfp-neon-poky-linux-gnueabi/gcc-cross/4.8.2-r0/gcc-4.8.2/build.x86_64-linux.arm-poky-linux-gnueabi/./gcc/ -march=armv7-a -mthumb-interwork -mfloat-abi=softfp -mfpu=neon -isystem/home/daniel/Dropbox/Hobby/Zybo_Xilinx_Xilibus/Yocto/poky/build/tmp/sysroots/zedboard-zynq7/usr/include -B/home/daniel/Dropbox/Hobby/Zybo_Xilinx_Xilibus/Yocto/poky/build/tmp/sysroots/x86_64-linux/usr/arm-poky-linux-gnueabi/bin/ -B/home/daniel/Dropbox/Hobby/Zybo_Xilinx_Xilibus/Yocto/poky/build/tmp/sysroots/x86_64-linux/usr/arm-poky-linux-gnueabi/lib/ -isystem /home/daniel/Dropbox/Hobby/Zybo_Xilinx_Xilibus/Yocto/poky/build/tmp/sysroots/x86_64-linux/usr/arm-poky-linux-gnueabi/include -isystem /home/daniel/Dropbox/Hobby/Zybo_Xilinx_Xilibus/Yocto/poky/build/tmp/sysroots/x86_64-linux/usr/arm-poky-linux-gnueabi/sys-include --sysroot=/home/daniel/Dropbox/Hobby/Zybo_Xilinx_Xilibus/Yocto/poky/build/tmp/sysroots/zedboard-zynq7   -c -g -Os  conftest.c >&5
conftest.c: In function 'main':
conftest.c:13:12: error: size of array 'test_array' is negative
 static int test_array [1 - 2 * !(((long int) (sizeof (double))) <= 1)];
            ^
configure:3979: $? = 1
configure: failed program was:
| /* confdefs.h */
| #define PACKAGE_NAME "GNU C Runtime Library"
| #define PACKAGE_TARNAME "libgcc"
| #define PACKAGE_VERSION "1.0"
| #define PACKAGE_STRING "GNU C Runtime Library 1.0"
| #define PACKAGE_BUGREPORT ""
| #define PACKAGE_URL "http://www.gnu.org/software/libgcc/"
| /* end confdefs.h.  */
| /* none */
| int
| main ()
| {
| static int test_array [1 - 2 * !(((long int) (sizeof (double))) <= 1)];
| test_array [0] = 0
| 
|   ;
|   return 0;
| }
configure:3979:  /home/daniel/Dropbox/Hobby/Zybo_Xilinx_Xilibus/Yocto/poky/build/tmp/work/armv7a-vfp-neon-poky-linux-gnueabi/gcc-cross/4.8.2-r0/gcc-4.8.2/build.x86_64-linux.arm-poky-linux-gnueabi/./gcc/xgcc -B/home/daniel/Dropbox/Hobby/Zybo_Xilinx_Xilibus/Yocto/poky/build/tmp/work/armv7a-vfp-neon-poky-linux-gnueabi/gcc-cross/4.8.2-r0/gcc-4.8.2/build.x86_64-linux.arm-poky-linux-gnueabi/./gcc/ -march=armv7-a -mthumb-interwork -mfloat-abi=softfp -mfpu=neon -isystem/home/daniel/Dropbox/Hobby/Zybo_Xilinx_Xilibus/Yocto/poky/build/tmp/sysroots/zedboard-zynq7/usr/include -B/home/daniel/Dropbox/Hobby/Zybo_Xilinx_Xilibus/Yocto/poky/build/tmp/sysroots/x86_64-linux/usr/arm-poky-linux-gnueabi/bin/ -B/home/daniel/Dropbox/Hobby/Zybo_Xilinx_Xilibus/Yocto/poky/build/tmp/sysroots/x86_64-linux/usr/arm-poky-linux-gnueabi/lib/ -isystem /home/daniel/Dropbox/Hobby/Zybo_Xilinx_Xilibus/Yocto/poky/build/tmp/sysroots/x86_64-linux/usr/arm-poky-linux-gnueabi/include -isystem /home/daniel/Dropbox/Hobby/Zybo_Xilinx_Xilibus/Yocto/poky/build/tmp/sysroots/x86_64-linux/usr/arm-poky-linux-gnueabi/sys-include --sysroot=/home/daniel/Dropbox/Hobby/Zybo_Xilinx_Xilibus/Yocto/poky/build/tmp/sysroots/zedboard-zynq7   -c -g -Os  conftest.c >&5
conftest.c: In function 'main':
conftest.c:13:12: error: size of array 'test_array' is negative
 static int test_array [1 - 2 * !(((long int) (sizeof (double))) <= 3)];
            ^
configure:3979: $? = 1
configure: failed program was:
| /* confdefs.h */
| #define PACKAGE_NAME "GNU C Runtime Library"
| #define PACKAGE_TARNAME "libgcc"
| #define PACKAGE_VERSION "1.0"
| #define PACKAGE_STRING "GNU C Runtime Library 1.0"
| #define PACKAGE_BUGREPORT ""
| #define PACKAGE_URL "http://www.gnu.org/software/libgcc/"
| /* end confdefs.h.  */
| /* none */
| int
| main ()
| {
| static int test_array [1 - 2 * !(((long int) (sizeof (double))) <= 3)];
| test_array [0] = 0
| 
|   ;
|   return 0;
| }
configure:3979:  /home/daniel/Dropbox/Hobby/Zybo_Xilinx_Xilibus/Yocto/poky/build/tmp/work/armv7a-vfp-neon-poky-linux-gnueabi/gcc-cross/4.8.2-r0/gcc-4.8.2/build.x86_64-linux.arm-poky-linux-gnueabi/./gcc/xgcc -B/home/daniel/Dropbox/Hobby/Zybo_Xilinx_Xilibus/Yocto/poky/build/tmp/work/armv7a-vfp-neon-poky-linux-gnueabi/gcc-cross/4.8.2-r0/gcc-4.8.2/build.x86_64-linux.arm-poky-linux-gnueabi/./gcc/ -march=armv7-a -mthumb-interwork -mfloat-abi=softfp -mfpu=neon -isystem/home/daniel/Dropbox/Hobby/Zybo_Xilinx_Xilibus/Yocto/poky/build/tmp/sysroots/zedboard-zynq7/usr/include -B/home/daniel/Dropbox/Hobby/Zybo_Xilinx_Xilibus/Yocto/poky/build/tmp/sysroots/x86_64-linux/usr/arm-poky-linux-gnueabi/bin/ -B/home/daniel/Dropbox/Hobby/Zybo_Xilinx_Xilibus/Yocto/poky/build/tmp/sysroots/x86_64-linux/usr/arm-poky-linux-gnueabi/lib/ -isystem /home/daniel/Dropbox/Hobby/Zybo_Xilinx_Xilibus/Yocto/poky/build/tmp/sysroots/x86_64-linux/usr/arm-poky-linux-gnueabi/include -isystem /home/daniel/Dropbox/Hobby/Zybo_Xilinx_Xilibus/Yocto/poky/build/tmp/sysroots/x86_64-linux/usr/arm-poky-linux-gnueabi/sys-include --sysroot=/home/daniel/Dropbox/Hobby/Zybo_Xilinx_Xilibus/Yocto/poky/build/tmp/sysroots/zedboard-zynq7   -c -g -Os  conftest.c >&5
conftest.c: In function 'main':
conftest.c:13:12: error: size of array 'test_array' is negative
 static int test_array [1 - 2 * !(((long int) (sizeof (double))) <= 7)];
            ^
configure:3979: $? = 1
configure: failed program was:
| /* confdefs.h */
| #define PACKAGE_NAME "GNU C Runtime Library"
| #define PACKAGE_TARNAME "libgcc"
| #define PACKAGE_VERSION "1.0"
| #define PACKAGE_STRING "GNU C Runtime Library 1.0"
| #define PACKAGE_BUGREPORT ""
| #define PACKAGE_URL "http://www.gnu.org/software/libgcc/"
| /* end confdefs.h.  */
| /* none */
| int
| main ()
| {
| static int test_array [1 - 2 * !(((long int) (sizeof (double))) <= 7)];
| test_array [0] = 0
| 
|   ;
|   return 0;
| }
configure:3979:  /home/daniel/Dropbox/Hobby/Zybo_Xilinx_Xilibus/Yocto/poky/build/tmp/work/armv7a-vfp-neon-poky-linux-gnueabi/gcc-cross/4.8.2-r0/gcc-4.8.2/build.x86_64-linux.arm-poky-linux-gnueabi/./gcc/xgcc -B/home/daniel/Dropbox/Hobby/Zybo_Xilinx_Xilibus/Yocto/poky/build/tmp/work/armv7a-vfp-neon-poky-linux-gnueabi/gcc-cross/4.8.2-r0/gcc-4.8.2/build.x86_64-linux.arm-poky-linux-gnueabi/./gcc/ -march=armv7-a -mthumb-interwork -mfloat-abi=softfp -mfpu=neon -isystem/home/daniel/Dropbox/Hobby/Zybo_Xilinx_Xilibus/Yocto/poky/build/tmp/sysroots/zedboard-zynq7/usr/include -B/home/daniel/Dropbox/Hobby/Zybo_Xilinx_Xilibus/Yocto/poky/build/tmp/sysroots/x86_64-linux/usr/arm-poky-linux-gnueabi/bin/ -B/home/daniel/Dropbox/Hobby/Zybo_Xilinx_Xilibus/Yocto/poky/build/tmp/sysroots/x86_64-linux/usr/arm-poky-linux-gnueabi/lib/ -isystem /home/daniel/Dropbox/Hobby/Zybo_Xilinx_Xilibus/Yocto/poky/build/tmp/sysroots/x86_64-linux/usr/arm-poky-linux-gnueabi/include -isystem /home/daniel/Dropbox/Hobby/Zybo_Xilinx_Xilibus/Yocto/poky/build/tmp/sysroots/x86_64-linux/usr/arm-poky-linux-gnueabi/sys-include --sysroot=/home/daniel/Dropbox/Hobby/Zybo_Xilinx_Xilibus/Yocto/poky/build/tmp/sysroots/zedboard-zynq7   -c -g -Os  conftest.c >&5
configure:3979: $? = 0
configure:3979:  /home/daniel/Dropbox/Hobby/Zybo_Xilinx_Xilibus/Yocto/poky/build/tmp/work/armv7a-vfp-neon-poky-linux-gnueabi/gcc-cross/4.8.2-r0/gcc-4.8.2/build.x86_64-linux.arm-poky-linux-gnueabi/./gcc/xgcc -B/home/daniel/Dropbox/Hobby/Zybo_Xilinx_Xilibus/Yocto/poky/build/tmp/work/armv7a-vfp-neon-poky-linux-gnueabi/gcc-cross/4.8.2-r0/gcc-4.8.2/build.x86_64-linux.arm-poky-linux-gnueabi/./gcc/ -march=armv7-a -mthumb-interwork -mfloat-abi=softfp -mfpu=neon -isystem/home/daniel/Dropbox/Hobby/Zybo_Xilinx_Xilibus/Yocto/poky/build/tmp/sysroots/zedboard-zynq7/usr/include -B/home/daniel/Dropbox/Hobby/Zybo_Xilinx_Xilibus/Yocto/poky/build/tmp/sysroots/x86_64-linux/usr/arm-poky-linux-gnueabi/bin/ -B/home/daniel/Dropbox/Hobby/Zybo_Xilinx_Xilibus/Yocto/poky/build/tmp/sysroots/x86_64-linux/usr/arm-poky-linux-gnueabi/lib/ -isystem /home/daniel/Dropbox/Hobby/Zybo_Xilinx_Xilibus/Yocto/poky/build/tmp/sysroots/x86_64-linux/usr/arm-poky-linux-gnueabi/include -isystem /home/daniel/Dropbox/Hobby/Zybo_Xilinx_Xilibus/Yocto/poky/build/tmp/sysroots/x86_64-linux/usr/arm-poky-linux-gnueabi/sys-include --sysroot=/home/daniel/Dropbox/Hobby/Zybo_Xilinx_Xilibus/Yocto/poky/build/tmp/sysroots/zedboard-zynq7   -c -g -Os  conftest.c >&5
configure:3979: $? = 0
configure:3979:  /home/daniel/Dropbox/Hobby/Zybo_Xilinx_Xilibus/Yocto/poky/build/tmp/work/armv7a-vfp-neon-poky-linux-gnueabi/gcc-cross/4.8.2-r0/gcc-4.8.2/build.x86_64-linux.arm-poky-linux-gnueabi/./gcc/xgcc -B/home/daniel/Dropbox/Hobby/Zybo_Xilinx_Xilibus/Yocto/poky/build/tmp/work/armv7a-vfp-neon-poky-linux-gnueabi/gcc-cross/4.8.2-r0/gcc-4.8.2/build.x86_64-linux.arm-poky-linux-gnueabi/./gcc/ -march=armv7-a -mthumb-interwork -mfloat-abi=softfp -mfpu=neon -isystem/home/daniel/Dropbox/Hobby/Zybo_Xilinx_Xilibus/Yocto/poky/build/tmp/sysroots/zedboard-zynq7/usr/include -B/home/daniel/Dropbox/Hobby/Zybo_Xilinx_Xilibus/Yocto/poky/build/tmp/sysroots/x86_64-linux/usr/arm-poky-linux-gnueabi/bin/ -B/home/daniel/Dropbox/Hobby/Zybo_Xilinx_Xilibus/Yocto/poky/build/tmp/sysroots/x86_64-linux/usr/arm-poky-linux-gnueabi/lib/ -isystem /home/daniel/Dropbox/Hobby/Zybo_Xilinx_Xilibus/Yocto/poky/build/tmp/sysroots/x86_64-linux/usr/arm-poky-linux-gnueabi/include -isystem /home/daniel/Dropbox/Hobby/Zybo_Xilinx_Xilibus/Yocto/poky/build/tmp/sysroots/x86_64-linux/usr/arm-poky-linux-gnueabi/sys-include --sysroot=/home/daniel/Dropbox/Hobby/Zybo_Xilinx_Xilibus/Yocto/poky/build/tmp/sysroots/zedboard-zynq7   -c -g -Os  conftest.c >&5
configure:3979: $? = 0
configure:3979:  /home/daniel/Dropbox/Hobby/Zybo_Xilinx_Xilibus/Yocto/poky/build/tmp/work/armv7a-vfp-neon-poky-linux-gnueabi/gcc-cross/4.8.2-r0/gcc-4.8.2/build.x86_64-linux.arm-poky-linux-gnueabi/./gcc/xgcc -B/home/daniel/Dropbox/Hobby/Zybo_Xilinx_Xilibus/Yocto/poky/build/tmp/work/armv7a-vfp-neon-poky-linux-gnueabi/gcc-cross/4.8.2-r0/gcc-4.8.2/build.x86_64-linux.arm-poky-linux-gnueabi/./gcc/ -march=armv7-a -mthumb-interwork -mfloat-abi=softfp -mfpu=neon -isystem/home/daniel/Dropbox/Hobby/Zybo_Xilinx_Xilibus/Yocto/poky/build/tmp/sysroots/zedboard-zynq7/usr/include -B/home/daniel/Dropbox/Hobby/Zybo_Xilinx_Xilibus/Yocto/poky/build/tmp/sysroots/x86_64-linux/usr/arm-poky-linux-gnueabi/bin/ -B/home/daniel/Dropbox/Hobby/Zybo_Xilinx_Xilibus/Yocto/poky/build/tmp/sysroots/x86_64-linux/usr/arm-poky-linux-gnueabi/lib/ -isystem /home/daniel/Dropbox/Hobby/Zybo_Xilinx_Xilibus/Yocto/poky/build/tmp/sysroots/x86_64-linux/usr/arm-poky-linux-gnueabi/include -isystem /home/daniel/Dropbox/Hobby/Zybo_Xilinx_Xilibus/Yocto/poky/build/tmp/sysroots/x86_64-linux/usr/arm-poky-linux-gnueabi/sys-include --sysroot=/home/daniel/Dropbox/Hobby/Zybo_Xilinx_Xilibus/Yocto/poky/build/tmp/sysroots/zedboard-zynq7   -c -g -Os  conftest.c >&5
configure:3979: $? = 0
configure:3994: result: 8
configure:4008: checking size of long double
configure:4013:  /home/daniel/Dropbox/Hobby/Zybo_Xilinx_Xilibus/Yocto/poky/build/tmp/work/armv7a-vfp-neon-poky-linux-gnueabi/gcc-cross/4.8.2-r0/gcc-4.8.2/build.x86_64-linux.arm-poky-linux-gnueabi/./gcc/xgcc -B/home/daniel/Dropbox/Hobby/Zybo_Xilinx_Xilibus/Yocto/poky/build/tmp/work/armv7a-vfp-neon-poky-linux-gnueabi/gcc-cross/4.8.2-r0/gcc-4.8.2/build.x86_64-linux.arm-poky-linux-gnueabi/./gcc/ -march=armv7-a -mthumb-interwork -mfloat-abi=softfp -mfpu=neon -isystem/home/daniel/Dropbox/Hobby/Zybo_Xilinx_Xilibus/Yocto/poky/build/tmp/sysroots/zedboard-zynq7/usr/include -B/home/daniel/Dropbox/Hobby/Zybo_Xilinx_Xilibus/Yocto/poky/build/tmp/sysroots/x86_64-linux/usr/arm-poky-linux-gnueabi/bin/ -B/home/daniel/Dropbox/Hobby/Zybo_Xilinx_Xilibus/Yocto/poky/build/tmp/sysroots/x86_64-linux/usr/arm-poky-linux-gnueabi/lib/ -isystem /home/daniel/Dropbox/Hobby/Zybo_Xilinx_Xilibus/Yocto/poky/build/tmp/sysroots/x86_64-linux/usr/arm-poky-linux-gnueabi/include -isystem /home/daniel/Dropbox/Hobby/Zybo_Xilinx_Xilibus/Yocto/poky/build/tmp/sysroots/x86_64-linux/usr/arm-poky-linux-gnueabi/sys-include --sysroot=/home/daniel/Dropbox/Hobby/Zybo_Xilinx_Xilibus/Yocto/poky/build/tmp/sysroots/zedboard-zynq7   -c -g -Os  conftest.c >&5
configure:4013: $? = 0
configure:4013:  /home/daniel/Dropbox/Hobby/Zybo_Xilinx_Xilibus/Yocto/poky/build/tmp/work/armv7a-vfp-neon-poky-linux-gnueabi/gcc-cross/4.8.2-r0/gcc-4.8.2/build.x86_64-linux.arm-poky-linux-gnueabi/./gcc/xgcc -B/home/daniel/Dropbox/Hobby/Zybo_Xilinx_Xilibus/Yocto/poky/build/tmp/work/armv7a-vfp-neon-poky-linux-gnueabi/gcc-cross/4.8.2-r0/gcc-4.8.2/build.x86_64-linux.arm-poky-linux-gnueabi/./gcc/ -march=armv7-a -mthumb-interwork -mfloat-abi=softfp -mfpu=neon -isystem/home/daniel/Dropbox/Hobby/Zybo_Xilinx_Xilibus/Yocto/poky/build/tmp/sysroots/zedboard-zynq7/usr/include -B/home/daniel/Dropbox/Hobby/Zybo_Xilinx_Xilibus/Yocto/poky/build/tmp/sysroots/x86_64-linux/usr/arm-poky-linux-gnueabi/bin/ -B/home/daniel/Dropbox/Hobby/Zybo_Xilinx_Xilibus/Yocto/poky/build/tmp/sysroots/x86_64-linux/usr/arm-poky-linux-gnueabi/lib/ -isystem /home/daniel/Dropbox/Hobby/Zybo_Xilinx_Xilibus/Yocto/poky/build/tmp/sysroots/x86_64-linux/usr/arm-poky-linux-gnueabi/include -isystem /home/daniel/Dropbox/Hobby/Zybo_Xilinx_Xilibus/Yocto/poky/build/tmp/sysroots/x86_64-linux/usr/arm-poky-linux-gnueabi/sys-include --sysroot=/home/daniel/Dropbox/Hobby/Zybo_Xilinx_Xilibus/Yocto/poky/build/tmp/sysroots/zedboard-zynq7   -c -g -Os  conftest.c >&5
conftest.c: In function 'main':
conftest.c:14:12: error: size of array 'test_array' is negative
 static int test_array [1 - 2 * !(((long int) (sizeof (long double))) <= 0)];
            ^
configure:4013: $? = 1
configure: failed program was:
| /* confdefs.h */
| #define PACKAGE_NAME "GNU C Runtime Library"
| #define PACKAGE_TARNAME "libgcc"
| #define PACKAGE_VERSION "1.0"
| #define PACKAGE_STRING "GNU C Runtime Library 1.0"
| #define PACKAGE_BUGREPORT ""
| #define PACKAGE_URL "http://www.gnu.org/software/libgcc/"
| #define SIZEOF_DOUBLE 8
| /* end confdefs.h.  */
| /* none */
| int
| main ()
| {
| static int test_array [1 - 2 * !(((long int) (sizeof (long double))) <= 0)];
| test_array [0] = 0
| 
|   ;
|   return 0;
| }
configure:4013:  /home/daniel/Dropbox/Hobby/Zybo_Xilinx_Xilibus/Yocto/poky/build/tmp/work/armv7a-vfp-neon-poky-linux-gnueabi/gcc-cross/4.8.2-r0/gcc-4.8.2/build.x86_64-linux.arm-poky-linux-gnueabi/./gcc/xgcc -B/home/daniel/Dropbox/Hobby/Zybo_Xilinx_Xilibus/Yocto/poky/build/tmp/work/armv7a-vfp-neon-poky-linux-gnueabi/gcc-cross/4.8.2-r0/gcc-4.8.2/build.x86_64-linux.arm-poky-linux-gnueabi/./gcc/ -march=armv7-a -mthumb-interwork -mfloat-abi=softfp -mfpu=neon -isystem/home/daniel/Dropbox/Hobby/Zybo_Xilinx_Xilibus/Yocto/poky/build/tmp/sysroots/zedboard-zynq7/usr/include -B/home/daniel/Dropbox/Hobby/Zybo_Xilinx_Xilibus/Yocto/poky/build/tmp/sysroots/x86_64-linux/usr/arm-poky-linux-gnueabi/bin/ -B/home/daniel/Dropbox/Hobby/Zybo_Xilinx_Xilibus/Yocto/poky/build/tmp/sysroots/x86_64-linux/usr/arm-poky-linux-gnueabi/lib/ -isystem /home/daniel/Dropbox/Hobby/Zybo_Xilinx_Xilibus/Yocto/poky/build/tmp/sysroots/x86_64-linux/usr/arm-poky-linux-gnueabi/include -isystem /home/daniel/Dropbox/Hobby/Zybo_Xilinx_Xilibus/Yocto/poky/build/tmp/sysroots/x86_64-linux/usr/arm-poky-linux-gnueabi/sys-include --sysroot=/home/daniel/Dropbox/Hobby/Zybo_Xilinx_Xilibus/Yocto/poky/build/tmp/sysroots/zedboard-zynq7   -c -g -Os  conftest.c >&5
conftest.c: In function 'main':
conftest.c:14:12: error: size of array 'test_array' is negative
 static int test_array [1 - 2 * !(((long int) (sizeof (long double))) <= 1)];
            ^
configure:4013: $? = 1
configure: failed program was:
| /* confdefs.h */
| #define PACKAGE_NAME "GNU C Runtime Library"
| #define PACKAGE_TARNAME "libgcc"
| #define PACKAGE_VERSION "1.0"
| #define PACKAGE_STRING "GNU C Runtime Library 1.0"
| #define PACKAGE_BUGREPORT ""
| #define PACKAGE_URL "http://www.gnu.org/software/libgcc/"
| #define SIZEOF_DOUBLE 8
| /* end confdefs.h.  */
| /* none */
| int
| main ()
| {
| static int test_array [1 - 2 * !(((long int) (sizeof (long double))) <= 1)];
| test_array [0] = 0
| 
|   ;
|   return 0;
| }
configure:4013:  /home/daniel/Dropbox/Hobby/Zybo_Xilinx_Xilibus/Yocto/poky/build/tmp/work/armv7a-vfp-neon-poky-linux-gnueabi/gcc-cross/4.8.2-r0/gcc-4.8.2/build.x86_64-linux.arm-poky-linux-gnueabi/./gcc/xgcc -B/home/daniel/Dropbox/Hobby/Zybo_Xilinx_Xilibus/Yocto/poky/build/tmp/work/armv7a-vfp-neon-poky-linux-gnueabi/gcc-cross/4.8.2-r0/gcc-4.8.2/build.x86_64-linux.arm-poky-linux-gnueabi/./gcc/ -march=armv7-a -mthumb-interwork -mfloat-abi=softfp -mfpu=neon -isystem/home/daniel/Dropbox/Hobby/Zybo_Xilinx_Xilibus/Yocto/poky/build/tmp/sysroots/zedboard-zynq7/usr/include -B/home/daniel/Dropbox/Hobby/Zybo_Xilinx_Xilibus/Yocto/poky/build/tmp/sysroots/x86_64-linux/usr/arm-poky-linux-gnueabi/bin/ -B/home/daniel/Dropbox/Hobby/Zybo_Xilinx_Xilibus/Yocto/poky/build/tmp/sysroots/x86_64-linux/usr/arm-poky-linux-gnueabi/lib/ -isystem /home/daniel/Dropbox/Hobby/Zybo_Xilinx_Xilibus/Yocto/poky/build/tmp/sysroots/x86_64-linux/usr/arm-poky-linux-gnueabi/include -isystem /home/daniel/Dropbox/Hobby/Zybo_Xilinx_Xilibus/Yocto/poky/build/tmp/sysroots/x86_64-linux/usr/arm-poky-linux-gnueabi/sys-include --sysroot=/home/daniel/Dropbox/Hobby/Zybo_Xilinx_Xilibus/Yocto/poky/build/tmp/sysroots/zedboard-zynq7   -c -g -Os  conftest.c >&5
conftest.c: In function 'main':
conftest.c:14:12: error: size of array 'test_array' is negative
 static int test_array [1 - 2 * !(((long int) (sizeof (long double))) <= 3)];
            ^
configure:4013: $? = 1
configure: failed program was:
| /* confdefs.h */
| #define PACKAGE_NAME "GNU C Runtime Library"
| #define PACKAGE_TARNAME "libgcc"
| #define PACKAGE_VERSION "1.0"
| #define PACKAGE_STRING "GNU C Runtime Library 1.0"
| #define PACKAGE_BUGREPORT ""
| #define PACKAGE_URL "http://www.gnu.org/software/libgcc/"
| #define SIZEOF_DOUBLE 8
| /* end confdefs.h.  */
| /* none */
| int
| main ()
| {
| static int test_array [1 - 2 * !(((long int) (sizeof (long double))) <= 3)];
| test_array [0] = 0
| 
|   ;
|   return 0;
| }
configure:4013:  /home/daniel/Dropbox/Hobby/Zybo_Xilinx_Xilibus/Yocto/poky/build/tmp/work/armv7a-vfp-neon-poky-linux-gnueabi/gcc-cross/4.8.2-r0/gcc-4.8.2/build.x86_64-linux.arm-poky-linux-gnueabi/./gcc/xgcc -B/home/daniel/Dropbox/Hobby/Zybo_Xilinx_Xilibus/Yocto/poky/build/tmp/work/armv7a-vfp-neon-poky-linux-gnueabi/gcc-cross/4.8.2-r0/gcc-4.8.2/build.x86_64-linux.arm-poky-linux-gnueabi/./gcc/ -march=armv7-a -mthumb-interwork -mfloat-abi=softfp -mfpu=neon -isystem/home/daniel/Dropbox/Hobby/Zybo_Xilinx_Xilibus/Yocto/poky/build/tmp/sysroots/zedboard-zynq7/usr/include -B/home/daniel/Dropbox/Hobby/Zybo_Xilinx_Xilibus/Yocto/poky/build/tmp/sysroots/x86_64-linux/usr/arm-poky-linux-gnueabi/bin/ -B/home/daniel/Dropbox/Hobby/Zybo_Xilinx_Xilibus/Yocto/poky/build/tmp/sysroots/x86_64-linux/usr/arm-poky-linux-gnueabi/lib/ -isystem /home/daniel/Dropbox/Hobby/Zybo_Xilinx_Xilibus/Yocto/poky/build/tmp/sysroots/x86_64-linux/usr/arm-poky-linux-gnueabi/include -isystem /home/daniel/Dropbox/Hobby/Zybo_Xilinx_Xilibus/Yocto/poky/build/tmp/sysroots/x86_64-linux/usr/arm-poky-linux-gnueabi/sys-include --sysroot=/home/daniel/Dropbox/Hobby/Zybo_Xilinx_Xilibus/Yocto/poky/build/tmp/sysroots/zedboard-zynq7   -c -g -Os  conftest.c >&5
conftest.c: In function 'main':
conftest.c:14:12: error: size of array 'test_array' is negative
 static int test_array [1 - 2 * !(((long int) (sizeof (long double))) <= 7)];
            ^
configure:4013: $? = 1
configure: failed program was:
| /* confdefs.h */
| #define PACKAGE_NAME "GNU C Runtime Library"
| #define PACKAGE_TARNAME "libgcc"
| #define PACKAGE_VERSION "1.0"
| #define PACKAGE_STRING "GNU C Runtime Library 1.0"
| #define PACKAGE_BUGREPORT ""
| #define PACKAGE_URL "http://www.gnu.org/software/libgcc/"
| #define SIZEOF_DOUBLE 8
| /* end confdefs.h.  */
| /* none */
| int
| main ()
| {
| static int test_array [1 - 2 * !(((long int) (sizeof (long double))) <= 7)];
| test_array [0] = 0
| 
|   ;
|   return 0;
| }
configure:4013:  /home/daniel/Dropbox/Hobby/Zybo_Xilinx_Xilibus/Yocto/poky/build/tmp/work/armv7a-vfp-neon-poky-linux-gnueabi/gcc-cross/4.8.2-r0/gcc-4.8.2/build.x86_64-linux.arm-poky-linux-gnueabi/./gcc/xgcc -B/home/daniel/Dropbox/Hobby/Zybo_Xilinx_Xilibus/Yocto/poky/build/tmp/work/armv7a-vfp-neon-poky-linux-gnueabi/gcc-cross/4.8.2-r0/gcc-4.8.2/build.x86_64-linux.arm-poky-linux-gnueabi/./gcc/ -march=armv7-a -mthumb-interwork -mfloat-abi=softfp -mfpu=neon -isystem/home/daniel/Dropbox/Hobby/Zybo_Xilinx_Xilibus/Yocto/poky/build/tmp/sysroots/zedboard-zynq7/usr/include -B/home/daniel/Dropbox/Hobby/Zybo_Xilinx_Xilibus/Yocto/poky/build/tmp/sysroots/x86_64-linux/usr/arm-poky-linux-gnueabi/bin/ -B/home/daniel/Dropbox/Hobby/Zybo_Xilinx_Xilibus/Yocto/poky/build/tmp/sysroots/x86_64-linux/usr/arm-poky-linux-gnueabi/lib/ -isystem /home/daniel/Dropbox/Hobby/Zybo_Xilinx_Xilibus/Yocto/poky/build/tmp/sysroots/x86_64-linux/usr/arm-poky-linux-gnueabi/include -isystem /home/daniel/Dropbox/Hobby/Zybo_Xilinx_Xilibus/Yocto/poky/build/tmp/sysroots/x86_64-linux/usr/arm-poky-linux-gnueabi/sys-include --sysroot=/home/daniel/Dropbox/Hobby/Zybo_Xilinx_Xilibus/Yocto/poky/build/tmp/sysroots/zedboard-zynq7   -c -g -Os  conftest.c >&5
configure:4013: $? = 0
configure:4013:  /home/daniel/Dropbox/Hobby/Zybo_Xilinx_Xilibus/Yocto/poky/build/tmp/work/armv7a-vfp-neon-poky-linux-gnueabi/gcc-cross/4.8.2-r0/gcc-4.8.2/build.x86_64-linux.arm-poky-linux-gnueabi/./gcc/xgcc -B/home/daniel/Dropbox/Hobby/Zybo_Xilinx_Xilibus/Yocto/poky/build/tmp/work/armv7a-vfp-neon-poky-linux-gnueabi/gcc-cross/4.8.2-r0/gcc-4.8.2/build.x86_64-linux.arm-poky-linux-gnueabi/./gcc/ -march=armv7-a -mthumb-interwork -mfloat-abi=softfp -mfpu=neon -isystem/home/daniel/Dropbox/Hobby/Zybo_Xilinx_Xilibus/Yocto/poky/build/tmp/sysroots/zedboard-zynq7/usr/include -B/home/daniel/Dropbox/Hobby/Zybo_Xilinx_Xilibus/Yocto/poky/build/tmp/sysroots/x86_64-linux/usr/arm-poky-linux-gnueabi/bin/ -B/home/daniel/Dropbox/Hobby/Zybo_Xilinx_Xilibus/Yocto/poky/build/tmp/sysroots/x86_64-linux/usr/arm-poky-linux-gnueabi/lib/ -isystem /home/daniel/Dropbox/Hobby/Zybo_Xilinx_Xilibus/Yocto/poky/build/tmp/sysroots/x86_64-linux/usr/arm-poky-linux-gnueabi/include -isystem /home/daniel/Dropbox/Hobby/Zybo_Xilinx_Xilibus/Yocto/poky/build/tmp/sysroots/x86_64-linux/usr/arm-poky-linux-gnueabi/sys-include --sysroot=/home/daniel/Dropbox/Hobby/Zybo_Xilinx_Xilibus/Yocto/poky/build/tmp/sysroots/zedboard-zynq7   -c -g -Os  conftest.c >&5
configure:4013: $? = 0
configure:4013:  /home/daniel/Dropbox/Hobby/Zybo_Xilinx_Xilibus/Yocto/poky/build/tmp/work/armv7a-vfp-neon-poky-linux-gnueabi/gcc-cross/4.8.2-r0/gcc-4.8.2/build.x86_64-linux.arm-poky-linux-gnueabi/./gcc/xgcc -B/home/daniel/Dropbox/Hobby/Zybo_Xilinx_Xilibus/Yocto/poky/build/tmp/work/armv7a-vfp-neon-poky-linux-gnueabi/gcc-cross/4.8.2-r0/gcc-4.8.2/build.x86_64-linux.arm-poky-linux-gnueabi/./gcc/ -march=armv7-a -mthumb-interwork -mfloat-abi=softfp -mfpu=neon -isystem/home/daniel/Dropbox/Hobby/Zybo_Xilinx_Xilibus/Yocto/poky/build/tmp/sysroots/zedboard-zynq7/usr/include -B/home/daniel/Dropbox/Hobby/Zybo_Xilinx_Xilibus/Yocto/poky/build/tmp/sysroots/x86_64-linux/usr/arm-poky-linux-gnueabi/bin/ -B/home/daniel/Dropbox/Hobby/Zybo_Xilinx_Xilibus/Yocto/poky/build/tmp/sysroots/x86_64-linux/usr/arm-poky-linux-gnueabi/lib/ -isystem /home/daniel/Dropbox/Hobby/Zybo_Xilinx_Xilibus/Yocto/poky/build/tmp/sysroots/x86_64-linux/usr/arm-poky-linux-gnueabi/include -isystem /home/daniel/Dropbox/Hobby/Zybo_Xilinx_Xilibus/Yocto/poky/build/tmp/sysroots/x86_64-linux/usr/arm-poky-linux-gnueabi/sys-include --sysroot=/home/daniel/Dropbox/Hobby/Zybo_Xilinx_Xilibus/Yocto/poky/build/tmp/sysroots/zedboard-zynq7   -c -g -Os  conftest.c >&5
configure:4013: $? = 0
configure:4013:  /home/daniel/Dropbox/Hobby/Zybo_Xilinx_Xilibus/Yocto/poky/build/tmp/work/armv7a-vfp-neon-poky-linux-gnueabi/gcc-cross/4.8.2-r0/gcc-4.8.2/build.x86_64-linux.arm-poky-linux-gnueabi/./gcc/xgcc -B/home/daniel/Dropbox/Hobby/Zybo_Xilinx_Xilibus/Yocto/poky/build/tmp/work/armv7a-vfp-neon-poky-linux-gnueabi/gcc-cross/4.8.2-r0/gcc-4.8.2/build.x86_64-linux.arm-poky-linux-gnueabi/./gcc/ -march=armv7-a -mthumb-interwork -mfloat-abi=softfp -mfpu=neon -isystem/home/daniel/Dropbox/Hobby/Zybo_Xilinx_Xilibus/Yocto/poky/build/tmp/sysroots/zedboard-zynq7/usr/include -B/home/daniel/Dropbox/Hobby/Zybo_Xilinx_Xilibus/Yocto/poky/build/tmp/sysroots/x86_64-linux/usr/arm-poky-linux-gnueabi/bin/ -B/home/daniel/Dropbox/Hobby/Zybo_Xilinx_Xilibus/Yocto/poky/build/tmp/sysroots/x86_64-linux/usr/arm-poky-linux-gnueabi/lib/ -isystem /home/daniel/Dropbox/Hobby/Zybo_Xilinx_Xilibus/Yocto/poky/build/tmp/sysroots/x86_64-linux/usr/arm-poky-linux-gnueabi/include -isystem /home/daniel/Dropbox/Hobby/Zybo_Xilinx_Xilibus/Yocto/poky/build/tmp/sysroots/x86_64-linux/usr/arm-poky-linux-gnueabi/sys-include --sysroot=/home/daniel/Dropbox/Hobby/Zybo_Xilinx_Xilibus/Yocto/poky/build/tmp/sysroots/zedboard-zynq7   -c -g -Os  conftest.c >&5
configure:4013: $? = 0
configure:4028: result: 8
configure:4044: checking whether decimal floating point is supported
configure:4053:  /home/daniel/Dropbox/Hobby/Zybo_Xilinx_Xilibus/Yocto/poky/build/tmp/work/armv7a-vfp-neon-poky-linux-gnueabi/gcc-cross/4.8.2-r0/gcc-4.8.2/build.x86_64-linux.arm-poky-linux-gnueabi/./gcc/xgcc -B/home/daniel/Dropbox/Hobby/Zybo_Xilinx_Xilibus/Yocto/poky/build/tmp/work/armv7a-vfp-neon-poky-linux-gnueabi/gcc-cross/4.8.2-r0/gcc-4.8.2/build.x86_64-linux.arm-poky-linux-gnueabi/./gcc/ -march=armv7-a -mthumb-interwork -mfloat-abi=softfp -mfpu=neon -isystem/home/daniel/Dropbox/Hobby/Zybo_Xilinx_Xilibus/Yocto/poky/build/tmp/sysroots/zedboard-zynq7/usr/include -B/home/daniel/Dropbox/Hobby/Zybo_Xilinx_Xilibus/Yocto/poky/build/tmp/sysroots/x86_64-linux/usr/arm-poky-linux-gnueabi/bin/ -B/home/daniel/Dropbox/Hobby/Zybo_Xilinx_Xilibus/Yocto/poky/build/tmp/sysroots/x86_64-linux/usr/arm-poky-linux-gnueabi/lib/ -isystem /home/daniel/Dropbox/Hobby/Zybo_Xilinx_Xilibus/Yocto/poky/build/tmp/sysroots/x86_64-linux/usr/arm-poky-linux-gnueabi/include -isystem /home/daniel/Dropbox/Hobby/Zybo_Xilinx_Xilibus/Yocto/poky/build/tmp/sysroots/x86_64-linux/usr/arm-poky-linux-gnueabi/sys-include --sysroot=/home/daniel/Dropbox/Hobby/Zybo_Xilinx_Xilibus/Yocto/poky/build/tmp/sysroots/zedboard-zynq7   -c -g -Os  conftest.c >&5
conftest.c:11:1: error: decimal floating point not supported for this target
 _Decimal32 x;
 ^
configure:4053: $? = 1
configure: failed program was:
| /* confdefs.h */
| #define PACKAGE_NAME "GNU C Runtime Library"
| #define PACKAGE_TARNAME "libgcc"
| #define PACKAGE_VERSION "1.0"
| #define PACKAGE_STRING "GNU C Runtime Library 1.0"
| #define PACKAGE_BUGREPORT ""
| #define PACKAGE_URL "http://www.gnu.org/software/libgcc/"
| #define SIZEOF_DOUBLE 8
| #define SIZEOF_LONG_DOUBLE 8
| /* end confdefs.h.  */
| _Decimal32 x;
configure:4060: result: no
configure:4085: WARNING: decimal float is not supported for this target, ignored
configure:4118: checking whether fixed-point is supported
configure:4127:  /home/daniel/Dropbox/Hobby/Zybo_Xilinx_Xilibus/Yocto/poky/build/tmp/work/armv7a-vfp-neon-poky-linux-gnueabi/gcc-cross/4.8.2-r0/gcc-4.8.2/build.x86_64-linux.arm-poky-linux-gnueabi/./gcc/xgcc -B/home/daniel/Dropbox/Hobby/Zybo_Xilinx_Xilibus/Yocto/poky/build/tmp/work/armv7a-vfp-neon-poky-linux-gnueabi/gcc-cross/4.8.2-r0/gcc-4.8.2/build.x86_64-linux.arm-poky-linux-gnueabi/./gcc/ -march=armv7-a -mthumb-interwork -mfloat-abi=softfp -mfpu=neon -isystem/home/daniel/Dropbox/Hobby/Zybo_Xilinx_Xilibus/Yocto/poky/build/tmp/sysroots/zedboard-zynq7/usr/include -B/home/daniel/Dropbox/Hobby/Zybo_Xilinx_Xilibus/Yocto/poky/build/tmp/sysroots/x86_64-linux/usr/arm-poky-linux-gnueabi/bin/ -B/home/daniel/Dropbox/Hobby/Zybo_Xilinx_Xilibus/Yocto/poky/build/tmp/sysroots/x86_64-linux/usr/arm-poky-linux-gnueabi/lib/ -isystem /home/daniel/Dropbox/Hobby/Zybo_Xilinx_Xilibus/Yocto/poky/build/tmp/sysroots/x86_64-linux/usr/arm-poky-linux-gnueabi/include -isystem /home/daniel/Dropbox/Hobby/Zybo_Xilinx_Xilibus/Yocto/poky/build/tmp/sysroots/x86_64-linux/usr/arm-poky-linux-gnueabi/sys-include --sysroot=/home/daniel/Dropbox/Hobby/Zybo_Xilinx_Xilibus/Yocto/poky/build/tmp/sysroots/zedboard-zynq7   -c -g -Os  conftest.c >&5
configure:4127: $? = 0
configure:4134: result: yes
configure:4194: checking whether to use setjmp/longjmp exceptions
configure:4213:  /home/daniel/Dropbox/Hobby/Zybo_Xilinx_Xilibus/Yocto/poky/build/tmp/work/armv7a-vfp-neon-poky-linux-gnueabi/gcc-cross/4.8.2-r0/gcc-4.8.2/build.x86_64-linux.arm-poky-linux-gnueabi/./gcc/xgcc -B/home/daniel/Dropbox/Hobby/Zybo_Xilinx_Xilibus/Yocto/poky/build/tmp/work/armv7a-vfp-neon-poky-linux-gnueabi/gcc-cross/4.8.2-r0/gcc-4.8.2/build.x86_64-linux.arm-poky-linux-gnueabi/./gcc/ -march=armv7-a -mthumb-interwork -mfloat-abi=softfp -mfpu=neon -isystem/home/daniel/Dropbox/Hobby/Zybo_Xilinx_Xilibus/Yocto/poky/build/tmp/sysroots/zedboard-zynq7/usr/include -B/home/daniel/Dropbox/Hobby/Zybo_Xilinx_Xilibus/Yocto/poky/build/tmp/sysroots/x86_64-linux/usr/arm-poky-linux-gnueabi/bin/ -B/home/daniel/Dropbox/Hobby/Zybo_Xilinx_Xilibus/Yocto/poky/build/tmp/sysroots/x86_64-linux/usr/arm-poky-linux-gnueabi/lib/ -isystem /home/daniel/Dropbox/Hobby/Zybo_Xilinx_Xilibus/Yocto/poky/build/tmp/sysroots/x86_64-linux/usr/arm-poky-linux-gnueabi/include -isystem /home/daniel/Dropbox/Hobby/Zybo_Xilinx_Xilibus/Yocto/poky/build/tmp/sysroots/x86_64-linux/usr/arm-poky-linux-gnueabi/sys-include --sysroot=/home/daniel/Dropbox/Hobby/Zybo_Xilinx_Xilibus/Yocto/poky/build/tmp/sysroots/zedboard-zynq7   -fexceptions -S conftest.c -o conftest.s 1>&5
configure:4216: $? = 0
configure:4227: result: no
configure:4247: checking if the linker (/home/daniel/Dropbox/Hobby/Zybo_Xilinx_Xilibus/Yocto/poky/build/tmp/work/armv7a-vfp-neon-poky-linux-gnueabi/gcc-cross/4.8.2-r0/gcc-4.8.2/build.x86_64-linux.arm-poky-linux-gnueabi/./gcc/collect-ld) is GNU ld
GNU ld (GNU Binutils) 2.24
configure:4259: result: yes
configure:4264: checking for thread model used by GCC
configure:4267: result: posix
configure:4271: checking whether assembler supports CFI directives
configure:4284:  /home/daniel/Dropbox/Hobby/Zybo_Xilinx_Xilibus/Yocto/poky/build/tmp/work/armv7a-vfp-neon-poky-linux-gnueabi/gcc-cross/4.8.2-r0/gcc-4.8.2/build.x86_64-linux.arm-poky-linux-gnueabi/./gcc/xgcc -B/home/daniel/Dropbox/Hobby/Zybo_Xilinx_Xilibus/Yocto/poky/build/tmp/work/armv7a-vfp-neon-poky-linux-gnueabi/gcc-cross/4.8.2-r0/gcc-4.8.2/build.x86_64-linux.arm-poky-linux-gnueabi/./gcc/ -march=armv7-a -mthumb-interwork -mfloat-abi=softfp -mfpu=neon -isystem/home/daniel/Dropbox/Hobby/Zybo_Xilinx_Xilibus/Yocto/poky/build/tmp/sysroots/zedboard-zynq7/usr/include -B/home/daniel/Dropbox/Hobby/Zybo_Xilinx_Xilibus/Yocto/poky/build/tmp/sysroots/x86_64-linux/usr/arm-poky-linux-gnueabi/bin/ -B/home/daniel/Dropbox/Hobby/Zybo_Xilinx_Xilibus/Yocto/poky/build/tmp/sysroots/x86_64-linux/usr/arm-poky-linux-gnueabi/lib/ -isystem /home/daniel/Dropbox/Hobby/Zybo_Xilinx_Xilibus/Yocto/poky/build/tmp/sysroots/x86_64-linux/usr/arm-poky-linux-gnueabi/include -isystem /home/daniel/Dropbox/Hobby/Zybo_Xilinx_Xilibus/Yocto/poky/build/tmp/sysroots/x86_64-linux/usr/arm-poky-linux-gnueabi/sys-include --sysroot=/home/daniel/Dropbox/Hobby/Zybo_Xilinx_Xilibus/Yocto/poky/build/tmp/sysroots/zedboard-zynq7   -c -g -Os  conftest.c >&5
configure:4284: $? = 0
configure:4291: result: yes
configure:4333: checking for __attribute__((visibility("hidden")))
configure:4342:  /home/daniel/Dropbox/Hobby/Zybo_Xilinx_Xilibus/Yocto/poky/build/tmp/work/armv7a-vfp-neon-poky-linux-gnueabi/gcc-cross/4.8.2-r0/gcc-4.8.2/build.x86_64-linux.arm-poky-linux-gnueabi/./gcc/xgcc -B/home/daniel/Dropbox/Hobby/Zybo_Xilinx_Xilibus/Yocto/poky/build/tmp/work/armv7a-vfp-neon-poky-linux-gnueabi/gcc-cross/4.8.2-r0/gcc-4.8.2/build.x86_64-linux.arm-poky-linux-gnueabi/./gcc/ -march=armv7-a -mthumb-interwork -mfloat-abi=softfp -mfpu=neon -isystem/home/daniel/Dropbox/Hobby/Zybo_Xilinx_Xilibus/Yocto/poky/build/tmp/sysroots/zedboard-zynq7/usr/include -B/home/daniel/Dropbox/Hobby/Zybo_Xilinx_Xilibus/Yocto/poky/build/tmp/sysroots/x86_64-linux/usr/arm-poky-linux-gnueabi/bin/ -B/home/daniel/Dropbox/Hobby/Zybo_Xilinx_Xilibus/Yocto/poky/build/tmp/sysroots/x86_64-linux/usr/arm-poky-linux-gnueabi/lib/ -isystem /home/daniel/Dropbox/Hobby/Zybo_Xilinx_Xilibus/Yocto/poky/build/tmp/sysroots/x86_64-linux/usr/arm-poky-linux-gnueabi/include -isystem /home/daniel/Dropbox/Hobby/Zybo_Xilinx_Xilibus/Yocto/poky/build/tmp/sysroots/x86_64-linux/usr/arm-poky-linux-gnueabi/sys-include --sysroot=/home/daniel/Dropbox/Hobby/Zybo_Xilinx_Xilibus/Yocto/poky/build/tmp/sysroots/zedboard-zynq7   -Werror -S conftest.c -o conftest.s 1>&5
configure:4345: $? = 0
configure:4354: result: yes
configure:4382: checking whether the target assembler supports thread-local storage
configure:4392:  /home/daniel/Dropbox/Hobby/Zybo_Xilinx_Xilibus/Yocto/poky/build/tmp/work/armv7a-vfp-neon-poky-linux-gnueabi/gcc-cross/4.8.2-r0/gcc-4.8.2/build.x86_64-linux.arm-poky-linux-gnueabi/./gcc/xgcc -B/home/daniel/Dropbox/Hobby/Zybo_Xilinx_Xilibus/Yocto/poky/build/tmp/work/armv7a-vfp-neon-poky-linux-gnueabi/gcc-cross/4.8.2-r0/gcc-4.8.2/build.x86_64-linux.arm-poky-linux-gnueabi/./gcc/ -march=armv7-a -mthumb-interwork -mfloat-abi=softfp -mfpu=neon -isystem/home/daniel/Dropbox/Hobby/Zybo_Xilinx_Xilibus/Yocto/poky/build/tmp/sysroots/zedboard-zynq7/usr/include -B/home/daniel/Dropbox/Hobby/Zybo_Xilinx_Xilibus/Yocto/poky/build/tmp/sysroots/x86_64-linux/usr/arm-poky-linux-gnueabi/bin/ -B/home/daniel/Dropbox/Hobby/Zybo_Xilinx_Xilibus/Yocto/poky/build/tmp/sysroots/x86_64-linux/usr/arm-poky-linux-gnueabi/lib/ -isystem /home/daniel/Dropbox/Hobby/Zybo_Xilinx_Xilibus/Yocto/poky/build/tmp/sysroots/x86_64-linux/usr/arm-poky-linux-gnueabi/include -isystem /home/daniel/Dropbox/Hobby/Zybo_Xilinx_Xilibus/Yocto/poky/build/tmp/sysroots/x86_64-linux/usr/arm-poky-linux-gnueabi/sys-include --sysroot=/home/daniel/Dropbox/Hobby/Zybo_Xilinx_Xilibus/Yocto/poky/build/tmp/sysroots/zedboard-zynq7   -c -g -Os  conftest.c >&5
configure:4392: $? = 0
configure:4400: result: yes
configure:4410: checking whether the thread-local storage support is from emutls
configure:4419:  /home/daniel/Dropbox/Hobby/Zybo_Xilinx_Xilibus/Yocto/poky/build/tmp/work/armv7a-vfp-neon-poky-linux-gnueabi/gcc-cross/4.8.2-r0/gcc-4.8.2/build.x86_64-linux.arm-poky-linux-gnueabi/./gcc/xgcc -B/home/daniel/Dropbox/Hobby/Zybo_Xilinx_Xilibus/Yocto/poky/build/tmp/work/armv7a-vfp-neon-poky-linux-gnueabi/gcc-cross/4.8.2-r0/gcc-4.8.2/build.x86_64-linux.arm-poky-linux-gnueabi/./gcc/ -march=armv7-a -mthumb-interwork -mfloat-abi=softfp -mfpu=neon -isystem/home/daniel/Dropbox/Hobby/Zybo_Xilinx_Xilibus/Yocto/poky/build/tmp/sysroots/zedboard-zynq7/usr/include -B/home/daniel/Dropbox/Hobby/Zybo_Xilinx_Xilibus/Yocto/poky/build/tmp/sysroots/x86_64-linux/usr/arm-poky-linux-gnueabi/bin/ -B/home/daniel/Dropbox/Hobby/Zybo_Xilinx_Xilibus/Yocto/poky/build/tmp/sysroots/x86_64-linux/usr/arm-poky-linux-gnueabi/lib/ -isystem /home/daniel/Dropbox/Hobby/Zybo_Xilinx_Xilibus/Yocto/poky/build/tmp/sysroots/x86_64-linux/usr/arm-poky-linux-gnueabi/include -isystem /home/daniel/Dropbox/Hobby/Zybo_Xilinx_Xilibus/Yocto/poky/build/tmp/sysroots/x86_64-linux/usr/arm-poky-linux-gnueabi/sys-include --sysroot=/home/daniel/Dropbox/Hobby/Zybo_Xilinx_Xilibus/Yocto/poky/build/tmp/sysroots/zedboard-zynq7   -Werror -S -o conftest.s conftest.c 1>&5
configure:4422: $? = 0
configure:4431: result: no
configure:4444: checking for init priority support
configure:4461:  /home/daniel/Dropbox/Hobby/Zybo_Xilinx_Xilibus/Yocto/poky/build/tmp/work/armv7a-vfp-neon-poky-linux-gnueabi/gcc-cross/4.8.2-r0/gcc-4.8.2/build.x86_64-linux.arm-poky-linux-gnueabi/./gcc/xgcc -B/home/daniel/Dropbox/Hobby/Zybo_Xilinx_Xilibus/Yocto/poky/build/tmp/work/armv7a-vfp-neon-poky-linux-gnueabi/gcc-cross/4.8.2-r0/gcc-4.8.2/build.x86_64-linux.arm-poky-linux-gnueabi/./gcc/ -march=armv7-a -mthumb-interwork -mfloat-abi=softfp -mfpu=neon -isystem/home/daniel/Dropbox/Hobby/Zybo_Xilinx_Xilibus/Yocto/poky/build/tmp/sysroots/zedboard-zynq7/usr/include -B/home/daniel/Dropbox/Hobby/Zybo_Xilinx_Xilibus/Yocto/poky/build/tmp/sysroots/x86_64-linux/usr/arm-poky-linux-gnueabi/bin/ -B/home/daniel/Dropbox/Hobby/Zybo_Xilinx_Xilibus/Yocto/poky/build/tmp/sysroots/x86_64-linux/usr/arm-poky-linux-gnueabi/lib/ -isystem /home/daniel/Dropbox/Hobby/Zybo_Xilinx_Xilibus/Yocto/poky/build/tmp/sysroots/x86_64-linux/usr/arm-poky-linux-gnueabi/include -isystem /home/daniel/Dropbox/Hobby/Zybo_Xilinx_Xilibus/Yocto/poky/build/tmp/sysroots/x86_64-linux/usr/arm-poky-linux-gnueabi/sys-include --sysroot=/home/daniel/Dropbox/Hobby/Zybo_Xilinx_Xilibus/Yocto/poky/build/tmp/sysroots/zedboard-zynq7   -c -g -Os  conftest.c >&5
conftest.c: In function 'main':
conftest.c:16:1: warning: constructor priorities from 0 to 100 are reserved for the implementation [enabled by default]
 void ip (void) __attribute__ ((constructor (1)));
 ^
configure:4461: $? = 0
configure:4468: result: yes
configure:4611: updating cache ./config.cache
configure:4648: creating ./config.status

## ---------------------- ##
## Running config.status. ##
## ---------------------- ##

This file was extended by GNU C Runtime Library config.status 1.0, which was
generated by GNU Autoconf 2.64.  Invocation command line was

  CONFIG_FILES    = 
  CONFIG_HEADERS  = 
  CONFIG_LINKS    = 
  CONFIG_COMMANDS = 
  $ ./config.status 

on daniel-VM

config.status:879: creating Makefile
config.status:879: creating auto-target.h
config.status:1064: linking /home/daniel/Dropbox/Hobby/Zybo_Xilinx_Xilibus/Yocto/poky/build/tmp/work-shared/gcc-4.8.2-r0/gcc-4.8.2/libgcc/enable-execute-stack-empty.c to enable-execute-stack.c
config.status:1064: linking /home/daniel/Dropbox/Hobby/Zybo_Xilinx_Xilibus/Yocto/poky/build/tmp/work-shared/gcc-4.8.2-r0/gcc-4.8.2/libgcc/config/arm/unwind-arm.h to unwind.h
config.status:1064: linking /home/daniel/Dropbox/Hobby/Zybo_Xilinx_Xilibus/Yocto/poky/build/tmp/work-shared/gcc-4.8.2-r0/gcc-4.8.2/libgcc/config/no-unwind.h to md-unwind-support.h
config.status:1064: linking /home/daniel/Dropbox/Hobby/Zybo_Xilinx_Xilibus/Yocto/poky/build/tmp/work-shared/gcc-4.8.2-r0/gcc-4.8.2/libgcc/config/arm/sfp-machine.h to sfp-machine.h
config.status:1064: linking /home/daniel/Dropbox/Hobby/Zybo_Xilinx_Xilibus/Yocto/poky/build/tmp/work-shared/gcc-4.8.2-r0/gcc-4.8.2/libgcc/gthr-posix.h to gthr-default.h
config.status:1083: executing default commands

## ---------------- ##
## Cache variables. ##
## ---------------- ##

ac_cv_build=x86_64-pc-linux-gnu
ac_cv_c_compiler_gnu=yes
ac_cv_env_CC_set=set
ac_cv_env_CC_value=' /home/daniel/Dropbox/Hobby/Zybo_Xilinx_Xilibus/Yocto/poky/build/tmp/work/armv7a-vfp-neon-poky-linux-gnueabi/gcc-cross/4.8.2-r0/gcc-4.8.2/build.x86_64-linux.arm-poky-linux-gnueabi/./gcc/xgcc -B/home/daniel/Dropbox/Hobby/Zybo_Xilinx_Xilibus/Yocto/poky/build/tmp/work/armv7a-vfp-neon-poky-linux-gnueabi/gcc-cross/4.8.2-r0/gcc-4.8.2/build.x86_64-linux.arm-poky-linux-gnueabi/./gcc/ -march=armv7-a -mthumb-interwork -mfloat-abi=softfp -mfpu=neon -isystem/home/daniel/Dropbox/Hobby/Zybo_Xilinx_Xilibus/Yocto/poky/build/tmp/sysroots/zedboard-zynq7/usr/include -B/home/daniel/Dropbox/Hobby/Zybo_Xilinx_Xilibus/Yocto/poky/build/tmp/sysroots/x86_64-linux/usr/arm-poky-linux-gnueabi/bin/ -B/home/daniel/Dropbox/Hobby/Zybo_Xilinx_Xilibus/Yocto/poky/build/tmp/sysroots/x86_64-linux/usr/arm-poky-linux-gnueabi/lib/ -isystem /home/daniel/Dropbox/Hobby/Zybo_Xilinx_Xilibus/Yocto/poky/build/tmp/sysroots/x86_64-linux/usr/arm-poky-linux-gnueabi/include -isystem /home/daniel/Dropbox/Hobby/Zybo_Xilinx_Xilibus/Yocto/poky/build/tmp/sysroots/x86_64-linux/usr/arm-poky-linux-gnueabi/sys-include --sysroot=/home/daniel/Dropbox/Hobby/Zybo_Xilinx_Xilibus/Yocto/poky/build/tmp/sysroots/zedboard-zynq7  '
ac_cv_env_CFLAGS_set=set
ac_cv_env_CFLAGS_value='-g -Os'
ac_cv_env_CPPFLAGS_set=set
ac_cv_env_CPPFLAGS_value=
ac_cv_env_CPP_set=set
ac_cv_env_CPP_value='gcc -E '
ac_cv_env_LDFLAGS_set=set
ac_cv_env_LDFLAGS_value='-Wl,-O1 -Wl,--hash-style=gnu -Wl,--as-needed'
ac_cv_env_LIBS_set=
ac_cv_env_LIBS_value=
ac_cv_env_build_alias_set=set
ac_cv_env_build_alias_value=x86_64-linux
ac_cv_env_host_alias_set=set
ac_cv_env_host_alias_value=arm-poky-linux-gnueabi
ac_cv_env_target_alias_set=set
ac_cv_env_target_alias_value=arm-poky-linux-gnueabi
ac_cv_host=arm-poky-linux-gnueabi
ac_cv_objext=o
ac_cv_path_SED=sed
ac_cv_path_install='/usr/bin/install -c'
ac_cv_prog_AR=arm-poky-linux-gnueabi-ar
ac_cv_prog_AWK=gawk
ac_cv_prog_CC=' /home/daniel/Dropbox/Hobby/Zybo_Xilinx_Xilibus/Yocto/poky/build/tmp/work/armv7a-vfp-neon-poky-linux-gnueabi/gcc-cross/4.8.2-r0/gcc-4.8.2/build.x86_64-linux.arm-poky-linux-gnueabi/./gcc/xgcc -B/home/daniel/Dropbox/Hobby/Zybo_Xilinx_Xilibus/Yocto/poky/build/tmp/work/armv7a-vfp-neon-poky-linux-gnueabi/gcc-cross/4.8.2-r0/gcc-4.8.2/build.x86_64-linux.arm-poky-linux-gnueabi/./gcc/ -march=armv7-a -mthumb-interwork -mfloat-abi=softfp -mfpu=neon -isystem/home/daniel/Dropbox/Hobby/Zybo_Xilinx_Xilibus/Yocto/poky/build/tmp/sysroots/zedboard-zynq7/usr/include -B/home/daniel/Dropbox/Hobby/Zybo_Xilinx_Xilibus/Yocto/poky/build/tmp/sysroots/x86_64-linux/usr/arm-poky-linux-gnueabi/bin/ -B/home/daniel/Dropbox/Hobby/Zybo_Xilinx_Xilibus/Yocto/poky/build/tmp/sysroots/x86_64-linux/usr/arm-poky-linux-gnueabi/lib/ -isystem /home/daniel/Dropbox/Hobby/Zybo_Xilinx_Xilibus/Yocto/poky/build/tmp/sysroots/x86_64-linux/usr/arm-poky-linux-gnueabi/include -isystem /home/daniel/Dropbox/Hobby/Zybo_Xilinx_Xilibus/Yocto/poky/build/tmp/sysroots/x86_64-linux/usr/arm-poky-linux-gnueabi/sys-include --sysroot=/home/daniel/Dropbox/Hobby/Zybo_Xilinx_Xilibus/Yocto/poky/build/tmp/sysroots/zedboard-zynq7  '
ac_cv_prog_CPP='gcc -E '
ac_cv_prog_LIPO=arm-poky-linux-gnueabi-lipo
ac_cv_prog_NM=/home/daniel/Dropbox/Hobby/Zybo_Xilinx_Xilibus/Yocto/poky/build/tmp/work/armv7a-vfp-neon-poky-linux-gnueabi/gcc-cross/4.8.2-r0/gcc-4.8.2/build.x86_64-linux.arm-poky-linux-gnueabi/./gcc/nm
ac_cv_prog_RANLIB=arm-poky-linux-gnueabi-ranlib
ac_cv_prog_STRIP=arm-poky-linux-gnueabi-strip
ac_cv_prog_cc_c89=
ac_cv_prog_cc_g=yes
ac_cv_sizeof_double=8
ac_cv_sizeof_long_double=8
acl_cv_prog_gnu_ld=yes
gcc_cv_collect2_libs='none required'
gcc_cv_have_cc_tls=yes
gcc_cv_use_emutls=no
libgcc_cv_cfi=yes
libgcc_cv_dfp=no
libgcc_cv_fixed_point=yes
libgcc_cv_hidden_visibility_attribute=yes
libgcc_cv_init_priority=yes
libgcc_cv_lib_sjlj_exceptions=no
lt_cv_sys_lib_dlsearch_path_spec='/home/daniel/Dropbox/Hobby/Zybo_Xilinx_Xilibus/Yocto/poky/build/tmp/sysroots/x86_64-linux/usr/lib/armv7a-vfp-neon-poky-linux-gnueabi /home/daniel/Dropbox/Hobby/Zybo_Xilinx_Xilibus/Yocto/poky/build/tmp/sysroots/x86_64-linux/lib'

## ----------------- ##
## Output variables. ##
## ----------------- ##

AR='arm-poky-linux-gnueabi-ar'
AWK='gawk'
CC=' /home/daniel/Dropbox/Hobby/Zybo_Xilinx_Xilibus/Yocto/poky/build/tmp/work/armv7a-vfp-neon-poky-linux-gnueabi/gcc-cross/4.8.2-r0/gcc-4.8.2/build.x86_64-linux.arm-poky-linux-gnueabi/./gcc/xgcc -B/home/daniel/Dropbox/Hobby/Zybo_Xilinx_Xilibus/Yocto/poky/build/tmp/work/armv7a-vfp-neon-poky-linux-gnueabi/gcc-cross/4.8.2-r0/gcc-4.8.2/build.x86_64-linux.arm-poky-linux-gnueabi/./gcc/ -march=armv7-a -mthumb-interwork -mfloat-abi=softfp -mfpu=neon -isystem/home/daniel/Dropbox/Hobby/Zybo_Xilinx_Xilibus/Yocto/poky/build/tmp/sysroots/zedboard-zynq7/usr/include -B/home/daniel/Dropbox/Hobby/Zybo_Xilinx_Xilibus/Yocto/poky/build/tmp/sysroots/x86_64-linux/usr/arm-poky-linux-gnueabi/bin/ -B/home/daniel/Dropbox/Hobby/Zybo_Xilinx_Xilibus/Yocto/poky/build/tmp/sysroots/x86_64-linux/usr/arm-poky-linux-gnueabi/lib/ -isystem /home/daniel/Dropbox/Hobby/Zybo_Xilinx_Xilibus/Yocto/poky/build/tmp/sysroots/x86_64-linux/usr/arm-poky-linux-gnueabi/include -isystem /home/daniel/Dropbox/Hobby/Zybo_Xilinx_Xilibus/Yocto/poky/build/tmp/sysroots/x86_64-linux/usr/arm-poky-linux-gnueabi/sys-include --sysroot=/home/daniel/Dropbox/Hobby/Zybo_Xilinx_Xilibus/Yocto/poky/build/tmp/sysroots/zedboard-zynq7  '
CFLAGS='-g -Os'
CPP='gcc -E '
CPPFLAGS=''
DEFS='-DHAVE_CONFIG_H'
ECHO_C=''
ECHO_N='-n'
ECHO_T=''
EXEEXT=''
INSTALL_DATA='${INSTALL} -m 644'
INSTALL_PROGRAM='${INSTALL}'
INSTALL_SCRIPT='${INSTALL}'
LDFLAGS='-Wl,-O1 -Wl,--hash-style=gnu -Wl,--as-needed'
LIBOBJS=''
LIBS=''
LIPO='arm-poky-linux-gnueabi-lipo'
LN_S='ln -s'
LTLIBOBJS=''
MAINT='#'
NM='/home/daniel/Dropbox/Hobby/Zybo_Xilinx_Xilibus/Yocto/poky/build/tmp/work/armv7a-vfp-neon-poky-linux-gnueabi/gcc-cross/4.8.2-r0/gcc-4.8.2/build.x86_64-linux.arm-poky-linux-gnueabi/./gcc/nm'
OBJEXT='o'
PACKAGE_BUGREPORT=''
PACKAGE_NAME='GNU C Runtime Library'
PACKAGE_STRING='GNU C Runtime Library 1.0'
PACKAGE_TARNAME='libgcc'
PACKAGE_URL='http://www.gnu.org/software/libgcc/'
PACKAGE_VERSION='1.0'
PATH_SEPARATOR=':'
PICFLAG='-fPIC'
RANLIB='arm-poky-linux-gnueabi-ranlib'
SHELL='/bin/bash'
STRIP='arm-poky-linux-gnueabi-strip'
ac_ct_CC=''
asm_hidden_op='.hidden'
bindir='/home/daniel/Dropbox/Hobby/Zybo_Xilinx_Xilibus/Yocto/poky/build/tmp/sysroots/x86_64-linux/usr/bin/armv7a-vfp-neon-poky-linux-gnueabi'
build='x86_64-pc-linux-gnu'
build_alias='x86_64-linux'
build_cpu='x86_64'
build_libsubdir='build-x86_64-linux'
build_os='linux-gnu'
build_subdir='build-x86_64-linux'
build_vendor='pc'
cpu_type='arm'
datadir='/home/daniel/Dropbox/Hobby/Zybo_Xilinx_Xilibus/Yocto/poky/build/tmp/sysroots/x86_64-linux/usr/share'
datarootdir='${prefix}/share'
decimal_float='no'
docdir='${datarootdir}/doc/${PACKAGE_TARNAME}'
double_type_size='64'
dvidir='${docdir}'
enable_decimal_float='no'
enable_shared='yes'
exec_prefix='/home/daniel/Dropbox/Hobby/Zybo_Xilinx_Xilibus/Yocto/poky/build/tmp/sysroots/x86_64-linux/usr'
extra_parts='crtbegin.o crtbeginS.o crtbeginT.o crtend.o crtendS.o'
fixed_point='yes'
host='arm-poky-linux-gnueabi'
host_alias='arm-poky-linux-gnueabi'
host_cpu='arm'
host_noncanonical='arm-poky-linux-gnueabi'
host_os='linux-gnueabi'
host_subdir='.'
host_vendor='poky'
htmldir='${docdir}'
includedir='/home/daniel/Dropbox/Hobby/Zybo_Xilinx_Xilibus/Yocto/poky/build/tmp/sysroots/x86_64-linux/usr/include'
infodir='/home/daniel/Dropbox/Hobby/Zybo_Xilinx_Xilibus/Yocto/poky/build/tmp/sysroots/x86_64-linux/usr/share/info'
libdir='/home/daniel/Dropbox/Hobby/Zybo_Xilinx_Xilibus/Yocto/poky/build/tmp/sysroots/x86_64-linux/usr/lib/armv7a-vfp-neon-poky-linux-gnueabi'
libexecdir='/home/daniel/Dropbox/Hobby/Zybo_Xilinx_Xilibus/Yocto/poky/build/tmp/sysroots/x86_64-linux/usr/libexec/armv7a-vfp-neon-poky-linux-gnueabi'
libgcc_topdir='/home/daniel/Dropbox/Hobby/Zybo_Xilinx_Xilibus/Yocto/poky/build/tmp/work-shared/gcc-4.8.2-r0/gcc-4.8.2/libgcc/..'
localedir='${datarootdir}/locale'
localstatedir='/home/daniel/Dropbox/Hobby/Zybo_Xilinx_Xilibus/Yocto/poky/build/tmp/sysroots/x86_64-linux/var'
long_double_type_size='64'
mandir='/home/daniel/Dropbox/Hobby/Zybo_Xilinx_Xilibus/Yocto/poky/build/tmp/sysroots/x86_64-linux/usr/share/man'
oldincludedir='/home/daniel/Dropbox/Hobby/Zybo_Xilinx_Xilibus/Yocto/poky/build/tmp/sysroots/x86_64-linux/usr/include'
pdfdir='${docdir}'
prefix='/home/daniel/Dropbox/Hobby/Zybo_Xilinx_Xilibus/Yocto/poky/build/tmp/sysroots/x86_64-linux/usr'
program_transform_name='s&^&arm-poky-linux-gnueabi-&'
psdir='${docdir}'
sbindir='/home/daniel/Dropbox/Hobby/Zybo_Xilinx_Xilibus/Yocto/poky/build/tmp/sysroots/x86_64-linux/usr/bin/armv7a-vfp-neon-poky-linux-gnueabi'
set_have_cc_tls='-DHAVE_CC_TLS'
set_use_emutls=''
sfp_machine_header='arm/sfp-machine.h'
sharedstatedir='/home/daniel/Dropbox/Hobby/Zybo_Xilinx_Xilibus/Yocto/poky/build/tmp/sysroots/x86_64-linux/com'
slibdir='$(exec_prefix)/$(host_noncanonical)/lib'
sysconfdir='/home/daniel/Dropbox/Hobby/Zybo_Xilinx_Xilibus/Yocto/poky/build/tmp/sysroots/x86_64-linux/etc'
target_alias='arm-poky-linux-gnueabi'
target_noncanonical='arm-poky-linux-gnueabi'
target_subdir='arm-poky-linux-gnueabi'
thread_header='gthr-posix.h'
tm_defines=''
tm_file=' $(srcdir)/config/arm/bpabi-lib.h'
tmake_file=' $(srcdir)/config/t-crtstuff-pic $(srcdir)/config/t-libgcc-pic $(srcdir)/config/t-eh-dw2-dip $(srcdir)/config/t-slibgcc $(srcdir)/config/t-slibgcc-gld $(srcdir)/config/t-slibgcc-elf-ver $(srcdir)/config/t-linux $(srcdir)/config/arm/t-arm $(srcdir)/config/t-fixedpoint-gnu-prefix $(srcdir)/config/arm/t-elf $(srcdir)/config/arm/t-bpabi $(srcdir)/config/arm/t-linux-eabi $(srcdir)/config/t-slibgcc-libgcc $(srcdir)/config/t-softfp-sfdf $(srcdir)/config/t-softfp-excl $(srcdir)/config/arm/t-softfp $(srcdir)/config/t-softfp'
toolexecdir='$(exec_prefix)/$(target_noncanonical)'
toolexeclibdir='$(toolexecdir)/lib'
vis_hide='-fvisibility=hidden -DHIDE_EXPORTS'

## ----------- ##
## confdefs.h. ##
## ----------- ##

/* confdefs.h */
#define PACKAGE_NAME "GNU C Runtime Library"
#define PACKAGE_TARNAME "libgcc"
#define PACKAGE_VERSION "1.0"
#define PACKAGE_STRING "GNU C Runtime Library 1.0"
#define PACKAGE_BUGREPORT ""
#define PACKAGE_URL "http://www.gnu.org/software/libgcc/"
#define SIZEOF_DOUBLE 8
#define SIZEOF_LONG_DOUBLE 8
#define HAVE_GETIPINFO 1
#define HAVE_INIT_PRIORITY 1

configure: exit 0
