This file contains any messages produced by compilers while
running configure, to aid debugging if configure makes a mistake.

It was created by configure, which was
generated by GNU Autoconf 2.64.  Invocation command line was

  $ /home/daniel/Dropbox/Hobby/Zybo_Xilinx_Xilibus/Yocto/poky/build/tmp/work-shared/gcc-4.8.2-r0/gcc-4.8.2/intl/configure --cache-file=./config.cache --with-system-zlib --prefix=/home/daniel/Dropbox/Hobby/Zybo_Xilinx_Xilibus/Yocto/poky/build/tmp/sysroots/x86_64-linux/usr --exec_prefix=/home/daniel/Dropbox/Hobby/Zybo_Xilinx_Xilibus/Yocto/poky/build/tmp/sysroots/x86_64-linux/usr --bindir=/home/daniel/Dropbox/Hobby/Zybo_Xilinx_Xilibus/Yocto/poky/build/tmp/sysroots/x86_64-linux/usr/bin/armv7a-vfp-neon-poky-linux-gnueabi --sbindir=/home/daniel/Dropbox/Hobby/Zybo_Xilinx_Xilibus/Yocto/poky/build/tmp/sysroots/x86_64-linux/usr/bin/armv7a-vfp-neon-poky-linux-gnueabi --libexecdir=/home/daniel/Dropbox/Hobby/Zybo_Xilinx_Xilibus/Yocto/poky/build/tmp/sysroots/x86_64-linux/usr/libexec/armv7a-vfp-neon-poky-linux-gnueabi --datadir=/home/daniel/Dropbox/Hobby/Zybo_Xilinx_Xilibus/Yocto/poky/build/tmp/sysroots/x86_64-linux/usr/share --sysconfdir=/home/daniel/Dropbox/Hobby/Zybo_Xilinx_Xilibus/Yocto/poky/build/tmp/sysroots/x86_64-linux/etc --sharedstatedir=/home/daniel/Dropbox/Hobby/Zybo_Xilinx_Xilibus/Yocto/poky/build/tmp/sysroots/x86_64-linux/com --localstatedir=/home/daniel/Dropbox/Hobby/Zybo_Xilinx_Xilibus/Yocto/poky/build/tmp/sysroots/x86_64-linux/var --libdir=/home/daniel/Dropbox/Hobby/Zybo_Xilinx_Xilibus/Yocto/poky/build/tmp/sysroots/x86_64-linux/usr/lib/armv7a-vfp-neon-poky-linux-gnueabi --includedir=/home/daniel/Dropbox/Hobby/Zybo_Xilinx_Xilibus/Yocto/poky/build/tmp/sysroots/x86_64-linux/usr/include --oldincludedir=/home/daniel/Dropbox/Hobby/Zybo_Xilinx_Xilibus/Yocto/poky/build/tmp/sysroots/x86_64-linux/usr/include --infodir=/home/daniel/Dropbox/Hobby/Zybo_Xilinx_Xilibus/Yocto/poky/build/tmp/sysroots/x86_64-linux/usr/share/info --mandir=/home/daniel/Dropbox/Hobby/Zybo_Xilinx_Xilibus/Yocto/poky/build/tmp/sysroots/x86_64-linux/usr/share/man --disable-silent-rules --disable-dependency-tracking --with-libtool-sysroot=/home/daniel/Dropbox/Hobby/Zybo_Xilinx_Xilibus/Yocto/poky/build/tmp/sysroots/x86_64-linux --enable-clocale=generic --with-gnu-ld --enable-shared --enable-threads=posix --disable-multilib --enable-c99 --enable-long-long --enable-symvers=gnu --enable-libstdcxx-pch --without-local-prefix --enable-target-optspace --enable-lto --enable-libssp --disable-bootstrap --disable-libmudflap --with-linker-hash-style=gnu --enable-linker-build-id --with-ppl=no --with-cloog=no --enable-checking=release --enable-cheaders=c_global --with-gxx-include-dir=/home/daniel/Dropbox/Hobby/Zybo_Xilinx_Xilibus/Yocto/poky/build/tmp/sysroots/zedboard-zynq7/usr/include/c++ --with-sysroot=/home/daniel/Dropbox/Hobby/Zybo_Xilinx_Xilibus/Yocto/poky/build/tmp/sysroots/zedboard-zynq7 --with-build-sysroot=/home/daniel/Dropbox/Hobby/Zybo_Xilinx_Xilibus/Yocto/poky/build/tmp/sysroots/zedboard-zynq7 --enable-poison-system-directories --disable-libunwind-exceptions --with-mpfr=/home/daniel/Dropbox/Hobby/Zybo_Xilinx_Xilibus/Yocto/poky/build/tmp/sysroots/x86_64-linux/usr --with-system-zlib --disable-nls --enable-languages=c,c++,lto --program-transform-name=s&^&arm-poky-linux-gnueabi-& --disable-option-checking --build=x86_64-linux --host=x86_64-linux --target=arm-poky-linux-gnueabi --srcdir=/home/daniel/Dropbox/Hobby/Zybo_Xilinx_Xilibus/Yocto/poky/build/tmp/work-shared/gcc-4.8.2-r0/gcc-4.8.2/intl

## --------- ##
## Platform. ##
## --------- ##

hostname = daniel-VM
uname -m = x86_64
uname -r = 4.2.0-38-generic
uname -s = Linux
uname -v = #45~14.04.1-Ubuntu SMP Thu Jun 9 09:27:51 UTC 2016

/usr/bin/uname -p = unknown
/bin/uname -X     = unknown

/bin/arch              = unknown
/usr/bin/arch -k       = unknown
/usr/convex/getsysinfo = unknown
/usr/bin/hostinfo      = unknown
/bin/machine           = unknown
/usr/bin/oslevel       = unknown
/bin/universe          = unknown

PATH: /home/daniel/Dropbox/Hobby/Zybo_Xilinx_Xilibus/Yocto/poky/scripts
PATH: /home/daniel/Dropbox/Hobby/Zybo_Xilinx_Xilibus/Yocto/poky/build/tmp/sysroots/x86_64-linux/usr/bin/armv7a-vfp-neon-poky-linux-gnueabi
PATH: /home/daniel/Dropbox/Hobby/Zybo_Xilinx_Xilibus/Yocto/poky/build/tmp/sysroots/x86_64-linux/home/daniel/Dropbox/Hobby/Zybo_Xilinx_Xilibus/Yocto/poky/build/tmp/sysroots/x86_64-linux/usr/bin/armv7a-vfp-neon-poky-linux-gnueabi/crossscripts
PATH: /home/daniel/Dropbox/Hobby/Zybo_Xilinx_Xilibus/Yocto/poky/build/tmp/sysroots/x86_64-linux/usr/sbin
PATH: /home/daniel/Dropbox/Hobby/Zybo_Xilinx_Xilibus/Yocto/poky/build/tmp/sysroots/x86_64-linux/usr/bin
PATH: /home/daniel/Dropbox/Hobby/Zybo_Xilinx_Xilibus/Yocto/poky/build/tmp/sysroots/x86_64-linux/sbin
PATH: /home/daniel/Dropbox/Hobby/Zybo_Xilinx_Xilibus/Yocto/poky/build/tmp/sysroots/x86_64-linux/bin
PATH: /home/daniel/Dropbox/Hobby/Zybo_Xilinx_Xilibus/Yocto/poky/scripts
PATH: /home/daniel/Dropbox/Hobby/Zybo_Xilinx_Xilibus/Yocto/poky/bitbake/bin
PATH: /usr/local/sbin
PATH: /usr/local/bin
PATH: /usr/sbin
PATH: /usr/bin
PATH: /sbin
PATH: /bin
PATH: /usr/games
PATH: /usr/local/games


## ----------- ##
## Core tests. ##
## ----------- ##

configure:2098: creating cache ./config.cache
configure:2179: checking whether make sets $(MAKE)
configure:2201: result: yes
configure:2247: checking for a BSD-compatible install
configure:2315: result: /usr/bin/install -c
configure:2340: checking whether NLS is requested
configure:2349: result: no
configure:2387: checking for msgfmt
configure:2418: result: /home/daniel/Dropbox/Hobby/Zybo_Xilinx_Xilibus/Yocto/poky/build/tmp/sysroots/x86_64-linux/usr/bin/msgfmt
configure:2427: checking for gmsgfmt
configure:2458: result: /home/daniel/Dropbox/Hobby/Zybo_Xilinx_Xilibus/Yocto/poky/build/tmp/sysroots/x86_64-linux/usr/bin/msgfmt
configure:2498: checking for xgettext
configure:2529: result: /home/daniel/Dropbox/Hobby/Zybo_Xilinx_Xilibus/Yocto/poky/build/tmp/sysroots/x86_64-linux/usr/bin/xgettext
configure:2569: checking for msgmerge
configure:2599: result: /home/daniel/Dropbox/Hobby/Zybo_Xilinx_Xilibus/Yocto/poky/build/tmp/sysroots/x86_64-linux/usr/bin/msgmerge
configure:2642: checking for x86_64-linux-gcc
configure:2669: result: gcc 
configure:2938: checking for C compiler version
configure:2947: gcc  --version >&5
gcc (Ubuntu 4.8.4-2ubuntu1~14.04.3) 4.8.4
Copyright (C) 2013 Free Software Foundation, Inc.
This is free software; see the source for copying conditions.  There is NO
warranty; not even for MERCHANTABILITY or FITNESS FOR A PARTICULAR PURPOSE.

configure:2958: $? = 0
configure:2947: gcc  -v >&5
Using built-in specs.
COLLECT_GCC=gcc
COLLECT_LTO_WRAPPER=/usr/lib/gcc/x86_64-linux-gnu/4.8/lto-wrapper
Target: x86_64-linux-gnu
Configured with: ../src/configure -v --with-pkgversion='Ubuntu 4.8.4-2ubuntu1~14.04.3' --with-bugurl=file:///usr/share/doc/gcc-4.8/README.Bugs --enable-languages=c,c++,java,go,d,fortran,objc,obj-c++ --prefix=/usr --program-suffix=-4.8 --enable-shared --enable-linker-build-id --libexecdir=/usr/lib --without-included-gettext --enable-threads=posix --with-gxx-include-dir=/usr/include/c++/4.8 --libdir=/usr/lib --enable-nls --with-sysroot=/ --enable-clocale=gnu --enable-libstdcxx-debug --enable-libstdcxx-time=yes --enable-gnu-unique-object --disable-libmudflap --enable-plugin --with-system-zlib --disable-browser-plugin --enable-java-awt=gtk --enable-gtk-cairo --with-java-home=/usr/lib/jvm/java-1.5.0-gcj-4.8-amd64/jre --enable-java-home --with-jvm-root-dir=/usr/lib/jvm/java-1.5.0-gcj-4.8-amd64 --with-jvm-jar-dir=/usr/lib/jvm-exports/java-1.5.0-gcj-4.8-amd64 --with-arch-directory=amd64 --with-ecj-jar=/usr/share/java/eclipse-ecj.jar --enable-objc-gc --enable-multiarch --disable-werror --with-arch-32=i686 --with-abi=m64 --with-multilib-list=m32,m64,mx32 --with-tune=generic --enable-checking=release --build=x86_64-linux-gnu --host=x86_64-linux-gnu --target=x86_64-linux-gnu
Thread model: posix
gcc version 4.8.4 (Ubuntu 4.8.4-2ubuntu1~14.04.3) 
configure:2958: $? = 0
configure:2947: gcc  -V >&5
gcc: error: unrecognized command line option '-V'
gcc: fatal error: no input files
compilation terminated.
configure:2958: $? = 4
configure:2947: gcc  -qversion >&5
gcc: error: unrecognized command line option '-qversion'
gcc: fatal error: no input files
compilation terminated.
configure:2958: $? = 4
configure:2978: checking for C compiler default output file name
configure:3000: gcc  -isystem/home/daniel/Dropbox/Hobby/Zybo_Xilinx_Xilibus/Yocto/poky/build/tmp/sysroots/x86_64-linux/usr/include -O2 -pipe  -static-libstdc++ -static-libgcc -L/home/daniel/Dropbox/Hobby/Zybo_Xilinx_Xilibus/Yocto/poky/build/tmp/sysroots/x86_64-linux/usr/lib -L/home/daniel/Dropbox/Hobby/Zybo_Xilinx_Xilibus/Yocto/poky/build/tmp/sysroots/x86_64-linux/lib -Wl,-rpath-link,/home/daniel/Dropbox/Hobby/Zybo_Xilinx_Xilibus/Yocto/poky/build/tmp/sysroots/x86_64-linux/usr/lib -Wl,-rpath-link,/home/daniel/Dropbox/Hobby/Zybo_Xilinx_Xilibus/Yocto/poky/build/tmp/sysroots/x86_64-linux/lib -Wl,-rpath,/home/daniel/Dropbox/Hobby/Zybo_Xilinx_Xilibus/Yocto/poky/build/tmp/sysroots/x86_64-linux/usr/lib -Wl,-rpath,/home/daniel/Dropbox/Hobby/Zybo_Xilinx_Xilibus/Yocto/poky/build/tmp/sysroots/x86_64-linux/lib -Wl,-O1 conftest.c  >&5
configure:3004: $? = 0
configure:3041: result: a.out
configure:3057: checking whether the C compiler works
configure:3066: ./a.out
configure:3070: $? = 0
configure:3085: result: yes
configure:3092: checking whether we are cross compiling
configure:3094: result: no
configure:3097: checking for suffix of executables
configure:3104: gcc  -o conftest -isystem/home/daniel/Dropbox/Hobby/Zybo_Xilinx_Xilibus/Yocto/poky/build/tmp/sysroots/x86_64-linux/usr/include -O2 -pipe  -static-libstdc++ -static-libgcc -L/home/daniel/Dropbox/Hobby/Zybo_Xilinx_Xilibus/Yocto/poky/build/tmp/sysroots/x86_64-linux/usr/lib -L/home/daniel/Dropbox/Hobby/Zybo_Xilinx_Xilibus/Yocto/poky/build/tmp/sysroots/x86_64-linux/lib -Wl,-rpath-link,/home/daniel/Dropbox/Hobby/Zybo_Xilinx_Xilibus/Yocto/poky/build/tmp/sysroots/x86_64-linux/usr/lib -Wl,-rpath-link,/home/daniel/Dropbox/Hobby/Zybo_Xilinx_Xilibus/Yocto/poky/build/tmp/sysroots/x86_64-linux/lib -Wl,-rpath,/home/daniel/Dropbox/Hobby/Zybo_Xilinx_Xilibus/Yocto/poky/build/tmp/sysroots/x86_64-linux/usr/lib -Wl,-rpath,/home/daniel/Dropbox/Hobby/Zybo_Xilinx_Xilibus/Yocto/poky/build/tmp/sysroots/x86_64-linux/lib -Wl,-O1 conftest.c  >&5
configure:3108: $? = 0
configure:3130: result: 
configure:3136: checking for suffix of object files
configure:3158: gcc  -c -isystem/home/daniel/Dropbox/Hobby/Zybo_Xilinx_Xilibus/Yocto/poky/build/tmp/sysroots/x86_64-linux/usr/include -O2 -pipe  conftest.c >&5
configure:3162: $? = 0
configure:3183: result: o
configure:3187: checking whether we are using the GNU C compiler
configure:3206: gcc  -c -isystem/home/daniel/Dropbox/Hobby/Zybo_Xilinx_Xilibus/Yocto/poky/build/tmp/sysroots/x86_64-linux/usr/include -O2 -pipe  conftest.c >&5
configure:3206: $? = 0
configure:3215: result: yes
configure:3224: checking whether gcc  accepts -g
configure:3244: gcc  -c -g  conftest.c >&5
configure:3244: $? = 0
configure:3285: result: yes
configure:3302: checking for gcc  option to accept ISO C89
configure:3366: gcc   -c -isystem/home/daniel/Dropbox/Hobby/Zybo_Xilinx_Xilibus/Yocto/poky/build/tmp/sysroots/x86_64-linux/usr/include -O2 -pipe  conftest.c >&5
configure:3366: $? = 0
configure:3379: result: none needed
configure:3403: checking build system type
configure:3417: result: x86_64-pc-linux-gnu
configure:3437: checking host system type
configure:3450: result: x86_64-pc-linux-gnu
configure:3473: checking for x86_64-linux-ranlib
configure:3500: result: ranlib
configure:3563: checking for library containing strerror
configure:3594: gcc  -o conftest -isystem/home/daniel/Dropbox/Hobby/Zybo_Xilinx_Xilibus/Yocto/poky/build/tmp/sysroots/x86_64-linux/usr/include -O2 -pipe  -static-libstdc++ -static-libgcc -L/home/daniel/Dropbox/Hobby/Zybo_Xilinx_Xilibus/Yocto/poky/build/tmp/sysroots/x86_64-linux/usr/lib -L/home/daniel/Dropbox/Hobby/Zybo_Xilinx_Xilibus/Yocto/poky/build/tmp/sysroots/x86_64-linux/lib -Wl,-rpath-link,/home/daniel/Dropbox/Hobby/Zybo_Xilinx_Xilibus/Yocto/poky/build/tmp/sysroots/x86_64-linux/usr/lib -Wl,-rpath-link,/home/daniel/Dropbox/Hobby/Zybo_Xilinx_Xilibus/Yocto/poky/build/tmp/sysroots/x86_64-linux/lib -Wl,-rpath,/home/daniel/Dropbox/Hobby/Zybo_Xilinx_Xilibus/Yocto/poky/build/tmp/sysroots/x86_64-linux/usr/lib -Wl,-rpath,/home/daniel/Dropbox/Hobby/Zybo_Xilinx_Xilibus/Yocto/poky/build/tmp/sysroots/x86_64-linux/lib -Wl,-O1 conftest.c  >&5
configure:3594: $? = 0
configure:3611: result: none required
configure:3624: checking how to run the C preprocessor
configure:3694: result: gcc -E 
configure:3714: gcc -E   conftest.c
configure:3714: $? = 0
configure:3728: gcc -E   conftest.c
conftest.c:9:28: fatal error: ac_nonexistent.h: No such file or directory
 #include <ac_nonexistent.h>
                            ^
compilation terminated.
configure:3728: $? = 1
configure: failed program was:
| /* confdefs.h */
| #define PACKAGE_NAME ""
| #define PACKAGE_TARNAME ""
| #define PACKAGE_VERSION ""
| #define PACKAGE_STRING ""
| #define PACKAGE_BUGREPORT ""
| #define PACKAGE_URL ""
| /* end confdefs.h.  */
| #include <ac_nonexistent.h>
configure:3757: checking for grep that handles long lines and -e
configure:3815: result: /bin/grep
configure:3820: checking for egrep
configure:3882: result: /bin/grep -E
configure:3887: checking for ANSI C header files
configure:3907: gcc  -c -isystem/home/daniel/Dropbox/Hobby/Zybo_Xilinx_Xilibus/Yocto/poky/build/tmp/sysroots/x86_64-linux/usr/include -O2 -pipe  conftest.c >&5
configure:3907: $? = 0
configure:3980: gcc  -o conftest -isystem/home/daniel/Dropbox/Hobby/Zybo_Xilinx_Xilibus/Yocto/poky/build/tmp/sysroots/x86_64-linux/usr/include -O2 -pipe  -static-libstdc++ -static-libgcc -L/home/daniel/Dropbox/Hobby/Zybo_Xilinx_Xilibus/Yocto/poky/build/tmp/sysroots/x86_64-linux/usr/lib -L/home/daniel/Dropbox/Hobby/Zybo_Xilinx_Xilibus/Yocto/poky/build/tmp/sysroots/x86_64-linux/lib -Wl,-rpath-link,/home/daniel/Dropbox/Hobby/Zybo_Xilinx_Xilibus/Yocto/poky/build/tmp/sysroots/x86_64-linux/usr/lib -Wl,-rpath-link,/home/daniel/Dropbox/Hobby/Zybo_Xilinx_Xilibus/Yocto/poky/build/tmp/sysroots/x86_64-linux/lib -Wl,-rpath,/home/daniel/Dropbox/Hobby/Zybo_Xilinx_Xilibus/Yocto/poky/build/tmp/sysroots/x86_64-linux/usr/lib -Wl,-rpath,/home/daniel/Dropbox/Hobby/Zybo_Xilinx_Xilibus/Yocto/poky/build/tmp/sysroots/x86_64-linux/lib -Wl,-O1 conftest.c  >&5
configure:3980: $? = 0
configure:3980: ./conftest
configure:3980: $? = 0
configure:3991: result: yes
configure:3999: checking for an ANSI C-conforming const
configure:4064: gcc  -c -isystem/home/daniel/Dropbox/Hobby/Zybo_Xilinx_Xilibus/Yocto/poky/build/tmp/sysroots/x86_64-linux/usr/include -O2 -pipe  conftest.c >&5
configure:4064: $? = 0
configure:4071: result: yes
configure:4079: checking for inline
configure:4095: gcc  -c -isystem/home/daniel/Dropbox/Hobby/Zybo_Xilinx_Xilibus/Yocto/poky/build/tmp/sysroots/x86_64-linux/usr/include -O2 -pipe  conftest.c >&5
configure:4095: $? = 0
configure:4103: result: inline
configure:4126: checking for sys/types.h
configure:4126: gcc  -c -isystem/home/daniel/Dropbox/Hobby/Zybo_Xilinx_Xilibus/Yocto/poky/build/tmp/sysroots/x86_64-linux/usr/include -O2 -pipe  conftest.c >&5
configure:4126: $? = 0
configure:4126: result: yes
configure:4126: checking for sys/stat.h
configure:4126: gcc  -c -isystem/home/daniel/Dropbox/Hobby/Zybo_Xilinx_Xilibus/Yocto/poky/build/tmp/sysroots/x86_64-linux/usr/include -O2 -pipe  conftest.c >&5
configure:4126: $? = 0
configure:4126: result: yes
configure:4126: checking for stdlib.h
configure:4126: gcc  -c -isystem/home/daniel/Dropbox/Hobby/Zybo_Xilinx_Xilibus/Yocto/poky/build/tmp/sysroots/x86_64-linux/usr/include -O2 -pipe  conftest.c >&5
configure:4126: $? = 0
configure:4126: result: yes
configure:4126: checking for string.h
configure:4126: gcc  -c -isystem/home/daniel/Dropbox/Hobby/Zybo_Xilinx_Xilibus/Yocto/poky/build/tmp/sysroots/x86_64-linux/usr/include -O2 -pipe  conftest.c >&5
configure:4126: $? = 0
configure:4126: result: yes
configure:4126: checking for memory.h
configure:4126: gcc  -c -isystem/home/daniel/Dropbox/Hobby/Zybo_Xilinx_Xilibus/Yocto/poky/build/tmp/sysroots/x86_64-linux/usr/include -O2 -pipe  conftest.c >&5
configure:4126: $? = 0
configure:4126: result: yes
configure:4126: checking for strings.h
configure:4126: gcc  -c -isystem/home/daniel/Dropbox/Hobby/Zybo_Xilinx_Xilibus/Yocto/poky/build/tmp/sysroots/x86_64-linux/usr/include -O2 -pipe  conftest.c >&5
configure:4126: $? = 0
configure:4126: result: yes
configure:4126: checking for inttypes.h
configure:4126: gcc  -c -isystem/home/daniel/Dropbox/Hobby/Zybo_Xilinx_Xilibus/Yocto/poky/build/tmp/sysroots/x86_64-linux/usr/include -O2 -pipe  conftest.c >&5
configure:4126: $? = 0
configure:4126: result: yes
configure:4126: checking for stdint.h
configure:4126: gcc  -c -isystem/home/daniel/Dropbox/Hobby/Zybo_Xilinx_Xilibus/Yocto/poky/build/tmp/sysroots/x86_64-linux/usr/include -O2 -pipe  conftest.c >&5
configure:4126: $? = 0
configure:4126: result: yes
configure:4126: checking for unistd.h
configure:4126: gcc  -c -isystem/home/daniel/Dropbox/Hobby/Zybo_Xilinx_Xilibus/Yocto/poky/build/tmp/sysroots/x86_64-linux/usr/include -O2 -pipe  conftest.c >&5
configure:4126: $? = 0
configure:4126: result: yes
configure:4139: checking for off_t
configure:4139: gcc  -c -isystem/home/daniel/Dropbox/Hobby/Zybo_Xilinx_Xilibus/Yocto/poky/build/tmp/sysroots/x86_64-linux/usr/include -O2 -pipe  conftest.c >&5
configure:4139: $? = 0
configure:4139: gcc  -c -isystem/home/daniel/Dropbox/Hobby/Zybo_Xilinx_Xilibus/Yocto/poky/build/tmp/sysroots/x86_64-linux/usr/include -O2 -pipe  conftest.c >&5
conftest.c: In function 'main':
conftest.c:55:20: error: expected expression before ')' token
 if (sizeof ((off_t)))
                    ^
configure:4139: $? = 1
configure: failed program was:
| /* confdefs.h */
| #define PACKAGE_NAME ""
| #define PACKAGE_TARNAME ""
| #define PACKAGE_VERSION ""
| #define PACKAGE_STRING ""
| #define PACKAGE_BUGREPORT ""
| #define PACKAGE_URL ""
| #define STDC_HEADERS 1
| #define HAVE_SYS_TYPES_H 1
| #define HAVE_SYS_STAT_H 1
| #define HAVE_STDLIB_H 1
| #define HAVE_STRING_H 1
| #define HAVE_MEMORY_H 1
| #define HAVE_STRINGS_H 1
| #define HAVE_INTTYPES_H 1
| #define HAVE_STDINT_H 1
| #define HAVE_UNISTD_H 1
| /* end confdefs.h.  */
| #include <stdio.h>
| #ifdef HAVE_SYS_TYPES_H
| # include <sys/types.h>
| #endif
| #ifdef HAVE_SYS_STAT_H
| # include <sys/stat.h>
| #endif
| #ifdef STDC_HEADERS
| # include <stdlib.h>
| # include <stddef.h>
| #else
| # ifdef HAVE_STDLIB_H
| #  include <stdlib.h>
| # endif
| #endif
| #ifdef HAVE_STRING_H
| # if !defined STDC_HEADERS && defined HAVE_MEMORY_H
| #  include <memory.h>
| # endif
| # include <string.h>
| #endif
| #ifdef HAVE_STRINGS_H
| # include <strings.h>
| #endif
| #ifdef HAVE_INTTYPES_H
| # include <inttypes.h>
| #endif
| #ifdef HAVE_STDINT_H
| # include <stdint.h>
| #endif
| #ifdef HAVE_UNISTD_H
| # include <unistd.h>
| #endif
| int
| main ()
| {
| if (sizeof ((off_t)))
| 	    return 0;
|   ;
|   return 0;
| }
configure:4139: result: yes
configure:4150: checking for size_t
configure:4150: gcc  -c -isystem/home/daniel/Dropbox/Hobby/Zybo_Xilinx_Xilibus/Yocto/poky/build/tmp/sysroots/x86_64-linux/usr/include -O2 -pipe  conftest.c >&5
configure:4150: $? = 0
configure:4150: gcc  -c -isystem/home/daniel/Dropbox/Hobby/Zybo_Xilinx_Xilibus/Yocto/poky/build/tmp/sysroots/x86_64-linux/usr/include -O2 -pipe  conftest.c >&5
conftest.c: In function 'main':
conftest.c:55:21: error: expected expression before ')' token
 if (sizeof ((size_t)))
                     ^
configure:4150: $? = 1
configure: failed program was:
| /* confdefs.h */
| #define PACKAGE_NAME ""
| #define PACKAGE_TARNAME ""
| #define PACKAGE_VERSION ""
| #define PACKAGE_STRING ""
| #define PACKAGE_BUGREPORT ""
| #define PACKAGE_URL ""
| #define STDC_HEADERS 1
| #define HAVE_SYS_TYPES_H 1
| #define HAVE_SYS_STAT_H 1
| #define HAVE_STDLIB_H 1
| #define HAVE_STRING_H 1
| #define HAVE_MEMORY_H 1
| #define HAVE_STRINGS_H 1
| #define HAVE_INTTYPES_H 1
| #define HAVE_STDINT_H 1
| #define HAVE_UNISTD_H 1
| /* end confdefs.h.  */
| #include <stdio.h>
| #ifdef HAVE_SYS_TYPES_H
| # include <sys/types.h>
| #endif
| #ifdef HAVE_SYS_STAT_H
| # include <sys/stat.h>
| #endif
| #ifdef STDC_HEADERS
| # include <stdlib.h>
| # include <stddef.h>
| #else
| # ifdef HAVE_STDLIB_H
| #  include <stdlib.h>
| # endif
| #endif
| #ifdef HAVE_STRING_H
| # if !defined STDC_HEADERS && defined HAVE_MEMORY_H
| #  include <memory.h>
| # endif
| # include <string.h>
| #endif
| #ifdef HAVE_STRINGS_H
| # include <strings.h>
| #endif
| #ifdef HAVE_INTTYPES_H
| # include <inttypes.h>
| #endif
| #ifdef HAVE_STDINT_H
| # include <stdint.h>
| #endif
| #ifdef HAVE_UNISTD_H
| # include <unistd.h>
| #endif
| int
| main ()
| {
| if (sizeof ((size_t)))
| 	    return 0;
|   ;
|   return 0;
| }
configure:4150: result: yes
configure:4163: checking for working alloca.h
configure:4180: gcc  -o conftest -isystem/home/daniel/Dropbox/Hobby/Zybo_Xilinx_Xilibus/Yocto/poky/build/tmp/sysroots/x86_64-linux/usr/include -O2 -pipe  -static-libstdc++ -static-libgcc -L/home/daniel/Dropbox/Hobby/Zybo_Xilinx_Xilibus/Yocto/poky/build/tmp/sysroots/x86_64-linux/usr/lib -L/home/daniel/Dropbox/Hobby/Zybo_Xilinx_Xilibus/Yocto/poky/build/tmp/sysroots/x86_64-linux/lib -Wl,-rpath-link,/home/daniel/Dropbox/Hobby/Zybo_Xilinx_Xilibus/Yocto/poky/build/tmp/sysroots/x86_64-linux/usr/lib -Wl,-rpath-link,/home/daniel/Dropbox/Hobby/Zybo_Xilinx_Xilibus/Yocto/poky/build/tmp/sysroots/x86_64-linux/lib -Wl,-rpath,/home/daniel/Dropbox/Hobby/Zybo_Xilinx_Xilibus/Yocto/poky/build/tmp/sysroots/x86_64-linux/usr/lib -Wl,-rpath,/home/daniel/Dropbox/Hobby/Zybo_Xilinx_Xilibus/Yocto/poky/build/tmp/sysroots/x86_64-linux/lib -Wl,-O1 conftest.c  >&5
configure:4180: $? = 0
configure:4188: result: yes
configure:4196: checking for alloca
configure:4233: gcc  -o conftest -isystem/home/daniel/Dropbox/Hobby/Zybo_Xilinx_Xilibus/Yocto/poky/build/tmp/sysroots/x86_64-linux/usr/include -O2 -pipe  -static-libstdc++ -static-libgcc -L/home/daniel/Dropbox/Hobby/Zybo_Xilinx_Xilibus/Yocto/poky/build/tmp/sysroots/x86_64-linux/usr/lib -L/home/daniel/Dropbox/Hobby/Zybo_Xilinx_Xilibus/Yocto/poky/build/tmp/sysroots/x86_64-linux/lib -Wl,-rpath-link,/home/daniel/Dropbox/Hobby/Zybo_Xilinx_Xilibus/Yocto/poky/build/tmp/sysroots/x86_64-linux/usr/lib -Wl,-rpath-link,/home/daniel/Dropbox/Hobby/Zybo_Xilinx_Xilibus/Yocto/poky/build/tmp/sysroots/x86_64-linux/lib -Wl,-rpath,/home/daniel/Dropbox/Hobby/Zybo_Xilinx_Xilibus/Yocto/poky/build/tmp/sysroots/x86_64-linux/usr/lib -Wl,-rpath,/home/daniel/Dropbox/Hobby/Zybo_Xilinx_Xilibus/Yocto/poky/build/tmp/sysroots/x86_64-linux/lib -Wl,-O1 conftest.c  >&5
configure:4233: $? = 0
configure:4241: result: yes
configure:4354: checking for stdlib.h
configure:4354: result: yes
configure:4354: checking for unistd.h
configure:4354: result: yes
configure:4367: checking for getpagesize
configure:4367: gcc  -o conftest -isystem/home/daniel/Dropbox/Hobby/Zybo_Xilinx_Xilibus/Yocto/poky/build/tmp/sysroots/x86_64-linux/usr/include -O2 -pipe  -static-libstdc++ -static-libgcc -L/home/daniel/Dropbox/Hobby/Zybo_Xilinx_Xilibus/Yocto/poky/build/tmp/sysroots/x86_64-linux/usr/lib -L/home/daniel/Dropbox/Hobby/Zybo_Xilinx_Xilibus/Yocto/poky/build/tmp/sysroots/x86_64-linux/lib -Wl,-rpath-link,/home/daniel/Dropbox/Hobby/Zybo_Xilinx_Xilibus/Yocto/poky/build/tmp/sysroots/x86_64-linux/usr/lib -Wl,-rpath-link,/home/daniel/Dropbox/Hobby/Zybo_Xilinx_Xilibus/Yocto/poky/build/tmp/sysroots/x86_64-linux/lib -Wl,-rpath,/home/daniel/Dropbox/Hobby/Zybo_Xilinx_Xilibus/Yocto/poky/build/tmp/sysroots/x86_64-linux/usr/lib -Wl,-rpath,/home/daniel/Dropbox/Hobby/Zybo_Xilinx_Xilibus/Yocto/poky/build/tmp/sysroots/x86_64-linux/lib -Wl,-O1 conftest.c  >&5
configure:4367: $? = 0
configure:4367: result: yes
configure:4376: checking for working mmap
configure:4513: gcc  -o conftest -isystem/home/daniel/Dropbox/Hobby/Zybo_Xilinx_Xilibus/Yocto/poky/build/tmp/sysroots/x86_64-linux/usr/include -O2 -pipe  -static-libstdc++ -static-libgcc -L/home/daniel/Dropbox/Hobby/Zybo_Xilinx_Xilibus/Yocto/poky/build/tmp/sysroots/x86_64-linux/usr/lib -L/home/daniel/Dropbox/Hobby/Zybo_Xilinx_Xilibus/Yocto/poky/build/tmp/sysroots/x86_64-linux/lib -Wl,-rpath-link,/home/daniel/Dropbox/Hobby/Zybo_Xilinx_Xilibus/Yocto/poky/build/tmp/sysroots/x86_64-linux/usr/lib -Wl,-rpath-link,/home/daniel/Dropbox/Hobby/Zybo_Xilinx_Xilibus/Yocto/poky/build/tmp/sysroots/x86_64-linux/lib -Wl,-rpath,/home/daniel/Dropbox/Hobby/Zybo_Xilinx_Xilibus/Yocto/poky/build/tmp/sysroots/x86_64-linux/usr/lib -Wl,-rpath,/home/daniel/Dropbox/Hobby/Zybo_Xilinx_Xilibus/Yocto/poky/build/tmp/sysroots/x86_64-linux/lib -Wl,-O1 conftest.c  >&5
configure:4513: $? = 0
configure:4513: ./conftest
configure:4513: $? = 0
configure:4523: result: yes
configure:4533: checking whether we are using the GNU C Library 2.1 or newer
configure:4560: result: yes
configure:4568: checking whether integer division by zero raises SIGFPE
configure:4625: gcc  -o conftest -isystem/home/daniel/Dropbox/Hobby/Zybo_Xilinx_Xilibus/Yocto/poky/build/tmp/sysroots/x86_64-linux/usr/include -O2 -pipe  -static-libstdc++ -static-libgcc -L/home/daniel/Dropbox/Hobby/Zybo_Xilinx_Xilibus/Yocto/poky/build/tmp/sysroots/x86_64-linux/usr/lib -L/home/daniel/Dropbox/Hobby/Zybo_Xilinx_Xilibus/Yocto/poky/build/tmp/sysroots/x86_64-linux/lib -Wl,-rpath-link,/home/daniel/Dropbox/Hobby/Zybo_Xilinx_Xilibus/Yocto/poky/build/tmp/sysroots/x86_64-linux/usr/lib -Wl,-rpath-link,/home/daniel/Dropbox/Hobby/Zybo_Xilinx_Xilibus/Yocto/poky/build/tmp/sysroots/x86_64-linux/lib -Wl,-rpath,/home/daniel/Dropbox/Hobby/Zybo_Xilinx_Xilibus/Yocto/poky/build/tmp/sysroots/x86_64-linux/usr/lib -Wl,-rpath,/home/daniel/Dropbox/Hobby/Zybo_Xilinx_Xilibus/Yocto/poky/build/tmp/sysroots/x86_64-linux/lib -Wl,-O1 conftest.c  >&5
conftest.c:43:5: warning: built-in function 'nan' declared as non-function [enabled by default]
 int nan;
     ^
configure:4625: $? = 0
configure:4625: ./conftest
configure:4625: $? = 0
configure:4636: result: yes
configure:4649: checking for inttypes.h
configure:4666: gcc  -c -isystem/home/daniel/Dropbox/Hobby/Zybo_Xilinx_Xilibus/Yocto/poky/build/tmp/sysroots/x86_64-linux/usr/include -O2 -pipe  conftest.c >&5
configure:4666: $? = 0
configure:4673: result: yes
configure:4684: checking for stdint.h
configure:4701: gcc  -c -isystem/home/daniel/Dropbox/Hobby/Zybo_Xilinx_Xilibus/Yocto/poky/build/tmp/sysroots/x86_64-linux/usr/include -O2 -pipe  conftest.c >&5
configure:4701: $? = 0
configure:4708: result: yes
configure:4719: checking for unsigned long long
configure:4736: gcc  -o conftest -isystem/home/daniel/Dropbox/Hobby/Zybo_Xilinx_Xilibus/Yocto/poky/build/tmp/sysroots/x86_64-linux/usr/include -O2 -pipe  -static-libstdc++ -static-libgcc -L/home/daniel/Dropbox/Hobby/Zybo_Xilinx_Xilibus/Yocto/poky/build/tmp/sysroots/x86_64-linux/usr/lib -L/home/daniel/Dropbox/Hobby/Zybo_Xilinx_Xilibus/Yocto/poky/build/tmp/sysroots/x86_64-linux/lib -Wl,-rpath-link,/home/daniel/Dropbox/Hobby/Zybo_Xilinx_Xilibus/Yocto/poky/build/tmp/sysroots/x86_64-linux/usr/lib -Wl,-rpath-link,/home/daniel/Dropbox/Hobby/Zybo_Xilinx_Xilibus/Yocto/poky/build/tmp/sysroots/x86_64-linux/lib -Wl,-rpath,/home/daniel/Dropbox/Hobby/Zybo_Xilinx_Xilibus/Yocto/poky/build/tmp/sysroots/x86_64-linux/usr/lib -Wl,-rpath,/home/daniel/Dropbox/Hobby/Zybo_Xilinx_Xilibus/Yocto/poky/build/tmp/sysroots/x86_64-linux/lib -Wl,-O1 conftest.c  >&5
configure:4736: $? = 0
configure:4744: result: yes
configure:4772: checking for inttypes.h
configure:4790: gcc  -c -isystem/home/daniel/Dropbox/Hobby/Zybo_Xilinx_Xilibus/Yocto/poky/build/tmp/sysroots/x86_64-linux/usr/include -O2 -pipe  conftest.c >&5
configure:4790: $? = 0
configure:4798: result: yes
configure:4811: checking whether the inttypes.h PRIxNN macros are broken
configure:4832: gcc  -c -isystem/home/daniel/Dropbox/Hobby/Zybo_Xilinx_Xilibus/Yocto/poky/build/tmp/sysroots/x86_64-linux/usr/include -O2 -pipe  conftest.c >&5
configure:4832: $? = 0
configure:4840: result: no
configure:4891: checking for ld used by GCC
configure:4954: result: ld 
configure:4961: checking if the linker (ld ) is GNU ld
GNU ld (GNU Binutils for Ubuntu) 2.24
configure:4973: result: yes
configure:4979: checking for shared library run path origin
configure:4992: result: done
configure:5398: checking argz.h usability
configure:5398: gcc  -c -isystem/home/daniel/Dropbox/Hobby/Zybo_Xilinx_Xilibus/Yocto/poky/build/tmp/sysroots/x86_64-linux/usr/include -O2 -pipe  conftest.c >&5
configure:5398: $? = 0
configure:5398: result: yes
configure:5398: checking argz.h presence
configure:5398: gcc -E   conftest.c
configure:5398: $? = 0
configure:5398: result: yes
configure:5398: checking for argz.h
configure:5398: result: yes
configure:5398: checking limits.h usability
configure:5398: gcc  -c -isystem/home/daniel/Dropbox/Hobby/Zybo_Xilinx_Xilibus/Yocto/poky/build/tmp/sysroots/x86_64-linux/usr/include -O2 -pipe  conftest.c >&5
configure:5398: $? = 0
configure:5398: result: yes
configure:5398: checking limits.h presence
configure:5398: gcc -E   conftest.c
configure:5398: $? = 0
configure:5398: result: yes
configure:5398: checking for limits.h
configure:5398: result: yes
configure:5398: checking locale.h usability
configure:5398: gcc  -c -isystem/home/daniel/Dropbox/Hobby/Zybo_Xilinx_Xilibus/Yocto/poky/build/tmp/sysroots/x86_64-linux/usr/include -O2 -pipe  conftest.c >&5
configure:5398: $? = 0
configure:5398: result: yes
configure:5398: checking locale.h presence
configure:5398: gcc -E   conftest.c
configure:5398: $? = 0
configure:5398: result: yes
configure:5398: checking for locale.h
configure:5398: result: yes
configure:5398: checking nl_types.h usability
configure:5398: gcc  -c -isystem/home/daniel/Dropbox/Hobby/Zybo_Xilinx_Xilibus/Yocto/poky/build/tmp/sysroots/x86_64-linux/usr/include -O2 -pipe  conftest.c >&5
configure:5398: $? = 0
configure:5398: result: yes
configure:5398: checking nl_types.h presence
configure:5398: gcc -E   conftest.c
configure:5398: $? = 0
configure:5398: result: yes
configure:5398: checking for nl_types.h
configure:5398: result: yes
configure:5398: checking malloc.h usability
configure:5398: gcc  -c -isystem/home/daniel/Dropbox/Hobby/Zybo_Xilinx_Xilibus/Yocto/poky/build/tmp/sysroots/x86_64-linux/usr/include -O2 -pipe  conftest.c >&5
configure:5398: $? = 0
configure:5398: result: yes
configure:5398: checking malloc.h presence
configure:5398: gcc -E   conftest.c
configure:5398: $? = 0
configure:5398: result: yes
configure:5398: checking for malloc.h
configure:5398: result: yes
configure:5398: checking stddef.h usability
configure:5398: gcc  -c -isystem/home/daniel/Dropbox/Hobby/Zybo_Xilinx_Xilibus/Yocto/poky/build/tmp/sysroots/x86_64-linux/usr/include -O2 -pipe  conftest.c >&5
configure:5398: $? = 0
configure:5398: result: yes
configure:5398: checking stddef.h presence
configure:5398: gcc -E   conftest.c
configure:5398: $? = 0
configure:5398: result: yes
configure:5398: checking for stddef.h
configure:5398: result: yes
configure:5398: checking for stdlib.h
configure:5398: result: yes
configure:5398: checking for string.h
configure:5398: result: yes
configure:5398: checking for unistd.h
configure:5398: result: yes
configure:5398: checking sys/param.h usability
configure:5398: gcc  -c -isystem/home/daniel/Dropbox/Hobby/Zybo_Xilinx_Xilibus/Yocto/poky/build/tmp/sysroots/x86_64-linux/usr/include -O2 -pipe  conftest.c >&5
configure:5398: $? = 0
configure:5398: result: yes
configure:5398: checking sys/param.h presence
configure:5398: gcc -E   conftest.c
configure:5398: $? = 0
configure:5398: result: yes
configure:5398: checking for sys/param.h
configure:5398: result: yes
configure:5415: checking for feof_unlocked
configure:5415: gcc  -o conftest -isystem/home/daniel/Dropbox/Hobby/Zybo_Xilinx_Xilibus/Yocto/poky/build/tmp/sysroots/x86_64-linux/usr/include -O2 -pipe  -static-libstdc++ -static-libgcc -L/home/daniel/Dropbox/Hobby/Zybo_Xilinx_Xilibus/Yocto/poky/build/tmp/sysroots/x86_64-linux/usr/lib -L/home/daniel/Dropbox/Hobby/Zybo_Xilinx_Xilibus/Yocto/poky/build/tmp/sysroots/x86_64-linux/lib -Wl,-rpath-link,/home/daniel/Dropbox/Hobby/Zybo_Xilinx_Xilibus/Yocto/poky/build/tmp/sysroots/x86_64-linux/usr/lib -Wl,-rpath-link,/home/daniel/Dropbox/Hobby/Zybo_Xilinx_Xilibus/Yocto/poky/build/tmp/sysroots/x86_64-linux/lib -Wl,-rpath,/home/daniel/Dropbox/Hobby/Zybo_Xilinx_Xilibus/Yocto/poky/build/tmp/sysroots/x86_64-linux/usr/lib -Wl,-rpath,/home/daniel/Dropbox/Hobby/Zybo_Xilinx_Xilibus/Yocto/poky/build/tmp/sysroots/x86_64-linux/lib -Wl,-O1 conftest.c  >&5
configure:5415: $? = 0
configure:5415: result: yes
configure:5415: checking for fgets_unlocked
configure:5415: gcc  -o conftest -isystem/home/daniel/Dropbox/Hobby/Zybo_Xilinx_Xilibus/Yocto/poky/build/tmp/sysroots/x86_64-linux/usr/include -O2 -pipe  -static-libstdc++ -static-libgcc -L/home/daniel/Dropbox/Hobby/Zybo_Xilinx_Xilibus/Yocto/poky/build/tmp/sysroots/x86_64-linux/usr/lib -L/home/daniel/Dropbox/Hobby/Zybo_Xilinx_Xilibus/Yocto/poky/build/tmp/sysroots/x86_64-linux/lib -Wl,-rpath-link,/home/daniel/Dropbox/Hobby/Zybo_Xilinx_Xilibus/Yocto/poky/build/tmp/sysroots/x86_64-linux/usr/lib -Wl,-rpath-link,/home/daniel/Dropbox/Hobby/Zybo_Xilinx_Xilibus/Yocto/poky/build/tmp/sysroots/x86_64-linux/lib -Wl,-rpath,/home/daniel/Dropbox/Hobby/Zybo_Xilinx_Xilibus/Yocto/poky/build/tmp/sysroots/x86_64-linux/usr/lib -Wl,-rpath,/home/daniel/Dropbox/Hobby/Zybo_Xilinx_Xilibus/Yocto/poky/build/tmp/sysroots/x86_64-linux/lib -Wl,-O1 conftest.c  >&5
configure:5415: $? = 0
configure:5415: result: yes
configure:5415: checking for getc_unlocked
configure:5415: gcc  -o conftest -isystem/home/daniel/Dropbox/Hobby/Zybo_Xilinx_Xilibus/Yocto/poky/build/tmp/sysroots/x86_64-linux/usr/include -O2 -pipe  -static-libstdc++ -static-libgcc -L/home/daniel/Dropbox/Hobby/Zybo_Xilinx_Xilibus/Yocto/poky/build/tmp/sysroots/x86_64-linux/usr/lib -L/home/daniel/Dropbox/Hobby/Zybo_Xilinx_Xilibus/Yocto/poky/build/tmp/sysroots/x86_64-linux/lib -Wl,-rpath-link,/home/daniel/Dropbox/Hobby/Zybo_Xilinx_Xilibus/Yocto/poky/build/tmp/sysroots/x86_64-linux/usr/lib -Wl,-rpath-link,/home/daniel/Dropbox/Hobby/Zybo_Xilinx_Xilibus/Yocto/poky/build/tmp/sysroots/x86_64-linux/lib -Wl,-rpath,/home/daniel/Dropbox/Hobby/Zybo_Xilinx_Xilibus/Yocto/poky/build/tmp/sysroots/x86_64-linux/usr/lib -Wl,-rpath,/home/daniel/Dropbox/Hobby/Zybo_Xilinx_Xilibus/Yocto/poky/build/tmp/sysroots/x86_64-linux/lib -Wl,-O1 conftest.c  >&5
configure:5415: $? = 0
configure:5415: result: yes
configure:5415: checking for getcwd
configure:5415: gcc  -o conftest -isystem/home/daniel/Dropbox/Hobby/Zybo_Xilinx_Xilibus/Yocto/poky/build/tmp/sysroots/x86_64-linux/usr/include -O2 -pipe  -static-libstdc++ -static-libgcc -L/home/daniel/Dropbox/Hobby/Zybo_Xilinx_Xilibus/Yocto/poky/build/tmp/sysroots/x86_64-linux/usr/lib -L/home/daniel/Dropbox/Hobby/Zybo_Xilinx_Xilibus/Yocto/poky/build/tmp/sysroots/x86_64-linux/lib -Wl,-rpath-link,/home/daniel/Dropbox/Hobby/Zybo_Xilinx_Xilibus/Yocto/poky/build/tmp/sysroots/x86_64-linux/usr/lib -Wl,-rpath-link,/home/daniel/Dropbox/Hobby/Zybo_Xilinx_Xilibus/Yocto/poky/build/tmp/sysroots/x86_64-linux/lib -Wl,-rpath,/home/daniel/Dropbox/Hobby/Zybo_Xilinx_Xilibus/Yocto/poky/build/tmp/sysroots/x86_64-linux/usr/lib -Wl,-rpath,/home/daniel/Dropbox/Hobby/Zybo_Xilinx_Xilibus/Yocto/poky/build/tmp/sysroots/x86_64-linux/lib -Wl,-O1 conftest.c  >&5
configure:5415: $? = 0
configure:5415: result: yes
configure:5415: checking for getegid
configure:5415: gcc  -o conftest -isystem/home/daniel/Dropbox/Hobby/Zybo_Xilinx_Xilibus/Yocto/poky/build/tmp/sysroots/x86_64-linux/usr/include -O2 -pipe  -static-libstdc++ -static-libgcc -L/home/daniel/Dropbox/Hobby/Zybo_Xilinx_Xilibus/Yocto/poky/build/tmp/sysroots/x86_64-linux/usr/lib -L/home/daniel/Dropbox/Hobby/Zybo_Xilinx_Xilibus/Yocto/poky/build/tmp/sysroots/x86_64-linux/lib -Wl,-rpath-link,/home/daniel/Dropbox/Hobby/Zybo_Xilinx_Xilibus/Yocto/poky/build/tmp/sysroots/x86_64-linux/usr/lib -Wl,-rpath-link,/home/daniel/Dropbox/Hobby/Zybo_Xilinx_Xilibus/Yocto/poky/build/tmp/sysroots/x86_64-linux/lib -Wl,-rpath,/home/daniel/Dropbox/Hobby/Zybo_Xilinx_Xilibus/Yocto/poky/build/tmp/sysroots/x86_64-linux/usr/lib -Wl,-rpath,/home/daniel/Dropbox/Hobby/Zybo_Xilinx_Xilibus/Yocto/poky/build/tmp/sysroots/x86_64-linux/lib -Wl,-O1 conftest.c  >&5
configure:5415: $? = 0
configure:5415: result: yes
configure:5415: checking for geteuid
configure:5415: gcc  -o conftest -isystem/home/daniel/Dropbox/Hobby/Zybo_Xilinx_Xilibus/Yocto/poky/build/tmp/sysroots/x86_64-linux/usr/include -O2 -pipe  -static-libstdc++ -static-libgcc -L/home/daniel/Dropbox/Hobby/Zybo_Xilinx_Xilibus/Yocto/poky/build/tmp/sysroots/x86_64-linux/usr/lib -L/home/daniel/Dropbox/Hobby/Zybo_Xilinx_Xilibus/Yocto/poky/build/tmp/sysroots/x86_64-linux/lib -Wl,-rpath-link,/home/daniel/Dropbox/Hobby/Zybo_Xilinx_Xilibus/Yocto/poky/build/tmp/sysroots/x86_64-linux/usr/lib -Wl,-rpath-link,/home/daniel/Dropbox/Hobby/Zybo_Xilinx_Xilibus/Yocto/poky/build/tmp/sysroots/x86_64-linux/lib -Wl,-rpath,/home/daniel/Dropbox/Hobby/Zybo_Xilinx_Xilibus/Yocto/poky/build/tmp/sysroots/x86_64-linux/usr/lib -Wl,-rpath,/home/daniel/Dropbox/Hobby/Zybo_Xilinx_Xilibus/Yocto/poky/build/tmp/sysroots/x86_64-linux/lib -Wl,-O1 conftest.c  >&5
configure:5415: $? = 0
configure:5415: result: yes
configure:5415: checking for getgid
configure:5415: gcc  -o conftest -isystem/home/daniel/Dropbox/Hobby/Zybo_Xilinx_Xilibus/Yocto/poky/build/tmp/sysroots/x86_64-linux/usr/include -O2 -pipe  -static-libstdc++ -static-libgcc -L/home/daniel/Dropbox/Hobby/Zybo_Xilinx_Xilibus/Yocto/poky/build/tmp/sysroots/x86_64-linux/usr/lib -L/home/daniel/Dropbox/Hobby/Zybo_Xilinx_Xilibus/Yocto/poky/build/tmp/sysroots/x86_64-linux/lib -Wl,-rpath-link,/home/daniel/Dropbox/Hobby/Zybo_Xilinx_Xilibus/Yocto/poky/build/tmp/sysroots/x86_64-linux/usr/lib -Wl,-rpath-link,/home/daniel/Dropbox/Hobby/Zybo_Xilinx_Xilibus/Yocto/poky/build/tmp/sysroots/x86_64-linux/lib -Wl,-rpath,/home/daniel/Dropbox/Hobby/Zybo_Xilinx_Xilibus/Yocto/poky/build/tmp/sysroots/x86_64-linux/usr/lib -Wl,-rpath,/home/daniel/Dropbox/Hobby/Zybo_Xilinx_Xilibus/Yocto/poky/build/tmp/sysroots/x86_64-linux/lib -Wl,-O1 conftest.c  >&5
configure:5415: $? = 0
configure:5415: result: yes
configure:5415: checking for getuid
configure:5415: gcc  -o conftest -isystem/home/daniel/Dropbox/Hobby/Zybo_Xilinx_Xilibus/Yocto/poky/build/tmp/sysroots/x86_64-linux/usr/include -O2 -pipe  -static-libstdc++ -static-libgcc -L/home/daniel/Dropbox/Hobby/Zybo_Xilinx_Xilibus/Yocto/poky/build/tmp/sysroots/x86_64-linux/usr/lib -L/home/daniel/Dropbox/Hobby/Zybo_Xilinx_Xilibus/Yocto/poky/build/tmp/sysroots/x86_64-linux/lib -Wl,-rpath-link,/home/daniel/Dropbox/Hobby/Zybo_Xilinx_Xilibus/Yocto/poky/build/tmp/sysroots/x86_64-linux/usr/lib -Wl,-rpath-link,/home/daniel/Dropbox/Hobby/Zybo_Xilinx_Xilibus/Yocto/poky/build/tmp/sysroots/x86_64-linux/lib -Wl,-rpath,/home/daniel/Dropbox/Hobby/Zybo_Xilinx_Xilibus/Yocto/poky/build/tmp/sysroots/x86_64-linux/usr/lib -Wl,-rpath,/home/daniel/Dropbox/Hobby/Zybo_Xilinx_Xilibus/Yocto/poky/build/tmp/sysroots/x86_64-linux/lib -Wl,-O1 conftest.c  >&5
configure:5415: $? = 0
configure:5415: result: yes
configure:5415: checking for mempcpy
configure:5415: gcc  -o conftest -isystem/home/daniel/Dropbox/Hobby/Zybo_Xilinx_Xilibus/Yocto/poky/build/tmp/sysroots/x86_64-linux/usr/include -O2 -pipe  -static-libstdc++ -static-libgcc -L/home/daniel/Dropbox/Hobby/Zybo_Xilinx_Xilibus/Yocto/poky/build/tmp/sysroots/x86_64-linux/usr/lib -L/home/daniel/Dropbox/Hobby/Zybo_Xilinx_Xilibus/Yocto/poky/build/tmp/sysroots/x86_64-linux/lib -Wl,-rpath-link,/home/daniel/Dropbox/Hobby/Zybo_Xilinx_Xilibus/Yocto/poky/build/tmp/sysroots/x86_64-linux/usr/lib -Wl,-rpath-link,/home/daniel/Dropbox/Hobby/Zybo_Xilinx_Xilibus/Yocto/poky/build/tmp/sysroots/x86_64-linux/lib -Wl,-rpath,/home/daniel/Dropbox/Hobby/Zybo_Xilinx_Xilibus/Yocto/poky/build/tmp/sysroots/x86_64-linux/usr/lib -Wl,-rpath,/home/daniel/Dropbox/Hobby/Zybo_Xilinx_Xilibus/Yocto/poky/build/tmp/sysroots/x86_64-linux/lib -Wl,-O1 conftest.c  >&5
conftest.c:72:6: warning: conflicting types for built-in function 'mempcpy' [enabled by default]
 char mempcpy ();
      ^
configure:5415: $? = 0
configure:5415: result: yes
configure:5415: checking for munmap
configure:5415: gcc  -o conftest -isystem/home/daniel/Dropbox/Hobby/Zybo_Xilinx_Xilibus/Yocto/poky/build/tmp/sysroots/x86_64-linux/usr/include -O2 -pipe  -static-libstdc++ -static-libgcc -L/home/daniel/Dropbox/Hobby/Zybo_Xilinx_Xilibus/Yocto/poky/build/tmp/sysroots/x86_64-linux/usr/lib -L/home/daniel/Dropbox/Hobby/Zybo_Xilinx_Xilibus/Yocto/poky/build/tmp/sysroots/x86_64-linux/lib -Wl,-rpath-link,/home/daniel/Dropbox/Hobby/Zybo_Xilinx_Xilibus/Yocto/poky/build/tmp/sysroots/x86_64-linux/usr/lib -Wl,-rpath-link,/home/daniel/Dropbox/Hobby/Zybo_Xilinx_Xilibus/Yocto/poky/build/tmp/sysroots/x86_64-linux/lib -Wl,-rpath,/home/daniel/Dropbox/Hobby/Zybo_Xilinx_Xilibus/Yocto/poky/build/tmp/sysroots/x86_64-linux/usr/lib -Wl,-rpath,/home/daniel/Dropbox/Hobby/Zybo_Xilinx_Xilibus/Yocto/poky/build/tmp/sysroots/x86_64-linux/lib -Wl,-O1 conftest.c  >&5
configure:5415: $? = 0
configure:5415: result: yes
configure:5415: checking for putenv
configure:5415: gcc  -o conftest -isystem/home/daniel/Dropbox/Hobby/Zybo_Xilinx_Xilibus/Yocto/poky/build/tmp/sysroots/x86_64-linux/usr/include -O2 -pipe  -static-libstdc++ -static-libgcc -L/home/daniel/Dropbox/Hobby/Zybo_Xilinx_Xilibus/Yocto/poky/build/tmp/sysroots/x86_64-linux/usr/lib -L/home/daniel/Dropbox/Hobby/Zybo_Xilinx_Xilibus/Yocto/poky/build/tmp/sysroots/x86_64-linux/lib -Wl,-rpath-link,/home/daniel/Dropbox/Hobby/Zybo_Xilinx_Xilibus/Yocto/poky/build/tmp/sysroots/x86_64-linux/usr/lib -Wl,-rpath-link,/home/daniel/Dropbox/Hobby/Zybo_Xilinx_Xilibus/Yocto/poky/build/tmp/sysroots/x86_64-linux/lib -Wl,-rpath,/home/daniel/Dropbox/Hobby/Zybo_Xilinx_Xilibus/Yocto/poky/build/tmp/sysroots/x86_64-linux/usr/lib -Wl,-rpath,/home/daniel/Dropbox/Hobby/Zybo_Xilinx_Xilibus/Yocto/poky/build/tmp/sysroots/x86_64-linux/lib -Wl,-O1 conftest.c  >&5
configure:5415: $? = 0
configure:5415: result: yes
configure:5415: checking for setenv
configure:5415: gcc  -o conftest -isystem/home/daniel/Dropbox/Hobby/Zybo_Xilinx_Xilibus/Yocto/poky/build/tmp/sysroots/x86_64-linux/usr/include -O2 -pipe  -static-libstdc++ -static-libgcc -L/home/daniel/Dropbox/Hobby/Zybo_Xilinx_Xilibus/Yocto/poky/build/tmp/sysroots/x86_64-linux/usr/lib -L/home/daniel/Dropbox/Hobby/Zybo_Xilinx_Xilibus/Yocto/poky/build/tmp/sysroots/x86_64-linux/lib -Wl,-rpath-link,/home/daniel/Dropbox/Hobby/Zybo_Xilinx_Xilibus/Yocto/poky/build/tmp/sysroots/x86_64-linux/usr/lib -Wl,-rpath-link,/home/daniel/Dropbox/Hobby/Zybo_Xilinx_Xilibus/Yocto/poky/build/tmp/sysroots/x86_64-linux/lib -Wl,-rpath,/home/daniel/Dropbox/Hobby/Zybo_Xilinx_Xilibus/Yocto/poky/build/tmp/sysroots/x86_64-linux/usr/lib -Wl,-rpath,/home/daniel/Dropbox/Hobby/Zybo_Xilinx_Xilibus/Yocto/poky/build/tmp/sysroots/x86_64-linux/lib -Wl,-O1 conftest.c  >&5
configure:5415: $? = 0
configure:5415: result: yes
configure:5415: checking for setlocale
configure:5415: gcc  -o conftest -isystem/home/daniel/Dropbox/Hobby/Zybo_Xilinx_Xilibus/Yocto/poky/build/tmp/sysroots/x86_64-linux/usr/include -O2 -pipe  -static-libstdc++ -static-libgcc -L/home/daniel/Dropbox/Hobby/Zybo_Xilinx_Xilibus/Yocto/poky/build/tmp/sysroots/x86_64-linux/usr/lib -L/home/daniel/Dropbox/Hobby/Zybo_Xilinx_Xilibus/Yocto/poky/build/tmp/sysroots/x86_64-linux/lib -Wl,-rpath-link,/home/daniel/Dropbox/Hobby/Zybo_Xilinx_Xilibus/Yocto/poky/build/tmp/sysroots/x86_64-linux/usr/lib -Wl,-rpath-link,/home/daniel/Dropbox/Hobby/Zybo_Xilinx_Xilibus/Yocto/poky/build/tmp/sysroots/x86_64-linux/lib -Wl,-rpath,/home/daniel/Dropbox/Hobby/Zybo_Xilinx_Xilibus/Yocto/poky/build/tmp/sysroots/x86_64-linux/usr/lib -Wl,-rpath,/home/daniel/Dropbox/Hobby/Zybo_Xilinx_Xilibus/Yocto/poky/build/tmp/sysroots/x86_64-linux/lib -Wl,-O1 conftest.c  >&5
configure:5415: $? = 0
configure:5415: result: yes
configure:5415: checking for stpcpy
configure:5415: gcc  -o conftest -isystem/home/daniel/Dropbox/Hobby/Zybo_Xilinx_Xilibus/Yocto/poky/build/tmp/sysroots/x86_64-linux/usr/include -O2 -pipe  -static-libstdc++ -static-libgcc -L/home/daniel/Dropbox/Hobby/Zybo_Xilinx_Xilibus/Yocto/poky/build/tmp/sysroots/x86_64-linux/usr/lib -L/home/daniel/Dropbox/Hobby/Zybo_Xilinx_Xilibus/Yocto/poky/build/tmp/sysroots/x86_64-linux/lib -Wl,-rpath-link,/home/daniel/Dropbox/Hobby/Zybo_Xilinx_Xilibus/Yocto/poky/build/tmp/sysroots/x86_64-linux/usr/lib -Wl,-rpath-link,/home/daniel/Dropbox/Hobby/Zybo_Xilinx_Xilibus/Yocto/poky/build/tmp/sysroots/x86_64-linux/lib -Wl,-rpath,/home/daniel/Dropbox/Hobby/Zybo_Xilinx_Xilibus/Yocto/poky/build/tmp/sysroots/x86_64-linux/usr/lib -Wl,-rpath,/home/daniel/Dropbox/Hobby/Zybo_Xilinx_Xilibus/Yocto/poky/build/tmp/sysroots/x86_64-linux/lib -Wl,-O1 conftest.c  >&5
conftest.c:77:6: warning: conflicting types for built-in function 'stpcpy' [enabled by default]
 char stpcpy ();
      ^
configure:5415: $? = 0
configure:5415: result: yes
configure:5415: checking for strcasecmp
configure:5415: gcc  -o conftest -isystem/home/daniel/Dropbox/Hobby/Zybo_Xilinx_Xilibus/Yocto/poky/build/tmp/sysroots/x86_64-linux/usr/include -O2 -pipe  -static-libstdc++ -static-libgcc -L/home/daniel/Dropbox/Hobby/Zybo_Xilinx_Xilibus/Yocto/poky/build/tmp/sysroots/x86_64-linux/usr/lib -L/home/daniel/Dropbox/Hobby/Zybo_Xilinx_Xilibus/Yocto/poky/build/tmp/sysroots/x86_64-linux/lib -Wl,-rpath-link,/home/daniel/Dropbox/Hobby/Zybo_Xilinx_Xilibus/Yocto/poky/build/tmp/sysroots/x86_64-linux/usr/lib -Wl,-rpath-link,/home/daniel/Dropbox/Hobby/Zybo_Xilinx_Xilibus/Yocto/poky/build/tmp/sysroots/x86_64-linux/lib -Wl,-rpath,/home/daniel/Dropbox/Hobby/Zybo_Xilinx_Xilibus/Yocto/poky/build/tmp/sysroots/x86_64-linux/usr/lib -Wl,-rpath,/home/daniel/Dropbox/Hobby/Zybo_Xilinx_Xilibus/Yocto/poky/build/tmp/sysroots/x86_64-linux/lib -Wl,-O1 conftest.c  >&5
conftest.c:78:6: warning: conflicting types for built-in function 'strcasecmp' [enabled by default]
 char strcasecmp ();
      ^
configure:5415: $? = 0
configure:5415: result: yes
configure:5415: checking for strdup
configure:5415: gcc  -o conftest -isystem/home/daniel/Dropbox/Hobby/Zybo_Xilinx_Xilibus/Yocto/poky/build/tmp/sysroots/x86_64-linux/usr/include -O2 -pipe  -static-libstdc++ -static-libgcc -L/home/daniel/Dropbox/Hobby/Zybo_Xilinx_Xilibus/Yocto/poky/build/tmp/sysroots/x86_64-linux/usr/lib -L/home/daniel/Dropbox/Hobby/Zybo_Xilinx_Xilibus/Yocto/poky/build/tmp/sysroots/x86_64-linux/lib -Wl,-rpath-link,/home/daniel/Dropbox/Hobby/Zybo_Xilinx_Xilibus/Yocto/poky/build/tmp/sysroots/x86_64-linux/usr/lib -Wl,-rpath-link,/home/daniel/Dropbox/Hobby/Zybo_Xilinx_Xilibus/Yocto/poky/build/tmp/sysroots/x86_64-linux/lib -Wl,-rpath,/home/daniel/Dropbox/Hobby/Zybo_Xilinx_Xilibus/Yocto/poky/build/tmp/sysroots/x86_64-linux/usr/lib -Wl,-rpath,/home/daniel/Dropbox/Hobby/Zybo_Xilinx_Xilibus/Yocto/poky/build/tmp/sysroots/x86_64-linux/lib -Wl,-O1 conftest.c  >&5
conftest.c:79:6: warning: conflicting types for built-in function 'strdup' [enabled by default]
 char strdup ();
      ^
configure:5415: $? = 0
configure:5415: result: yes
configure:5415: checking for strtoul
configure:5415: gcc  -o conftest -isystem/home/daniel/Dropbox/Hobby/Zybo_Xilinx_Xilibus/Yocto/poky/build/tmp/sysroots/x86_64-linux/usr/include -O2 -pipe  -static-libstdc++ -static-libgcc -L/home/daniel/Dropbox/Hobby/Zybo_Xilinx_Xilibus/Yocto/poky/build/tmp/sysroots/x86_64-linux/usr/lib -L/home/daniel/Dropbox/Hobby/Zybo_Xilinx_Xilibus/Yocto/poky/build/tmp/sysroots/x86_64-linux/lib -Wl,-rpath-link,/home/daniel/Dropbox/Hobby/Zybo_Xilinx_Xilibus/Yocto/poky/build/tmp/sysroots/x86_64-linux/usr/lib -Wl,-rpath-link,/home/daniel/Dropbox/Hobby/Zybo_Xilinx_Xilibus/Yocto/poky/build/tmp/sysroots/x86_64-linux/lib -Wl,-rpath,/home/daniel/Dropbox/Hobby/Zybo_Xilinx_Xilibus/Yocto/poky/build/tmp/sysroots/x86_64-linux/usr/lib -Wl,-rpath,/home/daniel/Dropbox/Hobby/Zybo_Xilinx_Xilibus/Yocto/poky/build/tmp/sysroots/x86_64-linux/lib -Wl,-O1 conftest.c  >&5
configure:5415: $? = 0
configure:5415: result: yes
configure:5415: checking for tsearch
configure:5415: gcc  -o conftest -isystem/home/daniel/Dropbox/Hobby/Zybo_Xilinx_Xilibus/Yocto/poky/build/tmp/sysroots/x86_64-linux/usr/include -O2 -pipe  -static-libstdc++ -static-libgcc -L/home/daniel/Dropbox/Hobby/Zybo_Xilinx_Xilibus/Yocto/poky/build/tmp/sysroots/x86_64-linux/usr/lib -L/home/daniel/Dropbox/Hobby/Zybo_Xilinx_Xilibus/Yocto/poky/build/tmp/sysroots/x86_64-linux/lib -Wl,-rpath-link,/home/daniel/Dropbox/Hobby/Zybo_Xilinx_Xilibus/Yocto/poky/build/tmp/sysroots/x86_64-linux/usr/lib -Wl,-rpath-link,/home/daniel/Dropbox/Hobby/Zybo_Xilinx_Xilibus/Yocto/poky/build/tmp/sysroots/x86_64-linux/lib -Wl,-rpath,/home/daniel/Dropbox/Hobby/Zybo_Xilinx_Xilibus/Yocto/poky/build/tmp/sysroots/x86_64-linux/usr/lib -Wl,-rpath,/home/daniel/Dropbox/Hobby/Zybo_Xilinx_Xilibus/Yocto/poky/build/tmp/sysroots/x86_64-linux/lib -Wl,-O1 conftest.c  >&5
configure:5415: $? = 0
configure:5415: result: yes
configure:5415: checking for __argz_count
configure:5415: gcc  -o conftest -isystem/home/daniel/Dropbox/Hobby/Zybo_Xilinx_Xilibus/Yocto/poky/build/tmp/sysroots/x86_64-linux/usr/include -O2 -pipe  -static-libstdc++ -static-libgcc -L/home/daniel/Dropbox/Hobby/Zybo_Xilinx_Xilibus/Yocto/poky/build/tmp/sysroots/x86_64-linux/usr/lib -L/home/daniel/Dropbox/Hobby/Zybo_Xilinx_Xilibus/Yocto/poky/build/tmp/sysroots/x86_64-linux/lib -Wl,-rpath-link,/home/daniel/Dropbox/Hobby/Zybo_Xilinx_Xilibus/Yocto/poky/build/tmp/sysroots/x86_64-linux/usr/lib -Wl,-rpath-link,/home/daniel/Dropbox/Hobby/Zybo_Xilinx_Xilibus/Yocto/poky/build/tmp/sysroots/x86_64-linux/lib -Wl,-rpath,/home/daniel/Dropbox/Hobby/Zybo_Xilinx_Xilibus/Yocto/poky/build/tmp/sysroots/x86_64-linux/usr/lib -Wl,-rpath,/home/daniel/Dropbox/Hobby/Zybo_Xilinx_Xilibus/Yocto/poky/build/tmp/sysroots/x86_64-linux/lib -Wl,-O1 conftest.c  >&5
configure:5415: $? = 0
configure:5415: result: yes
configure:5415: checking for __argz_stringify
configure:5415: gcc  -o conftest -isystem/home/daniel/Dropbox/Hobby/Zybo_Xilinx_Xilibus/Yocto/poky/build/tmp/sysroots/x86_64-linux/usr/include -O2 -pipe  -static-libstdc++ -static-libgcc -L/home/daniel/Dropbox/Hobby/Zybo_Xilinx_Xilibus/Yocto/poky/build/tmp/sysroots/x86_64-linux/usr/lib -L/home/daniel/Dropbox/Hobby/Zybo_Xilinx_Xilibus/Yocto/poky/build/tmp/sysroots/x86_64-linux/lib -Wl,-rpath-link,/home/daniel/Dropbox/Hobby/Zybo_Xilinx_Xilibus/Yocto/poky/build/tmp/sysroots/x86_64-linux/usr/lib -Wl,-rpath-link,/home/daniel/Dropbox/Hobby/Zybo_Xilinx_Xilibus/Yocto/poky/build/tmp/sysroots/x86_64-linux/lib -Wl,-rpath,/home/daniel/Dropbox/Hobby/Zybo_Xilinx_Xilibus/Yocto/poky/build/tmp/sysroots/x86_64-linux/usr/lib -Wl,-rpath,/home/daniel/Dropbox/Hobby/Zybo_Xilinx_Xilibus/Yocto/poky/build/tmp/sysroots/x86_64-linux/lib -Wl,-O1 conftest.c  >&5
configure:5415: $? = 0
configure:5415: result: yes
configure:5415: checking for __argz_next
configure:5415: gcc  -o conftest -isystem/home/daniel/Dropbox/Hobby/Zybo_Xilinx_Xilibus/Yocto/poky/build/tmp/sysroots/x86_64-linux/usr/include -O2 -pipe  -static-libstdc++ -static-libgcc -L/home/daniel/Dropbox/Hobby/Zybo_Xilinx_Xilibus/Yocto/poky/build/tmp/sysroots/x86_64-linux/usr/lib -L/home/daniel/Dropbox/Hobby/Zybo_Xilinx_Xilibus/Yocto/poky/build/tmp/sysroots/x86_64-linux/lib -Wl,-rpath-link,/home/daniel/Dropbox/Hobby/Zybo_Xilinx_Xilibus/Yocto/poky/build/tmp/sysroots/x86_64-linux/usr/lib -Wl,-rpath-link,/home/daniel/Dropbox/Hobby/Zybo_Xilinx_Xilibus/Yocto/poky/build/tmp/sysroots/x86_64-linux/lib -Wl,-rpath,/home/daniel/Dropbox/Hobby/Zybo_Xilinx_Xilibus/Yocto/poky/build/tmp/sysroots/x86_64-linux/usr/lib -Wl,-rpath,/home/daniel/Dropbox/Hobby/Zybo_Xilinx_Xilibus/Yocto/poky/build/tmp/sysroots/x86_64-linux/lib -Wl,-O1 conftest.c  >&5
configure:5415: $? = 0
configure:5415: result: yes
configure:5415: checking for __fsetlocking
configure:5415: gcc  -o conftest -isystem/home/daniel/Dropbox/Hobby/Zybo_Xilinx_Xilibus/Yocto/poky/build/tmp/sysroots/x86_64-linux/usr/include -O2 -pipe  -static-libstdc++ -static-libgcc -L/home/daniel/Dropbox/Hobby/Zybo_Xilinx_Xilibus/Yocto/poky/build/tmp/sysroots/x86_64-linux/usr/lib -L/home/daniel/Dropbox/Hobby/Zybo_Xilinx_Xilibus/Yocto/poky/build/tmp/sysroots/x86_64-linux/lib -Wl,-rpath-link,/home/daniel/Dropbox/Hobby/Zybo_Xilinx_Xilibus/Yocto/poky/build/tmp/sysroots/x86_64-linux/usr/lib -Wl,-rpath-link,/home/daniel/Dropbox/Hobby/Zybo_Xilinx_Xilibus/Yocto/poky/build/tmp/sysroots/x86_64-linux/lib -Wl,-rpath,/home/daniel/Dropbox/Hobby/Zybo_Xilinx_Xilibus/Yocto/poky/build/tmp/sysroots/x86_64-linux/usr/lib -Wl,-rpath,/home/daniel/Dropbox/Hobby/Zybo_Xilinx_Xilibus/Yocto/poky/build/tmp/sysroots/x86_64-linux/lib -Wl,-O1 conftest.c  >&5
configure:5415: $? = 0
configure:5415: result: yes
configure:5456: checking for iconv
configure:5478: gcc  -o conftest -isystem/home/daniel/Dropbox/Hobby/Zybo_Xilinx_Xilibus/Yocto/poky/build/tmp/sysroots/x86_64-linux/usr/include -O2 -pipe  -static-libstdc++ -static-libgcc -L/home/daniel/Dropbox/Hobby/Zybo_Xilinx_Xilibus/Yocto/poky/build/tmp/sysroots/x86_64-linux/usr/lib -L/home/daniel/Dropbox/Hobby/Zybo_Xilinx_Xilibus/Yocto/poky/build/tmp/sysroots/x86_64-linux/lib -Wl,-rpath-link,/home/daniel/Dropbox/Hobby/Zybo_Xilinx_Xilibus/Yocto/poky/build/tmp/sysroots/x86_64-linux/usr/lib -Wl,-rpath-link,/home/daniel/Dropbox/Hobby/Zybo_Xilinx_Xilibus/Yocto/poky/build/tmp/sysroots/x86_64-linux/lib -Wl,-rpath,/home/daniel/Dropbox/Hobby/Zybo_Xilinx_Xilibus/Yocto/poky/build/tmp/sysroots/x86_64-linux/usr/lib -Wl,-rpath,/home/daniel/Dropbox/Hobby/Zybo_Xilinx_Xilibus/Yocto/poky/build/tmp/sysroots/x86_64-linux/lib -Wl,-O1 conftest.c  >&5
configure:5478: $? = 0
configure:5510: result: yes
configure:5531: checking for iconv declaration
configure:5560: gcc  -c -isystem/home/daniel/Dropbox/Hobby/Zybo_Xilinx_Xilibus/Yocto/poky/build/tmp/sysroots/x86_64-linux/usr/include -O2 -pipe  conftest.c >&5
configure:5560: $? = 0
configure:5571: result: install-shextern size_t iconv (iconv_t cd, char * *inbuf, size_t *inbytesleft, char * *outbuf, size_t *outbytesleft);
configure:5582: checking for nl_langinfo and CODESET
configure:5598: gcc  -o conftest -isystem/home/daniel/Dropbox/Hobby/Zybo_Xilinx_Xilibus/Yocto/poky/build/tmp/sysroots/x86_64-linux/usr/include -O2 -pipe  -static-libstdc++ -static-libgcc -L/home/daniel/Dropbox/Hobby/Zybo_Xilinx_Xilibus/Yocto/poky/build/tmp/sysroots/x86_64-linux/usr/lib -L/home/daniel/Dropbox/Hobby/Zybo_Xilinx_Xilibus/Yocto/poky/build/tmp/sysroots/x86_64-linux/lib -Wl,-rpath-link,/home/daniel/Dropbox/Hobby/Zybo_Xilinx_Xilibus/Yocto/poky/build/tmp/sysroots/x86_64-linux/usr/lib -Wl,-rpath-link,/home/daniel/Dropbox/Hobby/Zybo_Xilinx_Xilibus/Yocto/poky/build/tmp/sysroots/x86_64-linux/lib -Wl,-rpath,/home/daniel/Dropbox/Hobby/Zybo_Xilinx_Xilibus/Yocto/poky/build/tmp/sysroots/x86_64-linux/usr/lib -Wl,-rpath,/home/daniel/Dropbox/Hobby/Zybo_Xilinx_Xilibus/Yocto/poky/build/tmp/sysroots/x86_64-linux/lib -Wl,-O1 conftest.c  >&5
configure:5598: $? = 0
configure:5607: result: yes
configure:5617: checking for LC_MESSAGES
configure:5633: gcc  -o conftest -isystem/home/daniel/Dropbox/Hobby/Zybo_Xilinx_Xilibus/Yocto/poky/build/tmp/sysroots/x86_64-linux/usr/include -O2 -pipe  -static-libstdc++ -static-libgcc -L/home/daniel/Dropbox/Hobby/Zybo_Xilinx_Xilibus/Yocto/poky/build/tmp/sysroots/x86_64-linux/usr/lib -L/home/daniel/Dropbox/Hobby/Zybo_Xilinx_Xilibus/Yocto/poky/build/tmp/sysroots/x86_64-linux/lib -Wl,-rpath-link,/home/daniel/Dropbox/Hobby/Zybo_Xilinx_Xilibus/Yocto/poky/build/tmp/sysroots/x86_64-linux/usr/lib -Wl,-rpath-link,/home/daniel/Dropbox/Hobby/Zybo_Xilinx_Xilibus/Yocto/poky/build/tmp/sysroots/x86_64-linux/lib -Wl,-rpath,/home/daniel/Dropbox/Hobby/Zybo_Xilinx_Xilibus/Yocto/poky/build/tmp/sysroots/x86_64-linux/usr/lib -Wl,-rpath,/home/daniel/Dropbox/Hobby/Zybo_Xilinx_Xilibus/Yocto/poky/build/tmp/sysroots/x86_64-linux/lib -Wl,-O1 conftest.c  >&5
configure:5633: $? = 0
configure:5641: result: yes
configure:5655: checking for bison
configure:5671: found /home/daniel/Dropbox/Hobby/Zybo_Xilinx_Xilibus/Yocto/poky/build/tmp/sysroots/x86_64-linux/usr/bin/bison
configure:5682: result: bison
configure:5696: checking version of bison
configure:5705: result: 2.7.1, ok
configure:5727: checking whether NLS is requested
configure:5736: result: no
configure:6294: checking whether to use NLS
configure:6296: result: no
configure:6424: checking for aclocal
configure:6440: found /home/daniel/Dropbox/Hobby/Zybo_Xilinx_Xilibus/Yocto/poky/build/tmp/sysroots/x86_64-linux/usr/bin/aclocal
configure:6451: result: aclocal
configure:6467: checking for autoconf
configure:6483: found /home/daniel/Dropbox/Hobby/Zybo_Xilinx_Xilibus/Yocto/poky/build/tmp/sysroots/x86_64-linux/usr/bin/autoconf
configure:6494: result: autoconf
configure:6510: checking for autoheader
configure:6526: found /home/daniel/Dropbox/Hobby/Zybo_Xilinx_Xilibus/Yocto/poky/build/tmp/sysroots/x86_64-linux/usr/bin/autoheader
configure:6537: result: autoheader
configure:6646: updating cache ./config.cache
configure:6683: creating ./config.status

## ---------------------- ##
## Running config.status. ##
## ---------------------- ##

This file was extended by config.status, which was
generated by GNU Autoconf 2.64.  Invocation command line was

  CONFIG_FILES    = 
  CONFIG_HEADERS  = 
  CONFIG_LINKS    = 
  CONFIG_COMMANDS = 
  $ ./config.status 

on daniel-VM

config.status:916: creating Makefile
config.status:916: creating config.intl
config.status:916: creating config.h
config.status:1089: executing default-1 commands

## ---------------- ##
## Cache variables. ##
## ---------------- ##

ac_cv_build=x86_64-pc-linux-gnu
ac_cv_c_compiler_gnu=yes
ac_cv_c_const=yes
ac_cv_c_inline=inline
ac_cv_env_CC_set=set
ac_cv_env_CC_value='gcc '
ac_cv_env_CFLAGS_set=set
ac_cv_env_CFLAGS_value='-isystem/home/daniel/Dropbox/Hobby/Zybo_Xilinx_Xilibus/Yocto/poky/build/tmp/sysroots/x86_64-linux/usr/include -O2 -pipe'
ac_cv_env_CPPFLAGS_set=set
ac_cv_env_CPPFLAGS_value=
ac_cv_env_CPP_set=set
ac_cv_env_CPP_value='gcc -E '
ac_cv_env_LDFLAGS_set=set
ac_cv_env_LDFLAGS_value='-static-libstdc++ -static-libgcc -L/home/daniel/Dropbox/Hobby/Zybo_Xilinx_Xilibus/Yocto/poky/build/tmp/sysroots/x86_64-linux/usr/lib -L/home/daniel/Dropbox/Hobby/Zybo_Xilinx_Xilibus/Yocto/poky/build/tmp/sysroots/x86_64-linux/lib -Wl,-rpath-link,/home/daniel/Dropbox/Hobby/Zybo_Xilinx_Xilibus/Yocto/poky/build/tmp/sysroots/x86_64-linux/usr/lib -Wl,-rpath-link,/home/daniel/Dropbox/Hobby/Zybo_Xilinx_Xilibus/Yocto/poky/build/tmp/sysroots/x86_64-linux/lib -Wl,-rpath,/home/daniel/Dropbox/Hobby/Zybo_Xilinx_Xilibus/Yocto/poky/build/tmp/sysroots/x86_64-linux/usr/lib -Wl,-rpath,/home/daniel/Dropbox/Hobby/Zybo_Xilinx_Xilibus/Yocto/poky/build/tmp/sysroots/x86_64-linux/lib -Wl,-O1'
ac_cv_env_LIBS_set=
ac_cv_env_LIBS_value=
ac_cv_env_build_alias_set=set
ac_cv_env_build_alias_value=x86_64-linux
ac_cv_env_host_alias_set=set
ac_cv_env_host_alias_value=x86_64-linux
ac_cv_env_target_alias_set=set
ac_cv_env_target_alias_value=arm-poky-linux-gnueabi
ac_cv_func___argz_count=yes
ac_cv_func___argz_next=yes
ac_cv_func___argz_stringify=yes
ac_cv_func___fsetlocking=yes
ac_cv_func_alloca_works=yes
ac_cv_func_feof_unlocked=yes
ac_cv_func_fgets_unlocked=yes
ac_cv_func_getc_unlocked=yes
ac_cv_func_getcwd=yes
ac_cv_func_getegid=yes
ac_cv_func_geteuid=yes
ac_cv_func_getgid=yes
ac_cv_func_getpagesize=yes
ac_cv_func_getuid=yes
ac_cv_func_mempcpy=yes
ac_cv_func_mmap_fixed_mapped=yes
ac_cv_func_munmap=yes
ac_cv_func_putenv=yes
ac_cv_func_setenv=yes
ac_cv_func_setlocale=yes
ac_cv_func_stpcpy=yes
ac_cv_func_strcasecmp=yes
ac_cv_func_strdup=yes
ac_cv_func_strtoul=yes
ac_cv_func_tsearch=yes
ac_cv_gnu_library_2_1=yes
ac_cv_header_argz_h=yes
ac_cv_header_inttypes_h=yes
ac_cv_header_limits_h=yes
ac_cv_header_locale_h=yes
ac_cv_header_malloc_h=yes
ac_cv_header_memory_h=yes
ac_cv_header_nl_types_h=yes
ac_cv_header_stdc=yes
ac_cv_header_stddef_h=yes
ac_cv_header_stdint_h=yes
ac_cv_header_stdlib_h=yes
ac_cv_header_string_h=yes
ac_cv_header_strings_h=yes
ac_cv_header_sys_param_h=yes
ac_cv_header_sys_stat_h=yes
ac_cv_header_sys_types_h=yes
ac_cv_header_unistd_h=yes
ac_cv_host=x86_64-pc-linux-gnu
ac_cv_objext=o
ac_cv_path_EGREP='/bin/grep -E'
ac_cv_path_GMSGFMT=/home/daniel/Dropbox/Hobby/Zybo_Xilinx_Xilibus/Yocto/poky/build/tmp/sysroots/x86_64-linux/usr/bin/msgfmt
ac_cv_path_GREP=/bin/grep
ac_cv_path_MSGFMT=/home/daniel/Dropbox/Hobby/Zybo_Xilinx_Xilibus/Yocto/poky/build/tmp/sysroots/x86_64-linux/usr/bin/msgfmt
ac_cv_path_MSGMERGE=/home/daniel/Dropbox/Hobby/Zybo_Xilinx_Xilibus/Yocto/poky/build/tmp/sysroots/x86_64-linux/usr/bin/msgmerge
ac_cv_path_SED=sed
ac_cv_path_XGETTEXT=/home/daniel/Dropbox/Hobby/Zybo_Xilinx_Xilibus/Yocto/poky/build/tmp/sysroots/x86_64-linux/usr/bin/xgettext
ac_cv_path_install='/usr/bin/install -c'
ac_cv_prog_ACLOCAL=aclocal
ac_cv_prog_AUTOCONF=autoconf
ac_cv_prog_AUTOHEADER=autoheader
ac_cv_prog_CC='gcc '
ac_cv_prog_CPP='gcc -E '
ac_cv_prog_INTLBISON=bison
ac_cv_prog_RANLIB=ranlib
ac_cv_prog_cc_c89=
ac_cv_prog_cc_g=yes
ac_cv_prog_make_make_set=yes
ac_cv_search_strerror='none required'
ac_cv_type_off_t=yes
ac_cv_type_size_t=yes
ac_cv_type_unsigned_long_long=yes
ac_cv_working_alloca_h=yes
acl_cv_hardcode_direct=no
acl_cv_hardcode_libdir_flag_spec='${wl}-rpath ${wl}$libdir'
acl_cv_hardcode_libdir_separator=
acl_cv_hardcode_minus_L=no
acl_cv_libext=a
acl_cv_path_LD='ld '
acl_cv_prog_gnu_ld=yes
acl_cv_rpath=done
acl_cv_shlibext=so
acl_cv_wl=-Wl,
am_cv_func_iconv=yes
am_cv_langinfo_codeset=yes
am_cv_lib_iconv=no
am_cv_proto_iconv='extern size_t iconv (iconv_t cd, char * *inbuf, size_t *inbytesleft, char * *outbuf, size_t *outbytesleft);'
am_cv_proto_iconv_arg1=
am_cv_val_LC_MESSAGES=yes
gcc_cv_collect2_libs='none required'
gt_cv_header_inttypes_h=yes
gt_cv_int_divbyzero_sigfpe=yes
gt_cv_inttypes_pri_broken=no
jm_ac_cv_header_inttypes_h=yes
jm_ac_cv_header_stdint_h=yes
lt_cv_sys_lib_dlsearch_path_spec='/home/daniel/Dropbox/Hobby/Zybo_Xilinx_Xilibus/Yocto/poky/build/tmp/sysroots/x86_64-linux/usr/lib/armv7a-vfp-neon-poky-linux-gnueabi /home/daniel/Dropbox/Hobby/Zybo_Xilinx_Xilibus/Yocto/poky/build/tmp/sysroots/x86_64-linux/lib'
nls_cv_header_intl=
nls_cv_header_libgt=

## ----------------- ##
## Output variables. ##
## ----------------- ##

ACLOCAL='aclocal'
ALLOCA=''
AUTOCONF='autoconf'
AUTOHEADER='autoheader'
BUILD_INCLUDED_LIBINTL='no'
CATOBJEXT=''
CC='gcc '
CFLAGS='-isystem/home/daniel/Dropbox/Hobby/Zybo_Xilinx_Xilibus/Yocto/poky/build/tmp/sysroots/x86_64-linux/usr/include -O2 -pipe'
CPP='gcc -E '
CPPFLAGS=''
DATADIRNAME='share'
DEFS='-DHAVE_CONFIG_H'
ECHO_C=''
ECHO_N='-n'
ECHO_T=''
EGREP='/bin/grep -E'
EXEEXT=''
GENCAT='gencat'
GLIBC21='yes'
GMSGFMT='/home/daniel/Dropbox/Hobby/Zybo_Xilinx_Xilibus/Yocto/poky/build/tmp/sysroots/x86_64-linux/usr/bin/msgfmt'
GREP='/bin/grep'
INCINTL=''
INSTALL_DATA='${INSTALL} -m 644'
INSTALL_PROGRAM='${INSTALL}'
INSTALL_SCRIPT='${INSTALL}'
INSTOBJEXT='.mo'
INTLBISON='bison'
INTLLIBS=''
INTLOBJS=''
INTL_LIBTOOL_SUFFIX_PREFIX=''
LDFLAGS='-static-libstdc++ -static-libgcc -L/home/daniel/Dropbox/Hobby/Zybo_Xilinx_Xilibus/Yocto/poky/build/tmp/sysroots/x86_64-linux/usr/lib -L/home/daniel/Dropbox/Hobby/Zybo_Xilinx_Xilibus/Yocto/poky/build/tmp/sysroots/x86_64-linux/lib -Wl,-rpath-link,/home/daniel/Dropbox/Hobby/Zybo_Xilinx_Xilibus/Yocto/poky/build/tmp/sysroots/x86_64-linux/usr/lib -Wl,-rpath-link,/home/daniel/Dropbox/Hobby/Zybo_Xilinx_Xilibus/Yocto/poky/build/tmp/sysroots/x86_64-linux/lib -Wl,-rpath,/home/daniel/Dropbox/Hobby/Zybo_Xilinx_Xilibus/Yocto/poky/build/tmp/sysroots/x86_64-linux/usr/lib -Wl,-rpath,/home/daniel/Dropbox/Hobby/Zybo_Xilinx_Xilibus/Yocto/poky/build/tmp/sysroots/x86_64-linux/lib -Wl,-O1'
LIBICONV=''
LIBINTL=''
LIBINTL_DEP=''
LIBOBJS=''
LIBS=''
LTLIBICONV=''
LTLIBINTL=''
LTLIBOBJS=''
MAINT='#'
MKINSTALLDIRS='/home/daniel/Dropbox/Hobby/Zybo_Xilinx_Xilibus/Yocto/poky/build/tmp/work-shared/gcc-4.8.2-r0/gcc-4.8.2/intl/../mkinstalldirs'
MSGFMT='/home/daniel/Dropbox/Hobby/Zybo_Xilinx_Xilibus/Yocto/poky/build/tmp/sysroots/x86_64-linux/usr/bin/msgfmt'
MSGMERGE='/home/daniel/Dropbox/Hobby/Zybo_Xilinx_Xilibus/Yocto/poky/build/tmp/sysroots/x86_64-linux/usr/bin/msgmerge'
OBJEXT='o'
PACKAGE_BUGREPORT=''
PACKAGE_NAME=''
PACKAGE_STRING=''
PACKAGE_TARNAME=''
PACKAGE_URL=''
PACKAGE_VERSION=''
PATH_SEPARATOR=':'
POSUB=''
RANLIB='ranlib'
SET_MAKE=''
SHELL='/bin/bash'
USE_INCLUDED_LIBINTL='no'
USE_NLS='no'
XGETTEXT='/home/daniel/Dropbox/Hobby/Zybo_Xilinx_Xilibus/Yocto/poky/build/tmp/sysroots/x86_64-linux/usr/bin/xgettext'
ac_ct_CC=''
bindir='/home/daniel/Dropbox/Hobby/Zybo_Xilinx_Xilibus/Yocto/poky/build/tmp/sysroots/x86_64-linux/usr/bin/armv7a-vfp-neon-poky-linux-gnueabi'
build='x86_64-pc-linux-gnu'
build_alias='x86_64-linux'
build_cpu='x86_64'
build_os='linux-gnu'
build_vendor='pc'
datadir='/home/daniel/Dropbox/Hobby/Zybo_Xilinx_Xilibus/Yocto/poky/build/tmp/sysroots/x86_64-linux/usr/share'
datarootdir='${prefix}/share'
docdir='${datarootdir}/doc/${PACKAGE}'
dvidir='${docdir}'
exec_prefix='/home/daniel/Dropbox/Hobby/Zybo_Xilinx_Xilibus/Yocto/poky/build/tmp/sysroots/x86_64-linux/usr'
host='x86_64-pc-linux-gnu'
host_alias='x86_64-linux'
host_cpu='x86_64'
host_os='linux-gnu'
host_vendor='pc'
htmldir='${docdir}'
includedir='/home/daniel/Dropbox/Hobby/Zybo_Xilinx_Xilibus/Yocto/poky/build/tmp/sysroots/x86_64-linux/usr/include'
infodir='/home/daniel/Dropbox/Hobby/Zybo_Xilinx_Xilibus/Yocto/poky/build/tmp/sysroots/x86_64-linux/usr/share/info'
libdir='/home/daniel/Dropbox/Hobby/Zybo_Xilinx_Xilibus/Yocto/poky/build/tmp/sysroots/x86_64-linux/usr/lib/armv7a-vfp-neon-poky-linux-gnueabi'
libexecdir='/home/daniel/Dropbox/Hobby/Zybo_Xilinx_Xilibus/Yocto/poky/build/tmp/sysroots/x86_64-linux/usr/libexec/armv7a-vfp-neon-poky-linux-gnueabi'
localedir='${datarootdir}/locale'
localstatedir='/home/daniel/Dropbox/Hobby/Zybo_Xilinx_Xilibus/Yocto/poky/build/tmp/sysroots/x86_64-linux/var'
mandir='/home/daniel/Dropbox/Hobby/Zybo_Xilinx_Xilibus/Yocto/poky/build/tmp/sysroots/x86_64-linux/usr/share/man'
oldincludedir='/home/daniel/Dropbox/Hobby/Zybo_Xilinx_Xilibus/Yocto/poky/build/tmp/sysroots/x86_64-linux/usr/include'
pdfdir='${docdir}'
prefix='/home/daniel/Dropbox/Hobby/Zybo_Xilinx_Xilibus/Yocto/poky/build/tmp/sysroots/x86_64-linux/usr'
program_transform_name='s&^&arm-poky-linux-gnueabi-&'
psdir='${docdir}'
sbindir='/home/daniel/Dropbox/Hobby/Zybo_Xilinx_Xilibus/Yocto/poky/build/tmp/sysroots/x86_64-linux/usr/bin/armv7a-vfp-neon-poky-linux-gnueabi'
sharedstatedir='/home/daniel/Dropbox/Hobby/Zybo_Xilinx_Xilibus/Yocto/poky/build/tmp/sysroots/x86_64-linux/com'
sysconfdir='/home/daniel/Dropbox/Hobby/Zybo_Xilinx_Xilibus/Yocto/poky/build/tmp/sysroots/x86_64-linux/etc'
target_alias='arm-poky-linux-gnueabi'

## ----------- ##
## confdefs.h. ##
## ----------- ##

/* confdefs.h */
#define PACKAGE_NAME ""
#define PACKAGE_TARNAME ""
#define PACKAGE_VERSION ""
#define PACKAGE_STRING ""
#define PACKAGE_BUGREPORT ""
#define PACKAGE_URL ""
#define STDC_HEADERS 1
#define HAVE_SYS_TYPES_H 1
#define HAVE_SYS_STAT_H 1
#define HAVE_STDLIB_H 1
#define HAVE_STRING_H 1
#define HAVE_MEMORY_H 1
#define HAVE_STRINGS_H 1
#define HAVE_INTTYPES_H 1
#define HAVE_STDINT_H 1
#define HAVE_UNISTD_H 1
#define HAVE_ALLOCA_H 1
#define HAVE_ALLOCA 1
#define HAVE_STDLIB_H 1
#define HAVE_UNISTD_H 1
#define HAVE_GETPAGESIZE 1
#define HAVE_MMAP 1
#define INTDIV0_RAISES_SIGFPE 1
#define HAVE_INTTYPES_H_WITH_UINTMAX 1
#define HAVE_STDINT_H_WITH_UINTMAX 1
#define HAVE_UNSIGNED_LONG_LONG 1
#define HAVE_UINTMAX_T 1
#define HAVE_INTTYPES_H 1
#define HAVE_ARGZ_H 1
#define HAVE_LIMITS_H 1
#define HAVE_LOCALE_H 1
#define HAVE_NL_TYPES_H 1
#define HAVE_MALLOC_H 1
#define HAVE_STDDEF_H 1
#define HAVE_STDLIB_H 1
#define HAVE_STRING_H 1
#define HAVE_UNISTD_H 1
#define HAVE_SYS_PARAM_H 1
#define HAVE_FEOF_UNLOCKED 1
#define HAVE_FGETS_UNLOCKED 1
#define HAVE_GETC_UNLOCKED 1
#define HAVE_GETCWD 1
#define HAVE_GETEGID 1
#define HAVE_GETEUID 1
#define HAVE_GETGID 1
#define HAVE_GETUID 1
#define HAVE_MEMPCPY 1
#define HAVE_MUNMAP 1
#define HAVE_PUTENV 1
#define HAVE_SETENV 1
#define HAVE_SETLOCALE 1
#define HAVE_STPCPY 1
#define HAVE_STRCASECMP 1
#define HAVE_STRDUP 1
#define HAVE_STRTOUL 1
#define HAVE_TSEARCH 1
#define HAVE___ARGZ_COUNT 1
#define HAVE___ARGZ_STRINGIFY 1
#define HAVE___ARGZ_NEXT 1
#define HAVE___FSETLOCKING 1
#define HAVE_ICONV 1
#define ICONV_CONST 
#define HAVE_LANGINFO_CODESET 1
#define HAVE_LC_MESSAGES 1
#define IN_LIBINTL 1
#define IN_LIBRARY 1
#define DEPENDS_ON_LIBICONV 1
#define ENABLE_RELOCATABLE 1
#define NO_XMALLOC 1
#define set_relocation_prefix libintl_set_relocation_prefix
#define relocate libintl_relocate

configure: exit 0
