This file contains any messages produced by compilers while
running configure, to aid debugging if configure makes a mistake.

It was created by LTO plugin for ld configure 0.1, which was
generated by GNU Autoconf 2.64.  Invocation command line was

  $ /home/daniel/Dropbox/Hobby/Zybo_Xilinx_Xilibus/Yocto/poky/build/tmp/work-shared/gcc-4.8.2-r0/gcc-4.8.2/lto-plugin/configure --cache-file=./config.cache --with-system-zlib --prefix=/home/daniel/Dropbox/Hobby/Zybo_Xilinx_Xilibus/Yocto/poky/build/tmp/sysroots/x86_64-linux/usr --exec_prefix=/home/daniel/Dropbox/Hobby/Zybo_Xilinx_Xilibus/Yocto/poky/build/tmp/sysroots/x86_64-linux/usr --bindir=/home/daniel/Dropbox/Hobby/Zybo_Xilinx_Xilibus/Yocto/poky/build/tmp/sysroots/x86_64-linux/usr/bin/armv7a-vfp-neon-poky-linux-gnueabi --sbindir=/home/daniel/Dropbox/Hobby/Zybo_Xilinx_Xilibus/Yocto/poky/build/tmp/sysroots/x86_64-linux/usr/bin/armv7a-vfp-neon-poky-linux-gnueabi --libexecdir=/home/daniel/Dropbox/Hobby/Zybo_Xilinx_Xilibus/Yocto/poky/build/tmp/sysroots/x86_64-linux/usr/libexec/armv7a-vfp-neon-poky-linux-gnueabi --datadir=/home/daniel/Dropbox/Hobby/Zybo_Xilinx_Xilibus/Yocto/poky/build/tmp/sysroots/x86_64-linux/usr/share --sysconfdir=/home/daniel/Dropbox/Hobby/Zybo_Xilinx_Xilibus/Yocto/poky/build/tmp/sysroots/x86_64-linux/etc --sharedstatedir=/home/daniel/Dropbox/Hobby/Zybo_Xilinx_Xilibus/Yocto/poky/build/tmp/sysroots/x86_64-linux/com --localstatedir=/home/daniel/Dropbox/Hobby/Zybo_Xilinx_Xilibus/Yocto/poky/build/tmp/sysroots/x86_64-linux/var --libdir=/home/daniel/Dropbox/Hobby/Zybo_Xilinx_Xilibus/Yocto/poky/build/tmp/sysroots/x86_64-linux/usr/lib/armv7a-vfp-neon-poky-linux-gnueabi --includedir=/home/daniel/Dropbox/Hobby/Zybo_Xilinx_Xilibus/Yocto/poky/build/tmp/sysroots/x86_64-linux/usr/include --oldincludedir=/home/daniel/Dropbox/Hobby/Zybo_Xilinx_Xilibus/Yocto/poky/build/tmp/sysroots/x86_64-linux/usr/include --infodir=/home/daniel/Dropbox/Hobby/Zybo_Xilinx_Xilibus/Yocto/poky/build/tmp/sysroots/x86_64-linux/usr/share/info --mandir=/home/daniel/Dropbox/Hobby/Zybo_Xilinx_Xilibus/Yocto/poky/build/tmp/sysroots/x86_64-linux/usr/share/man --disable-silent-rules --disable-dependency-tracking --with-libtool-sysroot=/home/daniel/Dropbox/Hobby/Zybo_Xilinx_Xilibus/Yocto/poky/build/tmp/sysroots/x86_64-linux --enable-clocale=generic --with-gnu-ld --enable-shared --enable-threads=posix --disable-multilib --enable-c99 --enable-long-long --enable-symvers=gnu --enable-libstdcxx-pch --without-local-prefix --enable-target-optspace --enable-lto --enable-libssp --disable-bootstrap --disable-libmudflap --with-linker-hash-style=gnu --enable-linker-build-id --with-ppl=no --with-cloog=no --enable-checking=release --enable-cheaders=c_global --with-gxx-include-dir=/home/daniel/Dropbox/Hobby/Zybo_Xilinx_Xilibus/Yocto/poky/build/tmp/sysroots/zedboard-zynq7/usr/include/c++ --with-sysroot=/home/daniel/Dropbox/Hobby/Zybo_Xilinx_Xilibus/Yocto/poky/build/tmp/sysroots/zedboard-zynq7 --with-build-sysroot=/home/daniel/Dropbox/Hobby/Zybo_Xilinx_Xilibus/Yocto/poky/build/tmp/sysroots/zedboard-zynq7 --enable-poison-system-directories --disable-libunwind-exceptions --with-mpfr=/home/daniel/Dropbox/Hobby/Zybo_Xilinx_Xilibus/Yocto/poky/build/tmp/sysroots/x86_64-linux/usr --with-system-zlib --disable-nls --enable-languages=c,c++,lto --program-transform-name=s&^&arm-poky-linux-gnueabi-& --disable-option-checking --build=x86_64-linux --host=x86_64-linux --target=arm-poky-linux-gnueabi --srcdir=/home/daniel/Dropbox/Hobby/Zybo_Xilinx_Xilibus/Yocto/poky/build/tmp/work-shared/gcc-4.8.2-r0/gcc-4.8.2/lto-plugin --enable-shared

## --------- ##
## Platform. ##
## --------- ##

hostname = daniel-VM
uname -m = x86_64
uname -r = 4.2.0-38-generic
uname -s = Linux
uname -v = #45~14.04.1-Ubuntu SMP Thu Jun 9 09:27:51 UTC 2016

/usr/bin/uname -p = unknown
/bin/uname -X     = unknown

/bin/arch              = unknown
/usr/bin/arch -k       = unknown
/usr/convex/getsysinfo = unknown
/usr/bin/hostinfo      = unknown
/bin/machine           = unknown
/usr/bin/oslevel       = unknown
/bin/universe          = unknown

PATH: /home/daniel/Dropbox/Hobby/Zybo_Xilinx_Xilibus/Yocto/poky/scripts
PATH: /home/daniel/Dropbox/Hobby/Zybo_Xilinx_Xilibus/Yocto/poky/build/tmp/sysroots/x86_64-linux/usr/bin/armv7a-vfp-neon-poky-linux-gnueabi
PATH: /home/daniel/Dropbox/Hobby/Zybo_Xilinx_Xilibus/Yocto/poky/build/tmp/sysroots/x86_64-linux/home/daniel/Dropbox/Hobby/Zybo_Xilinx_Xilibus/Yocto/poky/build/tmp/sysroots/x86_64-linux/usr/bin/armv7a-vfp-neon-poky-linux-gnueabi/crossscripts
PATH: /home/daniel/Dropbox/Hobby/Zybo_Xilinx_Xilibus/Yocto/poky/build/tmp/sysroots/x86_64-linux/usr/sbin
PATH: /home/daniel/Dropbox/Hobby/Zybo_Xilinx_Xilibus/Yocto/poky/build/tmp/sysroots/x86_64-linux/usr/bin
PATH: /home/daniel/Dropbox/Hobby/Zybo_Xilinx_Xilibus/Yocto/poky/build/tmp/sysroots/x86_64-linux/sbin
PATH: /home/daniel/Dropbox/Hobby/Zybo_Xilinx_Xilibus/Yocto/poky/build/tmp/sysroots/x86_64-linux/bin
PATH: /home/daniel/Dropbox/Hobby/Zybo_Xilinx_Xilibus/Yocto/poky/scripts
PATH: /home/daniel/Dropbox/Hobby/Zybo_Xilinx_Xilibus/Yocto/poky/bitbake/bin
PATH: /usr/local/sbin
PATH: /usr/local/bin
PATH: /usr/sbin
PATH: /usr/bin
PATH: /sbin
PATH: /bin
PATH: /usr/games
PATH: /usr/local/games


## ----------- ##
## Core tests. ##
## ----------- ##

configure:2135: creating cache ./config.cache
configure:2238: checking build system type
configure:2252: result: x86_64-pc-linux-gnu
configure:2272: checking host system type
configure:2285: result: x86_64-pc-linux-gnu
configure:2305: checking target system type
configure:2318: result: arm-poky-linux-gnueabi
configure:2406: checking for a BSD-compatible install
configure:2474: result: /usr/bin/install -c
configure:2485: checking whether build environment is sane
configure:2535: result: yes
configure:2676: checking for a thread-safe mkdir -p
configure:2715: result: /bin/mkdir -p
configure:2728: checking for gawk
configure:2755: result: gawk
configure:2766: checking whether make sets $(MAKE)
configure:2788: result: yes
configure:2869: checking whether to enable maintainer-specific portions of Makefiles
configure:2878: result: no
configure:2899: checking for x86_64-linux-gcc
configure:2926: result: gcc 
configure:3195: checking for C compiler version
configure:3204: gcc  --version >&5
gcc (Ubuntu 4.8.4-2ubuntu1~14.04.3) 4.8.4
Copyright (C) 2013 Free Software Foundation, Inc.
This is free software; see the source for copying conditions.  There is NO
warranty; not even for MERCHANTABILITY or FITNESS FOR A PARTICULAR PURPOSE.

configure:3215: $? = 0
configure:3204: gcc  -v >&5
Using built-in specs.
COLLECT_GCC=gcc
COLLECT_LTO_WRAPPER=/usr/lib/gcc/x86_64-linux-gnu/4.8/lto-wrapper
Target: x86_64-linux-gnu
Configured with: ../src/configure -v --with-pkgversion='Ubuntu 4.8.4-2ubuntu1~14.04.3' --with-bugurl=file:///usr/share/doc/gcc-4.8/README.Bugs --enable-languages=c,c++,java,go,d,fortran,objc,obj-c++ --prefix=/usr --program-suffix=-4.8 --enable-shared --enable-linker-build-id --libexecdir=/usr/lib --without-included-gettext --enable-threads=posix --with-gxx-include-dir=/usr/include/c++/4.8 --libdir=/usr/lib --enable-nls --with-sysroot=/ --enable-clocale=gnu --enable-libstdcxx-debug --enable-libstdcxx-time=yes --enable-gnu-unique-object --disable-libmudflap --enable-plugin --with-system-zlib --disable-browser-plugin --enable-java-awt=gtk --enable-gtk-cairo --with-java-home=/usr/lib/jvm/java-1.5.0-gcj-4.8-amd64/jre --enable-java-home --with-jvm-root-dir=/usr/lib/jvm/java-1.5.0-gcj-4.8-amd64 --with-jvm-jar-dir=/usr/lib/jvm-exports/java-1.5.0-gcj-4.8-amd64 --with-arch-directory=amd64 --with-ecj-jar=/usr/share/java/eclipse-ecj.jar --enable-objc-gc --enable-multiarch --disable-werror --with-arch-32=i686 --with-abi=m64 --with-multilib-list=m32,m64,mx32 --with-tune=generic --enable-checking=release --build=x86_64-linux-gnu --host=x86_64-linux-gnu --target=x86_64-linux-gnu
Thread model: posix
gcc version 4.8.4 (Ubuntu 4.8.4-2ubuntu1~14.04.3) 
configure:3215: $? = 0
configure:3204: gcc  -V >&5
gcc: error: unrecognized command line option '-V'
gcc: fatal error: no input files
compilation terminated.
configure:3215: $? = 4
configure:3204: gcc  -qversion >&5
gcc: error: unrecognized command line option '-qversion'
gcc: fatal error: no input files
compilation terminated.
configure:3215: $? = 4
configure:3235: checking for C compiler default output file name
configure:3257: gcc  -isystem/home/daniel/Dropbox/Hobby/Zybo_Xilinx_Xilibus/Yocto/poky/build/tmp/sysroots/x86_64-linux/usr/include -O2 -pipe  -static-libstdc++ -static-libgcc -L/home/daniel/Dropbox/Hobby/Zybo_Xilinx_Xilibus/Yocto/poky/build/tmp/sysroots/x86_64-linux/usr/lib -L/home/daniel/Dropbox/Hobby/Zybo_Xilinx_Xilibus/Yocto/poky/build/tmp/sysroots/x86_64-linux/lib -Wl,-rpath-link,/home/daniel/Dropbox/Hobby/Zybo_Xilinx_Xilibus/Yocto/poky/build/tmp/sysroots/x86_64-linux/usr/lib -Wl,-rpath-link,/home/daniel/Dropbox/Hobby/Zybo_Xilinx_Xilibus/Yocto/poky/build/tmp/sysroots/x86_64-linux/lib -Wl,-rpath,/home/daniel/Dropbox/Hobby/Zybo_Xilinx_Xilibus/Yocto/poky/build/tmp/sysroots/x86_64-linux/usr/lib -Wl,-rpath,/home/daniel/Dropbox/Hobby/Zybo_Xilinx_Xilibus/Yocto/poky/build/tmp/sysroots/x86_64-linux/lib -Wl,-O1 conftest.c  >&5
configure:3261: $? = 0
configure:3298: result: a.out
configure:3314: checking whether the C compiler works
configure:3323: ./a.out
configure:3327: $? = 0
configure:3342: result: yes
configure:3349: checking whether we are cross compiling
configure:3351: result: no
configure:3354: checking for suffix of executables
configure:3361: gcc  -o conftest -isystem/home/daniel/Dropbox/Hobby/Zybo_Xilinx_Xilibus/Yocto/poky/build/tmp/sysroots/x86_64-linux/usr/include -O2 -pipe  -static-libstdc++ -static-libgcc -L/home/daniel/Dropbox/Hobby/Zybo_Xilinx_Xilibus/Yocto/poky/build/tmp/sysroots/x86_64-linux/usr/lib -L/home/daniel/Dropbox/Hobby/Zybo_Xilinx_Xilibus/Yocto/poky/build/tmp/sysroots/x86_64-linux/lib -Wl,-rpath-link,/home/daniel/Dropbox/Hobby/Zybo_Xilinx_Xilibus/Yocto/poky/build/tmp/sysroots/x86_64-linux/usr/lib -Wl,-rpath-link,/home/daniel/Dropbox/Hobby/Zybo_Xilinx_Xilibus/Yocto/poky/build/tmp/sysroots/x86_64-linux/lib -Wl,-rpath,/home/daniel/Dropbox/Hobby/Zybo_Xilinx_Xilibus/Yocto/poky/build/tmp/sysroots/x86_64-linux/usr/lib -Wl,-rpath,/home/daniel/Dropbox/Hobby/Zybo_Xilinx_Xilibus/Yocto/poky/build/tmp/sysroots/x86_64-linux/lib -Wl,-O1 conftest.c  >&5
configure:3365: $? = 0
configure:3387: result: 
configure:3393: checking for suffix of object files
configure:3415: gcc  -c -isystem/home/daniel/Dropbox/Hobby/Zybo_Xilinx_Xilibus/Yocto/poky/build/tmp/sysroots/x86_64-linux/usr/include -O2 -pipe  conftest.c >&5
configure:3419: $? = 0
configure:3440: result: o
configure:3444: checking whether we are using the GNU C compiler
configure:3463: gcc  -c -isystem/home/daniel/Dropbox/Hobby/Zybo_Xilinx_Xilibus/Yocto/poky/build/tmp/sysroots/x86_64-linux/usr/include -O2 -pipe  conftest.c >&5
configure:3463: $? = 0
configure:3472: result: yes
configure:3481: checking whether gcc  accepts -g
configure:3501: gcc  -c -g  conftest.c >&5
configure:3501: $? = 0
configure:3542: result: yes
configure:3559: checking for gcc  option to accept ISO C89
configure:3623: gcc   -c -isystem/home/daniel/Dropbox/Hobby/Zybo_Xilinx_Xilibus/Yocto/poky/build/tmp/sysroots/x86_64-linux/usr/include -O2 -pipe  conftest.c >&5
configure:3623: $? = 0
configure:3636: result: none needed
configure:3667: checking for style of include used by make
configure:3695: result: GNU
configure:3720: checking dependency style of gcc 
configure:3830: result: none
configure:3853: checking for special C compiler options needed for large files
configure:3898: result: no
configure:3904: checking for _FILE_OFFSET_BITS value needed for large files
configure:3929: gcc  -c -isystem/home/daniel/Dropbox/Hobby/Zybo_Xilinx_Xilibus/Yocto/poky/build/tmp/sysroots/x86_64-linux/usr/include -O2 -pipe  conftest.c >&5
configure:3929: $? = 0
configure:3961: result: no
configure:4055: checking whether gcc  supports -Wall
configure:4072: gcc  -c -Wall  conftest.c >&5
configure:4072: $? = 0
configure:4081: result: yes
configure:4135: checking how to print strings
configure:4162: result: printf
configure:4183: checking for a sed that does not truncate output
configure:4247: result: sed
configure:4265: checking for grep that handles long lines and -e
configure:4323: result: /bin/grep
configure:4328: checking for egrep
configure:4390: result: /bin/grep -E
configure:4395: checking for fgrep
configure:4457: result: /bin/grep -F
configure:4492: checking for ld used by gcc 
configure:4559: result: ld 
configure:4566: checking if the linker (ld ) is GNU ld
configure:4581: result: yes
configure:4593: checking for BSD- or MS-compatible name lister (nm)
configure:4642: result: nm
configure:4772: checking the name lister (nm) interface
configure:4779: gcc  -c -isystem/home/daniel/Dropbox/Hobby/Zybo_Xilinx_Xilibus/Yocto/poky/build/tmp/sysroots/x86_64-linux/usr/include -O2 -pipe  conftest.c >&5
configure:4782: nm "conftest.o"
configure:4785: output
0000000000000000 B some_variable
configure:4792: result: BSD nm
configure:4795: checking whether ln -s works
configure:4799: result: yes
configure:4807: checking the maximum length of command line arguments
configure:4932: result: 3458764513820540925
configure:4949: checking whether the shell understands some XSI constructs
configure:4959: result: yes
configure:4963: checking whether the shell understands "+="
configure:4969: result: yes
configure:5004: checking for ld  option to reload object files
configure:5011: result: -r
configure:5040: checking for x86_64-linux-objdump
configure:5067: result: objdump
configure:5139: checking how to recognize dependent libraries
configure:5340: result: pass_all
configure:5360: checking for x86_64-linux-ar
configure:5387: result: ar
configure:5465: checking for x86_64-linux-strip
configure:5492: result: strip
configure:5564: checking for x86_64-linux-ranlib
configure:5591: result: ranlib
configure:5733: checking command to parse nm output from gcc  object
configure:5851: gcc  -c -isystem/home/daniel/Dropbox/Hobby/Zybo_Xilinx_Xilibus/Yocto/poky/build/tmp/sysroots/x86_64-linux/usr/include -O2 -pipe  conftest.c >&5
configure:5854: $? = 0
configure:5858: nm conftest.o \| sed -n -e 's/^.*[ ]\([ABCDGIRSTW][ABCDGIRSTW]*\)[ ][ ]*\([_A-Za-z][_A-Za-z0-9]*\)$/\1 \2 \2/p' \> conftest.nm
configure:5861: $? = 0
configure:5915: gcc  -o conftest -isystem/home/daniel/Dropbox/Hobby/Zybo_Xilinx_Xilibus/Yocto/poky/build/tmp/sysroots/x86_64-linux/usr/include -O2 -pipe  -static-libstdc++ -static-libgcc -L/home/daniel/Dropbox/Hobby/Zybo_Xilinx_Xilibus/Yocto/poky/build/tmp/sysroots/x86_64-linux/usr/lib -L/home/daniel/Dropbox/Hobby/Zybo_Xilinx_Xilibus/Yocto/poky/build/tmp/sysroots/x86_64-linux/lib -Wl,-rpath-link,/home/daniel/Dropbox/Hobby/Zybo_Xilinx_Xilibus/Yocto/poky/build/tmp/sysroots/x86_64-linux/usr/lib -Wl,-rpath-link,/home/daniel/Dropbox/Hobby/Zybo_Xilinx_Xilibus/Yocto/poky/build/tmp/sysroots/x86_64-linux/lib -Wl,-rpath,/home/daniel/Dropbox/Hobby/Zybo_Xilinx_Xilibus/Yocto/poky/build/tmp/sysroots/x86_64-linux/usr/lib -Wl,-rpath,/home/daniel/Dropbox/Hobby/Zybo_Xilinx_Xilibus/Yocto/poky/build/tmp/sysroots/x86_64-linux/lib -Wl,-O1 conftest.c conftstm.o >&5
configure:5918: $? = 0
configure:5956: result: ok
configure:6051: gcc  -c -isystem/home/daniel/Dropbox/Hobby/Zybo_Xilinx_Xilibus/Yocto/poky/build/tmp/sysroots/x86_64-linux/usr/include -O2 -pipe  conftest.c >&5
configure:6054: $? = 0
configure:6801: checking how to run the C preprocessor
configure:6871: result: gcc -E 
configure:6891: gcc -E   conftest.c
configure:6891: $? = 0
configure:6905: gcc -E   conftest.c
conftest.c:11:28: fatal error: ac_nonexistent.h: No such file or directory
 #include <ac_nonexistent.h>
                            ^
compilation terminated.
configure:6905: $? = 1
configure: failed program was:
| /* confdefs.h */
| #define PACKAGE_NAME "LTO plugin for ld"
| #define PACKAGE_TARNAME "lto-plugin"
| #define PACKAGE_VERSION "0.1"
| #define PACKAGE_STRING "LTO plugin for ld 0.1"
| #define PACKAGE_BUGREPORT ""
| #define PACKAGE_URL ""
| #define PACKAGE "lto-plugin"
| #define VERSION "0.1"
| /* end confdefs.h.  */
| #include <ac_nonexistent.h>
configure:6934: checking for ANSI C header files
configure:6954: gcc  -c -isystem/home/daniel/Dropbox/Hobby/Zybo_Xilinx_Xilibus/Yocto/poky/build/tmp/sysroots/x86_64-linux/usr/include -O2 -pipe  conftest.c >&5
configure:6954: $? = 0
configure:7027: gcc  -o conftest -isystem/home/daniel/Dropbox/Hobby/Zybo_Xilinx_Xilibus/Yocto/poky/build/tmp/sysroots/x86_64-linux/usr/include -O2 -pipe  -static-libstdc++ -static-libgcc -L/home/daniel/Dropbox/Hobby/Zybo_Xilinx_Xilibus/Yocto/poky/build/tmp/sysroots/x86_64-linux/usr/lib -L/home/daniel/Dropbox/Hobby/Zybo_Xilinx_Xilibus/Yocto/poky/build/tmp/sysroots/x86_64-linux/lib -Wl,-rpath-link,/home/daniel/Dropbox/Hobby/Zybo_Xilinx_Xilibus/Yocto/poky/build/tmp/sysroots/x86_64-linux/usr/lib -Wl,-rpath-link,/home/daniel/Dropbox/Hobby/Zybo_Xilinx_Xilibus/Yocto/poky/build/tmp/sysroots/x86_64-linux/lib -Wl,-rpath,/home/daniel/Dropbox/Hobby/Zybo_Xilinx_Xilibus/Yocto/poky/build/tmp/sysroots/x86_64-linux/usr/lib -Wl,-rpath,/home/daniel/Dropbox/Hobby/Zybo_Xilinx_Xilibus/Yocto/poky/build/tmp/sysroots/x86_64-linux/lib -Wl,-O1 conftest.c  >&5
configure:7027: $? = 0
configure:7027: ./conftest
configure:7027: $? = 0
configure:7038: result: yes
configure:7051: checking for sys/types.h
configure:7051: gcc  -c -isystem/home/daniel/Dropbox/Hobby/Zybo_Xilinx_Xilibus/Yocto/poky/build/tmp/sysroots/x86_64-linux/usr/include -O2 -pipe  conftest.c >&5
configure:7051: $? = 0
configure:7051: result: yes
configure:7051: checking for sys/stat.h
configure:7051: gcc  -c -isystem/home/daniel/Dropbox/Hobby/Zybo_Xilinx_Xilibus/Yocto/poky/build/tmp/sysroots/x86_64-linux/usr/include -O2 -pipe  conftest.c >&5
configure:7051: $? = 0
configure:7051: result: yes
configure:7051: checking for stdlib.h
configure:7051: gcc  -c -isystem/home/daniel/Dropbox/Hobby/Zybo_Xilinx_Xilibus/Yocto/poky/build/tmp/sysroots/x86_64-linux/usr/include -O2 -pipe  conftest.c >&5
configure:7051: $? = 0
configure:7051: result: yes
configure:7051: checking for string.h
configure:7051: gcc  -c -isystem/home/daniel/Dropbox/Hobby/Zybo_Xilinx_Xilibus/Yocto/poky/build/tmp/sysroots/x86_64-linux/usr/include -O2 -pipe  conftest.c >&5
configure:7051: $? = 0
configure:7051: result: yes
configure:7051: checking for memory.h
configure:7051: gcc  -c -isystem/home/daniel/Dropbox/Hobby/Zybo_Xilinx_Xilibus/Yocto/poky/build/tmp/sysroots/x86_64-linux/usr/include -O2 -pipe  conftest.c >&5
configure:7051: $? = 0
configure:7051: result: yes
configure:7051: checking for strings.h
configure:7051: gcc  -c -isystem/home/daniel/Dropbox/Hobby/Zybo_Xilinx_Xilibus/Yocto/poky/build/tmp/sysroots/x86_64-linux/usr/include -O2 -pipe  conftest.c >&5
configure:7051: $? = 0
configure:7051: result: yes
configure:7051: checking for inttypes.h
configure:7051: gcc  -c -isystem/home/daniel/Dropbox/Hobby/Zybo_Xilinx_Xilibus/Yocto/poky/build/tmp/sysroots/x86_64-linux/usr/include -O2 -pipe  conftest.c >&5
configure:7051: $? = 0
configure:7051: result: yes
configure:7051: checking for stdint.h
configure:7051: gcc  -c -isystem/home/daniel/Dropbox/Hobby/Zybo_Xilinx_Xilibus/Yocto/poky/build/tmp/sysroots/x86_64-linux/usr/include -O2 -pipe  conftest.c >&5
configure:7051: $? = 0
configure:7051: result: yes
configure:7051: checking for unistd.h
configure:7051: gcc  -c -isystem/home/daniel/Dropbox/Hobby/Zybo_Xilinx_Xilibus/Yocto/poky/build/tmp/sysroots/x86_64-linux/usr/include -O2 -pipe  conftest.c >&5
configure:7051: $? = 0
configure:7051: result: yes
configure:7066: checking for dlfcn.h
configure:7066: gcc  -c -isystem/home/daniel/Dropbox/Hobby/Zybo_Xilinx_Xilibus/Yocto/poky/build/tmp/sysroots/x86_64-linux/usr/include -O2 -pipe  conftest.c >&5
configure:7066: $? = 0
configure:7066: result: yes
configure:7253: checking for objdir
configure:7268: result: .libs
configure:7539: checking if gcc  supports -fno-rtti -fno-exceptions
configure:7557: gcc  -c -isystem/home/daniel/Dropbox/Hobby/Zybo_Xilinx_Xilibus/Yocto/poky/build/tmp/sysroots/x86_64-linux/usr/include -O2 -pipe  -fno-rtti -fno-exceptions conftest.c >&5
cc1: warning: command line option '-fno-rtti' is valid for C++/ObjC++ but not for C [enabled by default]
configure:7561: $? = 0
configure:7574: result: no
configure:7594: checking for gcc  option to produce PIC
configure:7880: result: -fPIC -DPIC
configure:7892: checking if gcc  PIC flag -fPIC -DPIC works
configure:7910: gcc  -c -isystem/home/daniel/Dropbox/Hobby/Zybo_Xilinx_Xilibus/Yocto/poky/build/tmp/sysroots/x86_64-linux/usr/include -O2 -pipe  -fPIC -DPIC -DPIC conftest.c >&5
configure:7914: $? = 0
configure:7927: result: yes
configure:7951: checking if gcc  static flag -static works
configure:7979: result: yes
configure:7994: checking if gcc  supports -c -o file.o
configure:8015: gcc  -c -isystem/home/daniel/Dropbox/Hobby/Zybo_Xilinx_Xilibus/Yocto/poky/build/tmp/sysroots/x86_64-linux/usr/include -O2 -pipe  -o out/conftest2.o conftest.c >&5
configure:8019: $? = 0
configure:8041: result: yes
configure:8049: checking if gcc  supports -c -o file.o
configure:8096: result: yes
configure:8129: checking whether the gcc  linker (ld  -m elf_x86_64) supports shared libraries
configure:9200: result: yes
configure:9237: checking whether -lc should be explicitly linked in
configure:9245: gcc  -c -isystem/home/daniel/Dropbox/Hobby/Zybo_Xilinx_Xilibus/Yocto/poky/build/tmp/sysroots/x86_64-linux/usr/include -O2 -pipe  conftest.c >&5
configure:9248: $? = 0
configure:9263: gcc  -shared conftest.o  -v -Wl,-soname -Wl,conftest -o conftest 2\>\&1 \| /bin/grep  -lc  \>/dev/null 2\>\&1
configure:9266: $? = 0
configure:9280: result: no
configure:9445: checking dynamic linker characteristics
configure:9896: gcc  -o conftest -isystem/home/daniel/Dropbox/Hobby/Zybo_Xilinx_Xilibus/Yocto/poky/build/tmp/sysroots/x86_64-linux/usr/include -O2 -pipe  -static-libstdc++ -static-libgcc -L/home/daniel/Dropbox/Hobby/Zybo_Xilinx_Xilibus/Yocto/poky/build/tmp/sysroots/x86_64-linux/usr/lib -L/home/daniel/Dropbox/Hobby/Zybo_Xilinx_Xilibus/Yocto/poky/build/tmp/sysroots/x86_64-linux/lib -Wl,-rpath-link,/home/daniel/Dropbox/Hobby/Zybo_Xilinx_Xilibus/Yocto/poky/build/tmp/sysroots/x86_64-linux/usr/lib -Wl,-rpath-link,/home/daniel/Dropbox/Hobby/Zybo_Xilinx_Xilibus/Yocto/poky/build/tmp/sysroots/x86_64-linux/lib -Wl,-rpath,/home/daniel/Dropbox/Hobby/Zybo_Xilinx_Xilibus/Yocto/poky/build/tmp/sysroots/x86_64-linux/usr/lib -Wl,-rpath,/home/daniel/Dropbox/Hobby/Zybo_Xilinx_Xilibus/Yocto/poky/build/tmp/sysroots/x86_64-linux/lib -Wl,-O1 -Wl,-rpath -Wl,/foo conftest.c  >&5
configure:9896: $? = 0
configure:10118: result: GNU/Linux ld.so
configure:10225: checking how to hardcode library paths into programs
configure:10250: result: immediate
configure:10790: checking whether stripping libraries is possible
configure:10795: result: yes
configure:10830: checking if libtool supports shared libraries
configure:10832: result: yes
configure:10835: checking whether to build shared libraries
configure:10856: result: yes
configure:10859: checking whether to build static libraries
configure:10863: result: yes
configure:10921: checking for int64_t
configure:10921: gcc  -c -isystem/home/daniel/Dropbox/Hobby/Zybo_Xilinx_Xilibus/Yocto/poky/build/tmp/sysroots/x86_64-linux/usr/include -O2 -pipe  conftest.c >&5
configure:10921: $? = 0
configure:10921: gcc  -c -isystem/home/daniel/Dropbox/Hobby/Zybo_Xilinx_Xilibus/Yocto/poky/build/tmp/sysroots/x86_64-linux/usr/include -O2 -pipe  conftest.c >&5
conftest.c: In function 'main':
conftest.c:60:53: warning: integer overflow in expression [-Woverflow]
    < (int64_t) ((((int64_t) 1 << (64 - 2)) - 1) * 2 + 2))];
                                                     ^
conftest.c:59:12: error: storage size of 'test_array' isn't constant
 static int test_array [1 - 2 * !((int64_t) ((((int64_t) 1 << (64 - 2)) - 1) * 2 + 1)
            ^
configure:10921: $? = 1
configure: failed program was:
| /* confdefs.h */
| #define PACKAGE_NAME "LTO plugin for ld"
| #define PACKAGE_TARNAME "lto-plugin"
| #define PACKAGE_VERSION "0.1"
| #define PACKAGE_STRING "LTO plugin for ld 0.1"
| #define PACKAGE_BUGREPORT ""
| #define PACKAGE_URL ""
| #define PACKAGE "lto-plugin"
| #define VERSION "0.1"
| #define STDC_HEADERS 1
| #define HAVE_SYS_TYPES_H 1
| #define HAVE_SYS_STAT_H 1
| #define HAVE_STDLIB_H 1
| #define HAVE_STRING_H 1
| #define HAVE_MEMORY_H 1
| #define HAVE_STRINGS_H 1
| #define HAVE_INTTYPES_H 1
| #define HAVE_STDINT_H 1
| #define HAVE_UNISTD_H 1
| #define HAVE_DLFCN_H 1
| #define LT_OBJDIR ".libs/"
| /* end confdefs.h.  */
| #include <stdio.h>
| #ifdef HAVE_SYS_TYPES_H
| # include <sys/types.h>
| #endif
| #ifdef HAVE_SYS_STAT_H
| # include <sys/stat.h>
| #endif
| #ifdef STDC_HEADERS
| # include <stdlib.h>
| # include <stddef.h>
| #else
| # ifdef HAVE_STDLIB_H
| #  include <stdlib.h>
| # endif
| #endif
| #ifdef HAVE_STRING_H
| # if !defined STDC_HEADERS && defined HAVE_MEMORY_H
| #  include <memory.h>
| # endif
| # include <string.h>
| #endif
| #ifdef HAVE_STRINGS_H
| # include <strings.h>
| #endif
| #ifdef HAVE_INTTYPES_H
| # include <inttypes.h>
| #endif
| #ifdef HAVE_STDINT_H
| # include <stdint.h>
| #endif
| #ifdef HAVE_UNISTD_H
| # include <unistd.h>
| #endif
| int
| main ()
| {
| static int test_array [1 - 2 * !((int64_t) ((((int64_t) 1 << (64 - 2)) - 1) * 2 + 1)
| 		 < (int64_t) ((((int64_t) 1 << (64 - 2)) - 1) * 2 + 2))];
| test_array [0] = 0
| 
|   ;
|   return 0;
| }
configure:10921: result: yes
configure:10932: checking for uint64_t
configure:10932: gcc  -c -isystem/home/daniel/Dropbox/Hobby/Zybo_Xilinx_Xilibus/Yocto/poky/build/tmp/sysroots/x86_64-linux/usr/include -O2 -pipe  conftest.c >&5
configure:10932: $? = 0
configure:10932: result: yes
configure:10946: checking for sys/wait.h that is POSIX.1 compatible
configure:10972: gcc  -c -isystem/home/daniel/Dropbox/Hobby/Zybo_Xilinx_Xilibus/Yocto/poky/build/tmp/sysroots/x86_64-linux/usr/include -O2 -pipe  conftest.c >&5
configure:10972: $? = 0
configure:10979: result: yes
configure:11056: updating cache ./config.cache
configure:11113: creating ./config.status

## ---------------------- ##
## Running config.status. ##
## ---------------------- ##

This file was extended by LTO plugin for ld config.status 0.1, which was
generated by GNU Autoconf 2.64.  Invocation command line was

  CONFIG_FILES    = 
  CONFIG_HEADERS  = 
  CONFIG_LINKS    = 
  CONFIG_COMMANDS = 
  $ ./config.status 

on daniel-VM

config.status:1080: creating Makefile
config.status:1080: creating config.h
config.status:1293: executing depfiles commands
config.status:1293: executing libtool commands

## ---------------- ##
## Cache variables. ##
## ---------------- ##

ac_cv_build=x86_64-pc-linux-gnu
ac_cv_c_compiler_gnu=yes
ac_cv_c_int64_t=yes
ac_cv_c_uint64_t=yes
ac_cv_env_CC_set=set
ac_cv_env_CC_value='gcc '
ac_cv_env_CFLAGS_set=set
ac_cv_env_CFLAGS_value='-isystem/home/daniel/Dropbox/Hobby/Zybo_Xilinx_Xilibus/Yocto/poky/build/tmp/sysroots/x86_64-linux/usr/include -O2 -pipe'
ac_cv_env_CPPFLAGS_set=set
ac_cv_env_CPPFLAGS_value=
ac_cv_env_CPP_set=set
ac_cv_env_CPP_value='gcc -E '
ac_cv_env_LDFLAGS_set=set
ac_cv_env_LDFLAGS_value='-static-libstdc++ -static-libgcc -L/home/daniel/Dropbox/Hobby/Zybo_Xilinx_Xilibus/Yocto/poky/build/tmp/sysroots/x86_64-linux/usr/lib -L/home/daniel/Dropbox/Hobby/Zybo_Xilinx_Xilibus/Yocto/poky/build/tmp/sysroots/x86_64-linux/lib -Wl,-rpath-link,/home/daniel/Dropbox/Hobby/Zybo_Xilinx_Xilibus/Yocto/poky/build/tmp/sysroots/x86_64-linux/usr/lib -Wl,-rpath-link,/home/daniel/Dropbox/Hobby/Zybo_Xilinx_Xilibus/Yocto/poky/build/tmp/sysroots/x86_64-linux/lib -Wl,-rpath,/home/daniel/Dropbox/Hobby/Zybo_Xilinx_Xilibus/Yocto/poky/build/tmp/sysroots/x86_64-linux/usr/lib -Wl,-rpath,/home/daniel/Dropbox/Hobby/Zybo_Xilinx_Xilibus/Yocto/poky/build/tmp/sysroots/x86_64-linux/lib -Wl,-O1'
ac_cv_env_LIBS_set=
ac_cv_env_LIBS_value=
ac_cv_env_build_alias_set=set
ac_cv_env_build_alias_value=x86_64-linux
ac_cv_env_host_alias_set=set
ac_cv_env_host_alias_value=x86_64-linux
ac_cv_env_target_alias_set=set
ac_cv_env_target_alias_value=arm-poky-linux-gnueabi
ac_cv_header_dlfcn_h=yes
ac_cv_header_inttypes_h=yes
ac_cv_header_memory_h=yes
ac_cv_header_stdc=yes
ac_cv_header_stdint_h=yes
ac_cv_header_stdlib_h=yes
ac_cv_header_string_h=yes
ac_cv_header_strings_h=yes
ac_cv_header_sys_stat_h=yes
ac_cv_header_sys_types_h=yes
ac_cv_header_sys_wait_h=yes
ac_cv_header_unistd_h=yes
ac_cv_host=x86_64-pc-linux-gnu
ac_cv_objext=o
ac_cv_path_EGREP='/bin/grep -E'
ac_cv_path_FGREP='/bin/grep -F'
ac_cv_path_GREP=/bin/grep
ac_cv_path_SED=sed
ac_cv_path_install='/usr/bin/install -c'
ac_cv_path_mkdir=/bin/mkdir
ac_cv_prog_AR=ar
ac_cv_prog_AWK=gawk
ac_cv_prog_CC='gcc '
ac_cv_prog_CPP='gcc -E '
ac_cv_prog_OBJDUMP=objdump
ac_cv_prog_RANLIB=ranlib
ac_cv_prog_STRIP=strip
ac_cv_prog_cc_c89=
ac_cv_prog_cc_g=yes
ac_cv_prog_make_make_set=yes
ac_cv_sys_file_offset_bits=no
ac_cv_sys_largefile_CC=no
ac_cv_target=arm-poky-linux-gnueabi
acx_cv_prog_cc_warning__Wall=yes
am_cv_CC_dependencies_compiler_type=none
gcc_cv_collect2_libs='none required'
lt_cv_archive_cmds_need_lc=no
lt_cv_deplibs_check_method=pass_all
lt_cv_file_magic_cmd='$MAGIC_CMD'
lt_cv_file_magic_test_file=
lt_cv_ld_reload_flag=-r
lt_cv_nm_interface='BSD nm'
lt_cv_objdir=.libs
lt_cv_path_LD='ld '
lt_cv_path_NM=nm
lt_cv_prog_compiler_c_o=yes
lt_cv_prog_compiler_pic_works=yes
lt_cv_prog_compiler_rtti_exceptions=no
lt_cv_prog_compiler_static_works=yes
lt_cv_prog_gnu_ld=yes
lt_cv_shlibpath_overrides_runpath=no
lt_cv_sys_global_symbol_pipe='sed -n -e '\''s/^.*[	 ]\([ABCDGIRSTW][ABCDGIRSTW]*\)[	 ][	 ]*\([_A-Za-z][_A-Za-z0-9]*\)$/\1 \2 \2/p'\'''
lt_cv_sys_global_symbol_to_c_name_address='sed -n -e '\''s/^: \([^ ]*\) $/  {\"\1\", (void *) 0},/p'\'' -e '\''s/^[ABCDGIRSTW]* \([^ ]*\) \([^ ]*\)$/  {"\2", (void *) \&\2},/p'\'''
lt_cv_sys_global_symbol_to_c_name_address_lib_prefix='sed -n -e '\''s/^: \([^ ]*\) $/  {\"\1\", (void *) 0},/p'\'' -e '\''s/^[ABCDGIRSTW]* \([^ ]*\) \(lib[^ ]*\)$/  {"\2", (void *) \&\2},/p'\'' -e '\''s/^[ABCDGIRSTW]* \([^ ]*\) \([^ ]*\)$/  {"lib\2", (void *) \&\2},/p'\'''
lt_cv_sys_global_symbol_to_cdecl='sed -n -e '\''s/^T .* \(.*\)$/extern int \1();/p'\'' -e '\''s/^[ABCDGIRSTW]* .* \(.*\)$/extern char \1;/p'\'''
lt_cv_sys_lib_dlsearch_path_spec='/home/daniel/Dropbox/Hobby/Zybo_Xilinx_Xilibus/Yocto/poky/build/tmp/sysroots/x86_64-linux/usr/lib/armv7a-vfp-neon-poky-linux-gnueabi /home/daniel/Dropbox/Hobby/Zybo_Xilinx_Xilibus/Yocto/poky/build/tmp/sysroots/x86_64-linux/lib'
lt_cv_sys_max_cmd_len=3458764513820540925

## ----------------- ##
## Output variables. ##
## ----------------- ##

ACLOCAL='${SHELL} /home/daniel/Dropbox/Hobby/Zybo_Xilinx_Xilibus/Yocto/poky/build/tmp/work-shared/gcc-4.8.2-r0/gcc-4.8.2/missing --run aclocal-1.11'
AMDEPBACKSLASH=''
AMDEP_FALSE=''
AMDEP_TRUE='#'
AMTAR='${SHELL} /home/daniel/Dropbox/Hobby/Zybo_Xilinx_Xilibus/Yocto/poky/build/tmp/work-shared/gcc-4.8.2-r0/gcc-4.8.2/missing --run tar'
AR='ar'
AUTOCONF='${SHELL} /home/daniel/Dropbox/Hobby/Zybo_Xilinx_Xilibus/Yocto/poky/build/tmp/work-shared/gcc-4.8.2-r0/gcc-4.8.2/missing --run autoconf'
AUTOHEADER='${SHELL} /home/daniel/Dropbox/Hobby/Zybo_Xilinx_Xilibus/Yocto/poky/build/tmp/work-shared/gcc-4.8.2-r0/gcc-4.8.2/missing --run autoheader'
AUTOMAKE='${SHELL} /home/daniel/Dropbox/Hobby/Zybo_Xilinx_Xilibus/Yocto/poky/build/tmp/work-shared/gcc-4.8.2-r0/gcc-4.8.2/missing --run automake-1.11'
AWK='gawk'
CC='gcc '
CCDEPMODE='depmode=none'
CFLAGS='-isystem/home/daniel/Dropbox/Hobby/Zybo_Xilinx_Xilibus/Yocto/poky/build/tmp/sysroots/x86_64-linux/usr/include -O2 -pipe'
CPP='gcc -E '
CPPFLAGS=''
CYGPATH_W='echo'
DEFS='-DHAVE_CONFIG_H'
DEPDIR='.deps'
DSYMUTIL=''
DUMPBIN=''
ECHO_C=''
ECHO_N='-n'
ECHO_T=''
EGREP='/bin/grep -E'
EXEEXT=''
FGREP='/bin/grep -F'
GREP='/bin/grep'
INSTALL_DATA='${INSTALL} -m 644'
INSTALL_PROGRAM='${INSTALL}'
INSTALL_SCRIPT='${INSTALL}'
INSTALL_STRIP_PROGRAM='$(install_sh) -c -s'
LD='ld  -m elf_x86_64'
LDFLAGS='-static-libstdc++ -static-libgcc -L/home/daniel/Dropbox/Hobby/Zybo_Xilinx_Xilibus/Yocto/poky/build/tmp/sysroots/x86_64-linux/usr/lib -L/home/daniel/Dropbox/Hobby/Zybo_Xilinx_Xilibus/Yocto/poky/build/tmp/sysroots/x86_64-linux/lib -Wl,-rpath-link,/home/daniel/Dropbox/Hobby/Zybo_Xilinx_Xilibus/Yocto/poky/build/tmp/sysroots/x86_64-linux/usr/lib -Wl,-rpath-link,/home/daniel/Dropbox/Hobby/Zybo_Xilinx_Xilibus/Yocto/poky/build/tmp/sysroots/x86_64-linux/lib -Wl,-rpath,/home/daniel/Dropbox/Hobby/Zybo_Xilinx_Xilibus/Yocto/poky/build/tmp/sysroots/x86_64-linux/usr/lib -Wl,-rpath,/home/daniel/Dropbox/Hobby/Zybo_Xilinx_Xilibus/Yocto/poky/build/tmp/sysroots/x86_64-linux/lib -Wl,-O1'
LIBOBJS=''
LIBS=''
LIBTOOL='$(SHELL) $(top_builddir)/libtool'
LIPO=''
LN_S='ln -s'
LTLIBOBJS=''
MAINT='#'
MAINTAINER_MODE_FALSE=''
MAINTAINER_MODE_TRUE='#'
MAKEINFO='makeinfo'
MKDIR_P='/bin/mkdir -p'
NM='nm'
NMEDIT=''
OBJDUMP='objdump'
OBJEXT='o'
OTOOL64=''
OTOOL=''
PACKAGE='lto-plugin'
PACKAGE_BUGREPORT=''
PACKAGE_NAME='LTO plugin for ld'
PACKAGE_STRING='LTO plugin for ld 0.1'
PACKAGE_TARNAME='lto-plugin'
PACKAGE_URL=''
PACKAGE_VERSION='0.1'
PATH_SEPARATOR=':'
RANLIB='ranlib'
SED='sed'
SET_MAKE=''
SHELL='/bin/bash'
STRIP='strip'
VERSION='0.1'
ac_ct_CC=''
ac_ct_DUMPBIN=''
ac_lto_plugin_warn_cflags='-Wall'
am__EXEEXT_FALSE=''
am__EXEEXT_TRUE='#'
am__fastdepCC_FALSE=''
am__fastdepCC_TRUE='#'
am__include='include'
am__isrc=' -I$(srcdir)'
am__leading_dot='.'
am__quote=''
am__tar='${AMTAR} chof - "$$tardir"'
am__untar='${AMTAR} xf -'
bindir='/home/daniel/Dropbox/Hobby/Zybo_Xilinx_Xilibus/Yocto/poky/build/tmp/sysroots/x86_64-linux/usr/bin/armv7a-vfp-neon-poky-linux-gnueabi'
build='x86_64-pc-linux-gnu'
build_alias='x86_64-linux'
build_cpu='x86_64'
build_libsubdir='build-x86_64-linux'
build_os='linux-gnu'
build_subdir='build-x86_64-linux'
build_vendor='pc'
datadir='/home/daniel/Dropbox/Hobby/Zybo_Xilinx_Xilibus/Yocto/poky/build/tmp/sysroots/x86_64-linux/usr/share'
datarootdir='${prefix}/share'
docdir='${datarootdir}/doc/${PACKAGE_TARNAME}'
dvidir='${docdir}'
exec_prefix='/home/daniel/Dropbox/Hobby/Zybo_Xilinx_Xilibus/Yocto/poky/build/tmp/sysroots/x86_64-linux/usr'
host='x86_64-pc-linux-gnu'
host_alias='x86_64-linux'
host_cpu='x86_64'
host_os='linux-gnu'
host_subdir='.'
host_vendor='pc'
htmldir='${docdir}'
includedir='/home/daniel/Dropbox/Hobby/Zybo_Xilinx_Xilibus/Yocto/poky/build/tmp/sysroots/x86_64-linux/usr/include'
infodir='/home/daniel/Dropbox/Hobby/Zybo_Xilinx_Xilibus/Yocto/poky/build/tmp/sysroots/x86_64-linux/usr/share/info'
install_sh='${SHELL} /home/daniel/Dropbox/Hobby/Zybo_Xilinx_Xilibus/Yocto/poky/build/tmp/work-shared/gcc-4.8.2-r0/gcc-4.8.2/install-sh'
libdir='/home/daniel/Dropbox/Hobby/Zybo_Xilinx_Xilibus/Yocto/poky/build/tmp/sysroots/x86_64-linux/usr/lib/armv7a-vfp-neon-poky-linux-gnueabi'
libexecdir='/home/daniel/Dropbox/Hobby/Zybo_Xilinx_Xilibus/Yocto/poky/build/tmp/sysroots/x86_64-linux/usr/libexec/armv7a-vfp-neon-poky-linux-gnueabi'
localedir='${datarootdir}/locale'
localstatedir='/home/daniel/Dropbox/Hobby/Zybo_Xilinx_Xilibus/Yocto/poky/build/tmp/sysroots/x86_64-linux/var'
lt_host_flags=''
mandir='/home/daniel/Dropbox/Hobby/Zybo_Xilinx_Xilibus/Yocto/poky/build/tmp/sysroots/x86_64-linux/usr/share/man'
mkdir_p='/bin/mkdir -p'
oldincludedir='/home/daniel/Dropbox/Hobby/Zybo_Xilinx_Xilibus/Yocto/poky/build/tmp/sysroots/x86_64-linux/usr/include'
pdfdir='${docdir}'
prefix='/home/daniel/Dropbox/Hobby/Zybo_Xilinx_Xilibus/Yocto/poky/build/tmp/sysroots/x86_64-linux/usr'
program_transform_name='s&^&arm-poky-linux-gnueabi-&'
psdir='${docdir}'
sbindir='/home/daniel/Dropbox/Hobby/Zybo_Xilinx_Xilibus/Yocto/poky/build/tmp/sysroots/x86_64-linux/usr/bin/armv7a-vfp-neon-poky-linux-gnueabi'
sharedstatedir='/home/daniel/Dropbox/Hobby/Zybo_Xilinx_Xilibus/Yocto/poky/build/tmp/sysroots/x86_64-linux/com'
sysconfdir='/home/daniel/Dropbox/Hobby/Zybo_Xilinx_Xilibus/Yocto/poky/build/tmp/sysroots/x86_64-linux/etc'
target='arm-poky-linux-gnueabi'
target_alias='arm-poky-linux-gnueabi'
target_cpu='arm'
target_noncanonical='arm-poky-linux-gnueabi'
target_os='linux-gnueabi'
target_subdir='arm-poky-linux-gnueabi'
target_vendor='poky'

## ----------- ##
## confdefs.h. ##
## ----------- ##

/* confdefs.h */
#define PACKAGE_NAME "LTO plugin for ld"
#define PACKAGE_TARNAME "lto-plugin"
#define PACKAGE_VERSION "0.1"
#define PACKAGE_STRING "LTO plugin for ld 0.1"
#define PACKAGE_BUGREPORT ""
#define PACKAGE_URL ""
#define PACKAGE "lto-plugin"
#define VERSION "0.1"
#define STDC_HEADERS 1
#define HAVE_SYS_TYPES_H 1
#define HAVE_SYS_STAT_H 1
#define HAVE_STDLIB_H 1
#define HAVE_STRING_H 1
#define HAVE_MEMORY_H 1
#define HAVE_STRINGS_H 1
#define HAVE_INTTYPES_H 1
#define HAVE_STDINT_H 1
#define HAVE_UNISTD_H 1
#define HAVE_DLFCN_H 1
#define LT_OBJDIR ".libs/"
#define HAVE_SYS_WAIT_H 1

configure: exit 0
