#-----------------------------------------------------------
# Webtalk v2016.2 (64-bit)
# SW Build 1577090 on Thu Jun  2 16:32:35 MDT 2016
# 
# Start of session at: Mon Jun 13 00:10:37 2016
# Process ID: 8789
# Current directory: /home/daniel/Dropbox/Hobby/Zybo_Xilinx_Xilibus/Zybo/Zybo_Linux/Vivado/Hardware/Zybo/Zybo.sdk/webtalk
# Command line: wbtcv -mode batch -source sdk_webtalk.tcl
# Log file: /home/daniel/Dropbox/Hobby/Zybo_Xilinx_Xilibus/Zybo/Zybo_Linux/Vivado/Hardware/Zybo/Zybo.sdk/webtalk/webtalk.log
# Journal file: /home/daniel/Dropbox/Hobby/Zybo_Xilinx_Xilibus/Zybo/Zybo_Linux/Vivado/Hardware/Zybo/Zybo.sdk/webtalk/webtalk.jou
#-----------------------------------------------------------
source sdk_webtalk.tcl
# webtalk_init -webtalk_dir /home/daniel/Dropbox/Hobby/Zybo_Xilinx_Xilibus/Zybo/Zybo_Linux/Vivado/Hardware/Zybo/Zybo.sdk/webtalk
# webtalk_register_client -client project
# webtalk_add_data -client project -key date_generated -value "Mo Jun 13 00:10:37 2016" -context "software_version_and_target_device"
# webtalk_add_data -client project -key product_version -value "SDK v2016.2" -context "software_version_and_target_device"
# webtalk_add_data -client project -key build_version -value "2016.2" -context "software_version_and_target_device"
# webtalk_add_data -client project -key os_platform -value "amd64" -context "software_version_and_target_device"
# webtalk_add_data -client project -key registration_id -value "" -context "software_version_and_target_device"
# webtalk_add_data -client project -key tool_flow -value "SDK" -context "software_version_and_target_device"
# webtalk_add_data -client project -key beta -value "false" -context "software_version_and_target_device"
# webtalk_add_data -client project -key route_design -value "NA" -context "software_version_and_target_device"
# webtalk_add_data -client project -key target_family -value "NA" -context "software_version_and_target_device"
# webtalk_add_data -client project -key target_device -value "NA" -context "software_version_and_target_device"
# webtalk_add_data -client project -key target_package -value "NA" -context "software_version_and_target_device"
# webtalk_add_data -client project -key target_speed -value "NA" -context "software_version_and_target_device"
# webtalk_add_data -client project -key random_id -value "3vl0hbtv7otoujj2bj4vh8vmpf" -context "software_version_and_target_device"
# webtalk_add_data -client project -key project_id -value "2016.2_10" -context "software_version_and_target_device"
# webtalk_add_data -client project -key project_iteration -value "10" -context "software_version_and_target_device"
# webtalk_add_data -client project -key os_name -value "" -context "user_environment"
# webtalk_add_data -client project -key os_release -value "" -context "user_environment"
# webtalk_add_data -client project -key cpu_name -value "" -context "user_environment"
# webtalk_add_data -client project -key cpu_speed -value "" -context "user_environment"
# webtalk_add_data -client project -key total_processors -value "" -context "user_environment"
# webtalk_add_data -client project -key system_ram -value "" -context "user_environment"
# webtalk_register_client -client sdk
# webtalk_add_data -client sdk -key uid -value "1465769328000" -context "sdk\\\\hardware/1465769328000"
# webtalk_add_data -client sdk -key isZynq -value "true" -context "sdk\\\\hardware/1465769328000"
# webtalk_add_data -client sdk -key Processors -value "2" -context "sdk\\\\hardware/1465769328000"
# webtalk_add_data -client sdk -key VivadoVersion -value "2016.2" -context "sdk\\\\hardware/1465769328000"
# webtalk_add_data -client sdk -key Arch -value "zynq" -context "sdk\\\\hardware/1465769328000"
# webtalk_add_data -client sdk -key Device -value "7z010" -context "sdk\\\\hardware/1465769328000"
# webtalk_add_data -client sdk -key IsHandoff -value "true" -context "sdk\\\\hardware/1465769328000"
# webtalk_add_data -client sdk -key uid -value "1465769370000" -context "sdk\\\\bsp/1465769370000"
# webtalk_add_data -client sdk -key hwid -value "1465769328000" -context "sdk\\\\bsp/1465769370000"
# webtalk_add_data -client sdk -key os -value "standalone" -context "sdk\\\\bsp/1465769370000"
# webtalk_add_data -client sdk -key apptemplate -value "zynq_fsbl" -context "sdk\\\\bsp/1465769370000"
# webtalk_add_data -client sdk -key uid -value "1465769380000" -context "sdk\\\\application/1465769380000"
# webtalk_add_data -client sdk -key hwid -value "1465769328000" -context "sdk\\\\application/1465769380000"
# webtalk_add_data -client sdk -key bspid -value "1465769370000" -context "sdk\\\\application/1465769380000"
# webtalk_add_data -client sdk -key newbsp -value "true" -context "sdk\\\\application/1465769380000"
# webtalk_add_data -client sdk -key os -value "standalone" -context "sdk\\\\application/1465769380000"
# webtalk_add_data -client sdk -key apptemplate -value "zynq_fsbl" -context "sdk\\\\application/1465769380000"
# webtalk_add_data -client sdk -key uid -value "1465769412000" -context "sdk\\\\bsp/1465769412000"
# webtalk_add_data -client sdk -key hwid -value "1465769328000" -context "sdk\\\\bsp/1465769412000"
# webtalk_add_data -client sdk -key os -value "device_tree" -context "sdk\\\\bsp/1465769412000"
# webtalk_add_data -client sdk -key apptemplate -value "null" -context "sdk\\\\bsp/1465769412000"
# webtalk_transmit -clientid 1592176763 -regid "" -xml /home/daniel/Dropbox/Hobby/Zybo_Xilinx_Xilibus/Zybo/Zybo_Linux/Vivado/Hardware/Zybo/Zybo.sdk/webtalk/usage_statistics_ext_sdk.xml -html /home/daniel/Dropbox/Hobby/Zybo_Xilinx_Xilibus/Zybo/Zybo_Linux/Vivado/Hardware/Zybo/Zybo.sdk/webtalk/usage_statistics_ext_sdk.html -wdm /home/daniel/Dropbox/Hobby/Zybo_Xilinx_Xilibus/Zybo/Zybo_Linux/Vivado/Hardware/Zybo/Zybo.sdk/webtalk/sdk_webtalk.wdm -intro "<H3>SDK Usage Report</H3><BR>"
# webtalk_terminate
INFO: [Common 17-206] Exiting Webtalk at Mon Jun 13 00:10:37 2016...
