#-----------------------------------------------------------
# Webtalk v2016.2 (64-bit)
# SW Build 1577090 on Thu Jun  2 16:32:35 MDT 2016
# 
# Start of session at: Sun Jun 12 23:39:29 2016
# Process ID: 23958
# Current directory: /home/daniel/Dropbox/Hobby/Zybo_Xilinx_Xilibus/Zybo/Zybo_Linux/Vivado/Hardware/Zybo/Zybo.sdk/webtalk
# Command line: wbtcv -mode batch -source sdk_webtalk.tcl
# Log file: /home/daniel/Dropbox/Hobby/Zybo_Xilinx_Xilibus/Zybo/Zybo_Linux/Vivado/Hardware/Zybo/Zybo.sdk/webtalk/webtalk.log
# Journal file: /home/daniel/Dropbox/Hobby/Zybo_Xilinx_Xilibus/Zybo/Zybo_Linux/Vivado/Hardware/Zybo/Zybo.sdk/webtalk/webtalk.jou
#-----------------------------------------------------------
source sdk_webtalk.tcl
# webtalk_init -webtalk_dir /home/daniel/Dropbox/Hobby/Zybo_Xilinx_Xilibus/Zybo/Zybo_Linux/Vivado/Hardware/Zybo/Zybo.sdk/webtalk
# webtalk_register_client -client project
# webtalk_add_data -client project -key date_generated -value "So Jun 12 23:39:29 2016" -context "software_version_and_target_device"
# webtalk_add_data -client project -key product_version -value "SDK v2016.2" -context "software_version_and_target_device"
# webtalk_add_data -client project -key build_version -value "2016.2" -context "software_version_and_target_device"
# webtalk_add_data -client project -key os_platform -value "amd64" -context "software_version_and_target_device"
# webtalk_add_data -client project -key registration_id -value "" -context "software_version_and_target_device"
# webtalk_add_data -client project -key tool_flow -value "SDK" -context "software_version_and_target_device"
# webtalk_add_data -client project -key beta -value "false" -context "software_version_and_target_device"
# webtalk_add_data -client project -key route_design -value "NA" -context "software_version_and_target_device"
# webtalk_add_data -client project -key target_family -value "NA" -context "software_version_and_target_device"
# webtalk_add_data -client project -key target_device -value "NA" -context "software_version_and_target_device"
# webtalk_add_data -client project -key target_package -value "NA" -context "software_version_and_target_device"
# webtalk_add_data -client project -key target_speed -value "NA" -context "software_version_and_target_device"
# webtalk_add_data -client project -key random_id -value "q3pvgghgdkrdp0q3ggc9kpn42i" -context "software_version_and_target_device"
# webtalk_add_data -client project -key project_id -value "2016.2_6" -context "software_version_and_target_device"
# webtalk_add_data -client project -key project_iteration -value "6" -context "software_version_and_target_device"
# webtalk_add_data -client project -key os_name -value "" -context "user_environment"
# webtalk_add_data -client project -key os_release -value "" -context "user_environment"
# webtalk_add_data -client project -key cpu_name -value "" -context "user_environment"
# webtalk_add_data -client project -key cpu_speed -value "" -context "user_environment"
# webtalk_add_data -client project -key total_processors -value "" -context "user_environment"
# webtalk_add_data -client project -key system_ram -value "" -context "user_environment"
# webtalk_register_client -client sdk
# webtalk_add_data -client sdk -key uid -value "1465767247000" -context "sdk\\\\bsp/1465767247000"
# webtalk_add_data -client sdk -key hwid -value "1465121080000" -context "sdk\\\\bsp/1465767247000"
# webtalk_add_data -client sdk -key os -value "device_tree" -context "sdk\\\\bsp/1465767247000"
# webtalk_add_data -client sdk -key apptemplate -value "null" -context "sdk\\\\bsp/1465767247000"
# webtalk_add_data -client sdk -key uid -value "1465767358000" -context "sdk\\\\bsp/1465767358000"
# webtalk_add_data -client sdk -key hwid -value "1465121080000" -context "sdk\\\\bsp/1465767358000"
# webtalk_add_data -client sdk -key os -value "standalone" -context "sdk\\\\bsp/1465767358000"
# webtalk_add_data -client sdk -key apptemplate -value "zynq_fsbl" -context "sdk\\\\bsp/1465767358000"
# webtalk_add_data -client sdk -key uid -value "1465767370000" -context "sdk\\\\application/1465767370000"
# webtalk_add_data -client sdk -key hwid -value "1465121080000" -context "sdk\\\\application/1465767370000"
# webtalk_add_data -client sdk -key bspid -value "1465767358000" -context "sdk\\\\application/1465767370000"
# webtalk_add_data -client sdk -key newbsp -value "true" -context "sdk\\\\application/1465767370000"
# webtalk_add_data -client sdk -key os -value "standalone" -context "sdk\\\\application/1465767370000"
# webtalk_add_data -client sdk -key apptemplate -value "zynq_fsbl" -context "sdk\\\\application/1465767370000"
# webtalk_transmit -clientid 1766467888 -regid "" -xml /home/daniel/Dropbox/Hobby/Zybo_Xilinx_Xilibus/Zybo/Zybo_Linux/Vivado/Hardware/Zybo/Zybo.sdk/webtalk/usage_statistics_ext_sdk.xml -html /home/daniel/Dropbox/Hobby/Zybo_Xilinx_Xilibus/Zybo/Zybo_Linux/Vivado/Hardware/Zybo/Zybo.sdk/webtalk/usage_statistics_ext_sdk.html -wdm /home/daniel/Dropbox/Hobby/Zybo_Xilinx_Xilibus/Zybo/Zybo_Linux/Vivado/Hardware/Zybo/Zybo.sdk/webtalk/sdk_webtalk.wdm -intro "<H3>SDK Usage Report</H3><BR>"
# webtalk_terminate
INFO: [Common 17-206] Exiting Webtalk at Sun Jun 12 23:39:29 2016...
