This file contains any messages produced by compilers while
running configure, to aid debugging if configure makes a mistake.

It was created by configure, which was
generated by GNU Autoconf 2.64.  Invocation command line was

  $ /home/daniel/Dropbox/Hobby/Zybo_Xilinx_Xilibus/Yocto/poky/build/tmp/work-shared/gcc-4.8.2-r0/gcc-4.8.2/configure --build=x86_64-linux --host=x86_64-linux --target=arm-poky-linux-gnueabi --prefix=/home/daniel/Dropbox/Hobby/Zybo_Xilinx_Xilibus/Yocto/poky/build/tmp/sysroots/x86_64-linux/usr --exec_prefix=/home/daniel/Dropbox/Hobby/Zybo_Xilinx_Xilibus/Yocto/poky/build/tmp/sysroots/x86_64-linux/usr --bindir=/home/daniel/Dropbox/Hobby/Zybo_Xilinx_Xilibus/Yocto/poky/build/tmp/sysroots/x86_64-linux/usr/bin/armv7a-vfp-neon-poky-linux-gnueabi --sbindir=/home/daniel/Dropbox/Hobby/Zybo_Xilinx_Xilibus/Yocto/poky/build/tmp/sysroots/x86_64-linux/usr/bin/armv7a-vfp-neon-poky-linux-gnueabi --libexecdir=/home/daniel/Dropbox/Hobby/Zybo_Xilinx_Xilibus/Yocto/poky/build/tmp/sysroots/x86_64-linux/usr/libexec/armv7a-vfp-neon-poky-linux-gnueabi --datadir=/home/daniel/Dropbox/Hobby/Zybo_Xilinx_Xilibus/Yocto/poky/build/tmp/sysroots/x86_64-linux/usr/share --sysconfdir=/home/daniel/Dropbox/Hobby/Zybo_Xilinx_Xilibus/Yocto/poky/build/tmp/sysroots/x86_64-linux/etc --sharedstatedir=/home/daniel/Dropbox/Hobby/Zybo_Xilinx_Xilibus/Yocto/poky/build/tmp/sysroots/x86_64-linux/com --localstatedir=/home/daniel/Dropbox/Hobby/Zybo_Xilinx_Xilibus/Yocto/poky/build/tmp/sysroots/x86_64-linux/var --libdir=/home/daniel/Dropbox/Hobby/Zybo_Xilinx_Xilibus/Yocto/poky/build/tmp/sysroots/x86_64-linux/usr/lib/armv7a-vfp-neon-poky-linux-gnueabi --includedir=/home/daniel/Dropbox/Hobby/Zybo_Xilinx_Xilibus/Yocto/poky/build/tmp/sysroots/x86_64-linux/usr/include --oldincludedir=/home/daniel/Dropbox/Hobby/Zybo_Xilinx_Xilibus/Yocto/poky/build/tmp/sysroots/x86_64-linux/usr/include --infodir=/home/daniel/Dropbox/Hobby/Zybo_Xilinx_Xilibus/Yocto/poky/build/tmp/sysroots/x86_64-linux/usr/share/info --mandir=/home/daniel/Dropbox/Hobby/Zybo_Xilinx_Xilibus/Yocto/poky/build/tmp/sysroots/x86_64-linux/usr/share/man --disable-silent-rules --disable-dependency-tracking --with-libtool-sysroot=/home/daniel/Dropbox/Hobby/Zybo_Xilinx_Xilibus/Yocto/poky/build/tmp/sysroots/x86_64-linux --enable-clocale=generic --with-gnu-ld --enable-shared --enable-languages=c,c++ --enable-threads=posix --disable-multilib --enable-c99 --enable-long-long --enable-symvers=gnu --enable-libstdcxx-pch --program-prefix=arm-poky-linux-gnueabi- --without-local-prefix --enable-target-optspace --enable-lto --enable-libssp --disable-bootstrap --disable-libmudflap --with-system-zlib --with-linker-hash-style=gnu --enable-linker-build-id --with-ppl=no --with-cloog=no --enable-checking=release --enable-cheaders=c_global --with-gxx-include-dir=/home/daniel/Dropbox/Hobby/Zybo_Xilinx_Xilibus/Yocto/poky/build/tmp/sysroots/zedboard-zynq7/usr/include/c++ --with-sysroot=/home/daniel/Dropbox/Hobby/Zybo_Xilinx_Xilibus/Yocto/poky/build/tmp/sysroots/zedboard-zynq7 --with-build-sysroot=/home/daniel/Dropbox/Hobby/Zybo_Xilinx_Xilibus/Yocto/poky/build/tmp/sysroots/zedboard-zynq7 --enable-poison-system-directories --disable-libunwind-exceptions --with-mpfr=/home/daniel/Dropbox/Hobby/Zybo_Xilinx_Xilibus/Yocto/poky/build/tmp/sysroots/x86_64-linux/usr --with-system-zlib --disable-nls

## --------- ##
## Platform. ##
## --------- ##

hostname = daniel-VM
uname -m = x86_64
uname -r = 4.2.0-38-generic
uname -s = Linux
uname -v = #45~14.04.1-Ubuntu SMP Thu Jun 9 09:27:51 UTC 2016

/usr/bin/uname -p = unknown
/bin/uname -X     = unknown

/bin/arch              = unknown
/usr/bin/arch -k       = unknown
/usr/convex/getsysinfo = unknown
/usr/bin/hostinfo      = unknown
/bin/machine           = unknown
/usr/bin/oslevel       = unknown
/bin/universe          = unknown

PATH: /home/daniel/Dropbox/Hobby/Zybo_Xilinx_Xilibus/Yocto/poky/scripts
PATH: /home/daniel/Dropbox/Hobby/Zybo_Xilinx_Xilibus/Yocto/poky/build/tmp/sysroots/x86_64-linux/usr/bin/armv7a-vfp-neon-poky-linux-gnueabi
PATH: /home/daniel/Dropbox/Hobby/Zybo_Xilinx_Xilibus/Yocto/poky/build/tmp/sysroots/x86_64-linux/home/daniel/Dropbox/Hobby/Zybo_Xilinx_Xilibus/Yocto/poky/build/tmp/sysroots/x86_64-linux/usr/bin/armv7a-vfp-neon-poky-linux-gnueabi/crossscripts
PATH: /home/daniel/Dropbox/Hobby/Zybo_Xilinx_Xilibus/Yocto/poky/build/tmp/sysroots/x86_64-linux/usr/sbin
PATH: /home/daniel/Dropbox/Hobby/Zybo_Xilinx_Xilibus/Yocto/poky/build/tmp/sysroots/x86_64-linux/usr/bin
PATH: /home/daniel/Dropbox/Hobby/Zybo_Xilinx_Xilibus/Yocto/poky/build/tmp/sysroots/x86_64-linux/sbin
PATH: /home/daniel/Dropbox/Hobby/Zybo_Xilinx_Xilibus/Yocto/poky/build/tmp/sysroots/x86_64-linux/bin
PATH: /home/daniel/Dropbox/Hobby/Zybo_Xilinx_Xilibus/Yocto/poky/scripts
PATH: /home/daniel/Dropbox/Hobby/Zybo_Xilinx_Xilibus/Yocto/poky/bitbake/bin
PATH: /usr/local/sbin
PATH: /usr/local/bin
PATH: /usr/sbin
PATH: /usr/bin
PATH: /sbin
PATH: /bin
PATH: /usr/games
PATH: /usr/local/games


## ----------- ##
## Core tests. ##
## ----------- ##

configure:2317: checking build system type
configure:2331: result: x86_64-pc-linux-gnu
configure:2378: checking host system type
configure:2391: result: x86_64-pc-linux-gnu
configure:2411: checking target system type
configure:2424: result: arm-poky-linux-gnueabi
configure:2478: checking for a BSD-compatible install
configure:2546: result: /usr/bin/install -c
configure:2557: checking whether ln works
configure:2579: result: yes
configure:2583: checking whether ln -s works
configure:2587: result: yes
configure:2594: checking for a sed that does not truncate output
configure:2658: result: sed
configure:2667: checking for gawk
configure:2683: found /usr/bin/gawk
configure:2694: result: gawk
configure:3164: checking for libatomic support
configure:3174: result: yes
configure:3183: checking for libitm support
configure:3193: result: yes
configure:3202: checking for libsanitizer support
configure:3208: result: no
configure:3896: checking for x86_64-linux-gcc
configure:3923: result: gcc 
configure:4192: checking for C compiler version
configure:4201: gcc  --version >&5
gcc (Ubuntu 4.8.4-2ubuntu1~14.04.3) 4.8.4
Copyright (C) 2013 Free Software Foundation, Inc.
This is free software; see the source for copying conditions.  There is NO
warranty; not even for MERCHANTABILITY or FITNESS FOR A PARTICULAR PURPOSE.

configure:4212: $? = 0
configure:4201: gcc  -v >&5
Using built-in specs.
COLLECT_GCC=gcc
COLLECT_LTO_WRAPPER=/usr/lib/gcc/x86_64-linux-gnu/4.8/lto-wrapper
Target: x86_64-linux-gnu
Configured with: ../src/configure -v --with-pkgversion='Ubuntu 4.8.4-2ubuntu1~14.04.3' --with-bugurl=file:///usr/share/doc/gcc-4.8/README.Bugs --enable-languages=c,c++,java,go,d,fortran,objc,obj-c++ --prefix=/usr --program-suffix=-4.8 --enable-shared --enable-linker-build-id --libexecdir=/usr/lib --without-included-gettext --enable-threads=posix --with-gxx-include-dir=/usr/include/c++/4.8 --libdir=/usr/lib --enable-nls --with-sysroot=/ --enable-clocale=gnu --enable-libstdcxx-debug --enable-libstdcxx-time=yes --enable-gnu-unique-object --disable-libmudflap --enable-plugin --with-system-zlib --disable-browser-plugin --enable-java-awt=gtk --enable-gtk-cairo --with-java-home=/usr/lib/jvm/java-1.5.0-gcj-4.8-amd64/jre --enable-java-home --with-jvm-root-dir=/usr/lib/jvm/java-1.5.0-gcj-4.8-amd64 --with-jvm-jar-dir=/usr/lib/jvm-exports/java-1.5.0-gcj-4.8-amd64 --with-arch-directory=amd64 --with-ecj-jar=/usr/share/java/eclipse-ecj.jar --enable-objc-gc --enable-multiarch --disable-werror --with-arch-32=i686 --with-abi=m64 --with-multilib-list=m32,m64,mx32 --with-tune=generic --enable-checking=release --build=x86_64-linux-gnu --host=x86_64-linux-gnu --target=x86_64-linux-gnu
Thread model: posix
gcc version 4.8.4 (Ubuntu 4.8.4-2ubuntu1~14.04.3) 
configure:4212: $? = 0
configure:4201: gcc  -V >&5
gcc: error: unrecognized command line option '-V'
gcc: fatal error: no input files
compilation terminated.
configure:4212: $? = 4
configure:4201: gcc  -qversion >&5
gcc: error: unrecognized command line option '-qversion'
gcc: fatal error: no input files
compilation terminated.
configure:4212: $? = 4
configure:4232: checking for C compiler default output file name
configure:4254: gcc  -isystem/home/daniel/Dropbox/Hobby/Zybo_Xilinx_Xilibus/Yocto/poky/build/tmp/sysroots/x86_64-linux/usr/include -O2 -pipe  -L/home/daniel/Dropbox/Hobby/Zybo_Xilinx_Xilibus/Yocto/poky/build/tmp/sysroots/x86_64-linux/usr/lib -L/home/daniel/Dropbox/Hobby/Zybo_Xilinx_Xilibus/Yocto/poky/build/tmp/sysroots/x86_64-linux/lib -Wl,-rpath-link,/home/daniel/Dropbox/Hobby/Zybo_Xilinx_Xilibus/Yocto/poky/build/tmp/sysroots/x86_64-linux/usr/lib -Wl,-rpath-link,/home/daniel/Dropbox/Hobby/Zybo_Xilinx_Xilibus/Yocto/poky/build/tmp/sysroots/x86_64-linux/lib -Wl,-rpath,/home/daniel/Dropbox/Hobby/Zybo_Xilinx_Xilibus/Yocto/poky/build/tmp/sysroots/x86_64-linux/usr/lib -Wl,-rpath,/home/daniel/Dropbox/Hobby/Zybo_Xilinx_Xilibus/Yocto/poky/build/tmp/sysroots/x86_64-linux/lib -Wl,-O1 conftest.c  >&5
configure:4258: $? = 0
configure:4295: result: a.out
configure:4311: checking whether the C compiler works
configure:4320: ./a.out
configure:4324: $? = 0
configure:4339: result: yes
configure:4346: checking whether we are cross compiling
configure:4348: result: no
configure:4351: checking for suffix of executables
configure:4358: gcc  -o conftest -isystem/home/daniel/Dropbox/Hobby/Zybo_Xilinx_Xilibus/Yocto/poky/build/tmp/sysroots/x86_64-linux/usr/include -O2 -pipe  -L/home/daniel/Dropbox/Hobby/Zybo_Xilinx_Xilibus/Yocto/poky/build/tmp/sysroots/x86_64-linux/usr/lib -L/home/daniel/Dropbox/Hobby/Zybo_Xilinx_Xilibus/Yocto/poky/build/tmp/sysroots/x86_64-linux/lib -Wl,-rpath-link,/home/daniel/Dropbox/Hobby/Zybo_Xilinx_Xilibus/Yocto/poky/build/tmp/sysroots/x86_64-linux/usr/lib -Wl,-rpath-link,/home/daniel/Dropbox/Hobby/Zybo_Xilinx_Xilibus/Yocto/poky/build/tmp/sysroots/x86_64-linux/lib -Wl,-rpath,/home/daniel/Dropbox/Hobby/Zybo_Xilinx_Xilibus/Yocto/poky/build/tmp/sysroots/x86_64-linux/usr/lib -Wl,-rpath,/home/daniel/Dropbox/Hobby/Zybo_Xilinx_Xilibus/Yocto/poky/build/tmp/sysroots/x86_64-linux/lib -Wl,-O1 conftest.c  >&5
configure:4362: $? = 0
configure:4384: result: 
configure:4390: checking for suffix of object files
configure:4412: gcc  -c -isystem/home/daniel/Dropbox/Hobby/Zybo_Xilinx_Xilibus/Yocto/poky/build/tmp/sysroots/x86_64-linux/usr/include -O2 -pipe  conftest.c >&5
configure:4416: $? = 0
configure:4437: result: o
configure:4441: checking whether we are using the GNU C compiler
configure:4460: gcc  -c -isystem/home/daniel/Dropbox/Hobby/Zybo_Xilinx_Xilibus/Yocto/poky/build/tmp/sysroots/x86_64-linux/usr/include -O2 -pipe  conftest.c >&5
configure:4460: $? = 0
configure:4469: result: yes
configure:4478: checking whether gcc  accepts -g
configure:4498: gcc  -c -g  conftest.c >&5
configure:4498: $? = 0
configure:4539: result: yes
configure:4556: checking for gcc  option to accept ISO C89
configure:4620: gcc   -c -isystem/home/daniel/Dropbox/Hobby/Zybo_Xilinx_Xilibus/Yocto/poky/build/tmp/sysroots/x86_64-linux/usr/include -O2 -pipe  conftest.c >&5
configure:4620: $? = 0
configure:4633: result: none needed
configure:4765: checking for C++ compiler version
configure:4774: g++  --version >&5
g++ (Ubuntu 4.8.4-2ubuntu1~14.04.3) 4.8.4
Copyright (C) 2013 Free Software Foundation, Inc.
This is free software; see the source for copying conditions.  There is NO
warranty; not even for MERCHANTABILITY or FITNESS FOR A PARTICULAR PURPOSE.

configure:4785: $? = 0
configure:4774: g++  -v >&5
Using built-in specs.
COLLECT_GCC=g++
COLLECT_LTO_WRAPPER=/usr/lib/gcc/x86_64-linux-gnu/4.8/lto-wrapper
Target: x86_64-linux-gnu
Configured with: ../src/configure -v --with-pkgversion='Ubuntu 4.8.4-2ubuntu1~14.04.3' --with-bugurl=file:///usr/share/doc/gcc-4.8/README.Bugs --enable-languages=c,c++,java,go,d,fortran,objc,obj-c++ --prefix=/usr --program-suffix=-4.8 --enable-shared --enable-linker-build-id --libexecdir=/usr/lib --without-included-gettext --enable-threads=posix --with-gxx-include-dir=/usr/include/c++/4.8 --libdir=/usr/lib --enable-nls --with-sysroot=/ --enable-clocale=gnu --enable-libstdcxx-debug --enable-libstdcxx-time=yes --enable-gnu-unique-object --disable-libmudflap --enable-plugin --with-system-zlib --disable-browser-plugin --enable-java-awt=gtk --enable-gtk-cairo --with-java-home=/usr/lib/jvm/java-1.5.0-gcj-4.8-amd64/jre --enable-java-home --with-jvm-root-dir=/usr/lib/jvm/java-1.5.0-gcj-4.8-amd64 --with-jvm-jar-dir=/usr/lib/jvm-exports/java-1.5.0-gcj-4.8-amd64 --with-arch-directory=amd64 --with-ecj-jar=/usr/share/java/eclipse-ecj.jar --enable-objc-gc --enable-multiarch --disable-werror --with-arch-32=i686 --with-abi=m64 --with-multilib-list=m32,m64,mx32 --with-tune=generic --enable-checking=release --build=x86_64-linux-gnu --host=x86_64-linux-gnu --target=x86_64-linux-gnu
Thread model: posix
gcc version 4.8.4 (Ubuntu 4.8.4-2ubuntu1~14.04.3) 
configure:4785: $? = 0
configure:4774: g++  -V >&5
g++: error: unrecognized command line option '-V'
g++: fatal error: no input files
compilation terminated.
configure:4785: $? = 4
configure:4774: g++  -qversion >&5
g++: error: unrecognized command line option '-qversion'
g++: fatal error: no input files
compilation terminated.
configure:4785: $? = 4
configure:4789: checking whether we are using the GNU C++ compiler
configure:4808: g++  -c -isystem/home/daniel/Dropbox/Hobby/Zybo_Xilinx_Xilibus/Yocto/poky/build/tmp/sysroots/x86_64-linux/usr/include -O2 -pipe  conftest.cpp >&5
configure:4808: $? = 0
configure:4817: result: yes
configure:4826: checking whether g++  accepts -g
configure:4846: g++  -c -g  conftest.cpp >&5
configure:4846: $? = 0
configure:4887: result: yes
configure:4936: checking whether g++ accepts -static-libstdc++ -static-libgcc
configure:4953: g++  -o conftest -isystem/home/daniel/Dropbox/Hobby/Zybo_Xilinx_Xilibus/Yocto/poky/build/tmp/sysroots/x86_64-linux/usr/include -O2 -pipe  -L/home/daniel/Dropbox/Hobby/Zybo_Xilinx_Xilibus/Yocto/poky/build/tmp/sysroots/x86_64-linux/usr/lib -L/home/daniel/Dropbox/Hobby/Zybo_Xilinx_Xilibus/Yocto/poky/build/tmp/sysroots/x86_64-linux/lib -Wl,-rpath-link,/home/daniel/Dropbox/Hobby/Zybo_Xilinx_Xilibus/Yocto/poky/build/tmp/sysroots/x86_64-linux/usr/lib -Wl,-rpath-link,/home/daniel/Dropbox/Hobby/Zybo_Xilinx_Xilibus/Yocto/poky/build/tmp/sysroots/x86_64-linux/lib -Wl,-rpath,/home/daniel/Dropbox/Hobby/Zybo_Xilinx_Xilibus/Yocto/poky/build/tmp/sysroots/x86_64-linux/usr/lib -Wl,-rpath,/home/daniel/Dropbox/Hobby/Zybo_Xilinx_Xilibus/Yocto/poky/build/tmp/sysroots/x86_64-linux/lib -Wl,-O1 -static-libstdc++ -static-libgcc conftest.cpp  >&5
configure:4953: $? = 0
configure:4954: result: yes
configure:4978: checking for x86_64-linux-gnatbind
configure:5008: result: no
configure:5018: checking for gnatbind
configure:5048: result: no
configure:5070: checking for x86_64-linux-gnatmake
configure:5100: result: no
configure:5110: checking for gnatmake
configure:5140: result: no
configure:5159: checking whether compiler driver understands Ada
configure:5182: result: no
configure:5191: checking how to compare bootstrapped objects
configure:5216: result: cmp --ignore-initial=16 $$f1 $$f2
configure:5270: checking for objdir
configure:5285: result: .libs
configure:5459: checking for the correct version of gmp.h
configure:5479: gcc  -c -isystem/home/daniel/Dropbox/Hobby/Zybo_Xilinx_Xilibus/Yocto/poky/build/tmp/sysroots/x86_64-linux/usr/include -O2 -pipe -I/home/daniel/Dropbox/Hobby/Zybo_Xilinx_Xilibus/Yocto/poky/build/tmp/sysroots/x86_64-linux/usr/include   conftest.c >&5
configure:5479: $? = 0
configure:5497: gcc  -c -isystem/home/daniel/Dropbox/Hobby/Zybo_Xilinx_Xilibus/Yocto/poky/build/tmp/sysroots/x86_64-linux/usr/include -O2 -pipe -I/home/daniel/Dropbox/Hobby/Zybo_Xilinx_Xilibus/Yocto/poky/build/tmp/sysroots/x86_64-linux/usr/include   conftest.c >&5
configure:5497: $? = 0
configure:5498: result: yes
configure:5514: checking for the correct version of mpfr.h
configure:5532: gcc  -c -isystem/home/daniel/Dropbox/Hobby/Zybo_Xilinx_Xilibus/Yocto/poky/build/tmp/sysroots/x86_64-linux/usr/include -O2 -pipe -I/home/daniel/Dropbox/Hobby/Zybo_Xilinx_Xilibus/Yocto/poky/build/tmp/sysroots/x86_64-linux/usr/include   conftest.c >&5
configure:5532: $? = 0
configure:5549: gcc  -c -isystem/home/daniel/Dropbox/Hobby/Zybo_Xilinx_Xilibus/Yocto/poky/build/tmp/sysroots/x86_64-linux/usr/include -O2 -pipe -I/home/daniel/Dropbox/Hobby/Zybo_Xilinx_Xilibus/Yocto/poky/build/tmp/sysroots/x86_64-linux/usr/include   conftest.c >&5
configure:5549: $? = 0
configure:5550: result: yes
configure:5567: checking for the correct version of mpc.h
configure:5584: gcc  -c -isystem/home/daniel/Dropbox/Hobby/Zybo_Xilinx_Xilibus/Yocto/poky/build/tmp/sysroots/x86_64-linux/usr/include -O2 -pipe -I/home/daniel/Dropbox/Hobby/Zybo_Xilinx_Xilibus/Yocto/poky/build/tmp/sysroots/x86_64-linux/usr/include   conftest.c >&5
configure:5584: $? = 0
configure:5600: gcc  -c -isystem/home/daniel/Dropbox/Hobby/Zybo_Xilinx_Xilibus/Yocto/poky/build/tmp/sysroots/x86_64-linux/usr/include -O2 -pipe -I/home/daniel/Dropbox/Hobby/Zybo_Xilinx_Xilibus/Yocto/poky/build/tmp/sysroots/x86_64-linux/usr/include   conftest.c >&5
configure:5600: $? = 0
configure:5601: result: yes
configure:5619: checking for the correct version of the gmp/mpfr/mpc libraries
configure:5650: gcc  -o conftest -isystem/home/daniel/Dropbox/Hobby/Zybo_Xilinx_Xilibus/Yocto/poky/build/tmp/sysroots/x86_64-linux/usr/include -O2 -pipe -I/home/daniel/Dropbox/Hobby/Zybo_Xilinx_Xilibus/Yocto/poky/build/tmp/sysroots/x86_64-linux/usr/include   -L/home/daniel/Dropbox/Hobby/Zybo_Xilinx_Xilibus/Yocto/poky/build/tmp/sysroots/x86_64-linux/usr/lib -L/home/daniel/Dropbox/Hobby/Zybo_Xilinx_Xilibus/Yocto/poky/build/tmp/sysroots/x86_64-linux/lib -Wl,-rpath-link,/home/daniel/Dropbox/Hobby/Zybo_Xilinx_Xilibus/Yocto/poky/build/tmp/sysroots/x86_64-linux/usr/lib -Wl,-rpath-link,/home/daniel/Dropbox/Hobby/Zybo_Xilinx_Xilibus/Yocto/poky/build/tmp/sysroots/x86_64-linux/lib -Wl,-rpath,/home/daniel/Dropbox/Hobby/Zybo_Xilinx_Xilibus/Yocto/poky/build/tmp/sysroots/x86_64-linux/usr/lib -Wl,-rpath,/home/daniel/Dropbox/Hobby/Zybo_Xilinx_Xilibus/Yocto/poky/build/tmp/sysroots/x86_64-linux/lib -Wl,-O1 conftest.c  -L/home/daniel/Dropbox/Hobby/Zybo_Xilinx_Xilibus/Yocto/poky/build/tmp/sysroots/x86_64-linux/usr/lib -lmpc -lmpfr -lgmp >&5
configure:5650: $? = 0
configure:5651: result: yes
configure:7171: checking for default BUILD_CONFIG
configure:7203: result: 
configure:7692: checking for bison
configure:7708: found /home/daniel/Dropbox/Hobby/Zybo_Xilinx_Xilibus/Yocto/poky/build/tmp/sysroots/x86_64-linux/usr/bin/bison
configure:7719: result: bison -y
configure:7739: checking for bison
configure:7755: found /home/daniel/Dropbox/Hobby/Zybo_Xilinx_Xilibus/Yocto/poky/build/tmp/sysroots/x86_64-linux/usr/bin/bison
configure:7766: result: bison
configure:7786: checking for gm4
configure:7816: result: no
configure:7786: checking for gnum4
configure:7816: result: no
configure:7786: checking for m4
configure:7802: found /home/daniel/Dropbox/Hobby/Zybo_Xilinx_Xilibus/Yocto/poky/build/tmp/sysroots/x86_64-linux/usr/bin/m4
configure:7813: result: m4
configure:7833: checking for flex
configure:7849: found /home/daniel/Dropbox/Hobby/Zybo_Xilinx_Xilibus/Yocto/poky/build/tmp/sysroots/x86_64-linux/usr/bin/flex
configure:7860: result: flex
configure:7881: checking for flex
configure:7897: found /home/daniel/Dropbox/Hobby/Zybo_Xilinx_Xilibus/Yocto/poky/build/tmp/sysroots/x86_64-linux/usr/bin/flex
configure:7908: result: flex
configure:7928: checking for makeinfo
configure:7944: found /usr/bin/makeinfo
configure:7955: result: makeinfo
configure:7989: checking for expect
configure:8019: result: no
configure:8038: checking for runtest
configure:8068: result: no
configure:8102: checking for ar
configure:8129: result: ar
configure:8144: checking for x86_64-linux-ar
configure:8171: result: ar
configure:8243: checking for as
configure:8270: result: as 
configure:8285: checking for x86_64-linux-as
configure:8312: result: as 
configure:8426: checking for x86_64-linux-dlltool
configure:8456: result: no
configure:8465: checking for dlltool
configure:8495: result: no
configure:8525: checking for ld
configure:8552: result: ld 
configure:8567: checking for x86_64-linux-ld
configure:8594: result: ld 
configure:8708: checking for x86_64-linux-lipo
configure:8738: result: no
configure:8747: checking for lipo
configure:8777: result: no
configure:8807: checking for nm
configure:8834: result: nm
configure:8849: checking for x86_64-linux-nm
configure:8876: result: nm
configure:8948: checking for ranlib
configure:8975: result: ranlib
configure:8990: checking for x86_64-linux-ranlib
configure:9017: result: ranlib
configure:9084: checking for strip
configure:9111: result: strip
configure:9126: checking for x86_64-linux-strip
configure:9153: result: strip
configure:9262: checking for x86_64-linux-windres
configure:9292: result: no
configure:9301: checking for windres
configure:9331: result: no
configure:9403: checking for x86_64-linux-windmc
configure:9433: result: no
configure:9442: checking for windmc
configure:9472: result: no
configure:9502: checking for objcopy
configure:9529: result: objcopy
configure:9544: checking for x86_64-linux-objcopy
configure:9571: result: objcopy
configure:9643: checking for objdump
configure:9670: result: objdump
configure:9685: checking for x86_64-linux-objdump
configure:9712: result: objdump
configure:9826: checking for x86_64-linux-readelf
configure:9856: result: no
configure:9865: checking for readelf
configure:9881: found /usr/bin/readelf
configure:9892: result: readelf
configure:10006: checking for arm-poky-linux-gnueabi-cc
configure:10036: result: no
configure:10006: checking for arm-poky-linux-gnueabi-gcc
configure:10036: result: no
configure:10167: checking for arm-poky-linux-gnueabi-c++
configure:10197: result: no
configure:10167: checking for arm-poky-linux-gnueabi-g++
configure:10197: result: no
configure:10167: checking for arm-poky-linux-gnueabi-cxx
configure:10197: result: no
configure:10167: checking for arm-poky-linux-gnueabi-gxx
configure:10197: result: no
configure:10328: checking for arm-poky-linux-gnueabi-gcc
configure:10358: result: no
configure:10484: checking for arm-poky-linux-gnueabi-gcj
configure:10514: result: no
configure:10645: checking for arm-poky-linux-gnueabi-gfortran
configure:10675: result: no
configure:10806: checking for arm-poky-linux-gnueabi-gccgo
configure:10836: result: no
configure:10936: checking for ar
configure:10969: result: no
configure:11047: checking for arm-poky-linux-gnueabi-ar
configure:11063: found /home/daniel/Dropbox/Hobby/Zybo_Xilinx_Xilibus/Yocto/poky/build/tmp/sysroots/x86_64-linux/usr/bin/armv7a-vfp-neon-poky-linux-gnueabi/arm-poky-linux-gnueabi-ar
configure:11074: result: arm-poky-linux-gnueabi-ar
configure:11166: checking for as
configure:11199: result: no
configure:11277: checking for arm-poky-linux-gnueabi-as
configure:11293: found /home/daniel/Dropbox/Hobby/Zybo_Xilinx_Xilibus/Yocto/poky/build/tmp/sysroots/x86_64-linux/usr/bin/armv7a-vfp-neon-poky-linux-gnueabi/arm-poky-linux-gnueabi-as
configure:11304: result: arm-poky-linux-gnueabi-as
configure:11396: checking for dlltool
configure:11429: result: no
configure:11507: checking for arm-poky-linux-gnueabi-dlltool
configure:11537: result: no
configure:11626: checking for ld
configure:11659: result: no
configure:11737: checking for arm-poky-linux-gnueabi-ld
configure:11753: found /home/daniel/Dropbox/Hobby/Zybo_Xilinx_Xilibus/Yocto/poky/build/tmp/sysroots/x86_64-linux/usr/bin/armv7a-vfp-neon-poky-linux-gnueabi/arm-poky-linux-gnueabi-ld
configure:11764: result: arm-poky-linux-gnueabi-ld
configure:11856: checking for lipo
configure:11889: result: no
configure:11967: checking for arm-poky-linux-gnueabi-lipo
configure:11997: result: no
configure:12086: checking for nm
configure:12119: result: no
configure:12197: checking for arm-poky-linux-gnueabi-nm
configure:12213: found /home/daniel/Dropbox/Hobby/Zybo_Xilinx_Xilibus/Yocto/poky/build/tmp/sysroots/x86_64-linux/usr/bin/armv7a-vfp-neon-poky-linux-gnueabi/arm-poky-linux-gnueabi-nm
configure:12224: result: arm-poky-linux-gnueabi-nm
configure:12316: checking for objdump
configure:12349: result: no
configure:12427: checking for arm-poky-linux-gnueabi-objdump
configure:12443: found /home/daniel/Dropbox/Hobby/Zybo_Xilinx_Xilibus/Yocto/poky/build/tmp/sysroots/x86_64-linux/usr/bin/armv7a-vfp-neon-poky-linux-gnueabi/arm-poky-linux-gnueabi-objdump
configure:12454: result: arm-poky-linux-gnueabi-objdump
configure:12546: checking for ranlib
configure:12579: result: no
configure:12657: checking for arm-poky-linux-gnueabi-ranlib
configure:12673: found /home/daniel/Dropbox/Hobby/Zybo_Xilinx_Xilibus/Yocto/poky/build/tmp/sysroots/x86_64-linux/usr/bin/armv7a-vfp-neon-poky-linux-gnueabi/arm-poky-linux-gnueabi-ranlib
configure:12684: result: arm-poky-linux-gnueabi-ranlib
configure:12776: checking for readelf
configure:12809: result: no
configure:12887: checking for arm-poky-linux-gnueabi-readelf
configure:12903: found /home/daniel/Dropbox/Hobby/Zybo_Xilinx_Xilibus/Yocto/poky/build/tmp/sysroots/x86_64-linux/usr/bin/armv7a-vfp-neon-poky-linux-gnueabi/arm-poky-linux-gnueabi-readelf
configure:12914: result: arm-poky-linux-gnueabi-readelf
configure:13006: checking for strip
configure:13039: result: no
configure:13117: checking for arm-poky-linux-gnueabi-strip
configure:13133: found /home/daniel/Dropbox/Hobby/Zybo_Xilinx_Xilibus/Yocto/poky/build/tmp/sysroots/x86_64-linux/usr/bin/armv7a-vfp-neon-poky-linux-gnueabi/arm-poky-linux-gnueabi-strip
configure:13144: result: arm-poky-linux-gnueabi-strip
configure:13236: checking for windres
configure:13269: result: no
configure:13347: checking for arm-poky-linux-gnueabi-windres
configure:13377: result: no
configure:13466: checking for windmc
configure:13499: result: no
configure:13577: checking for arm-poky-linux-gnueabi-windmc
configure:13607: result: no
configure:13674: checking where to find the target ar
configure:13711: result: pre-installed
configure:13716: checking where to find the target as
configure:13753: result: pre-installed
configure:13758: checking where to find the target cc
configure:13781: result: just compiled
configure:13800: checking where to find the target c++
configure:13826: result: just compiled
configure:13845: checking where to find the target c++ for libstdc++
configure:13871: result: just compiled
configure:13890: checking where to find the target dlltool
configure:13927: result: pre-installed
configure:13932: checking where to find the target gcc
configure:13955: result: just compiled
configure:13974: checking where to find the target gcj
configure:14014: result: pre-installed
configure:14019: checking where to find the target gfortran
configure:14059: result: pre-installed
configure:14064: checking where to find the target gccgo
configure:14104: result: pre-installed
configure:14109: checking where to find the target ld
configure:14146: result: pre-installed
configure:14151: checking where to find the target lipo
configure:14177: result: pre-installed
configure:14182: checking where to find the target nm
configure:14219: result: pre-installed
configure:14224: checking where to find the target objdump
configure:14261: result: pre-installed
configure:14266: checking where to find the target ranlib
configure:14303: result: pre-installed
configure:14308: checking where to find the target readelf
configure:14345: result: pre-installed
configure:14350: checking where to find the target strip
configure:14387: result: pre-installed
configure:14392: checking where to find the target windres
configure:14429: result: pre-installed
configure:14434: checking where to find the target windmc
configure:14471: result: pre-installed
configure:14504: checking whether to enable maintainer-specific portions of Makefiles
configure:14513: result: no
configure:14724: creating ./config.status

## ---------------------- ##
## Running config.status. ##
## ---------------------- ##

This file was extended by config.status, which was
generated by GNU Autoconf 2.64.  Invocation command line was

  CONFIG_FILES    = 
  CONFIG_HEADERS  = 
  CONFIG_LINKS    = 
  CONFIG_COMMANDS = 
  $ ./config.status 

on daniel-VM

config.status:1053: creating Makefile

## ---------------- ##
## Cache variables. ##
## ---------------- ##

ac_cv_build=x86_64-pc-linux-gnu
ac_cv_c_compiler_gnu=yes
ac_cv_cxx_compiler_gnu=yes
ac_cv_env_AR_FOR_TARGET_set=
ac_cv_env_AR_FOR_TARGET_value=
ac_cv_env_AR_set=set
ac_cv_env_AR_value=ar
ac_cv_env_AS_FOR_TARGET_set=
ac_cv_env_AS_FOR_TARGET_value=
ac_cv_env_AS_set=set
ac_cv_env_AS_value='as '
ac_cv_env_CCC_set=
ac_cv_env_CCC_value=
ac_cv_env_CC_FOR_TARGET_set=
ac_cv_env_CC_FOR_TARGET_value=
ac_cv_env_CC_set=set
ac_cv_env_CC_value='gcc '
ac_cv_env_CFLAGS_set=set
ac_cv_env_CFLAGS_value='-isystem/home/daniel/Dropbox/Hobby/Zybo_Xilinx_Xilibus/Yocto/poky/build/tmp/sysroots/x86_64-linux/usr/include -O2 -pipe'
ac_cv_env_CPPFLAGS_set=set
ac_cv_env_CPPFLAGS_value=
ac_cv_env_CXXFLAGS_set=set
ac_cv_env_CXXFLAGS_value='-isystem/home/daniel/Dropbox/Hobby/Zybo_Xilinx_Xilibus/Yocto/poky/build/tmp/sysroots/x86_64-linux/usr/include -O2 -pipe'
ac_cv_env_CXX_FOR_TARGET_set=
ac_cv_env_CXX_FOR_TARGET_value=
ac_cv_env_CXX_set=set
ac_cv_env_CXX_value='g++ '
ac_cv_env_DLLTOOL_FOR_TARGET_set=
ac_cv_env_DLLTOOL_FOR_TARGET_value=
ac_cv_env_DLLTOOL_set=
ac_cv_env_DLLTOOL_value=
ac_cv_env_GCC_FOR_TARGET_set=
ac_cv_env_GCC_FOR_TARGET_value=
ac_cv_env_GCJ_FOR_TARGET_set=
ac_cv_env_GCJ_FOR_TARGET_value=
ac_cv_env_GFORTRAN_FOR_TARGET_set=
ac_cv_env_GFORTRAN_FOR_TARGET_value=
ac_cv_env_GOC_FOR_TARGET_set=
ac_cv_env_GOC_FOR_TARGET_value=
ac_cv_env_LDFLAGS_set=set
ac_cv_env_LDFLAGS_value='-L/home/daniel/Dropbox/Hobby/Zybo_Xilinx_Xilibus/Yocto/poky/build/tmp/sysroots/x86_64-linux/usr/lib -L/home/daniel/Dropbox/Hobby/Zybo_Xilinx_Xilibus/Yocto/poky/build/tmp/sysroots/x86_64-linux/lib -Wl,-rpath-link,/home/daniel/Dropbox/Hobby/Zybo_Xilinx_Xilibus/Yocto/poky/build/tmp/sysroots/x86_64-linux/usr/lib -Wl,-rpath-link,/home/daniel/Dropbox/Hobby/Zybo_Xilinx_Xilibus/Yocto/poky/build/tmp/sysroots/x86_64-linux/lib -Wl,-rpath,/home/daniel/Dropbox/Hobby/Zybo_Xilinx_Xilibus/Yocto/poky/build/tmp/sysroots/x86_64-linux/usr/lib -Wl,-rpath,/home/daniel/Dropbox/Hobby/Zybo_Xilinx_Xilibus/Yocto/poky/build/tmp/sysroots/x86_64-linux/lib -Wl,-O1'
ac_cv_env_LD_FOR_TARGET_set=
ac_cv_env_LD_FOR_TARGET_value=
ac_cv_env_LD_set=set
ac_cv_env_LD_value='ld '
ac_cv_env_LIBS_set=
ac_cv_env_LIBS_value=
ac_cv_env_LIPO_FOR_TARGET_set=
ac_cv_env_LIPO_FOR_TARGET_value=
ac_cv_env_LIPO_set=
ac_cv_env_LIPO_value=
ac_cv_env_NM_FOR_TARGET_set=
ac_cv_env_NM_FOR_TARGET_value=
ac_cv_env_NM_set=set
ac_cv_env_NM_value=nm
ac_cv_env_OBJCOPY_set=set
ac_cv_env_OBJCOPY_value=objcopy
ac_cv_env_OBJDUMP_FOR_TARGET_set=
ac_cv_env_OBJDUMP_FOR_TARGET_value=
ac_cv_env_OBJDUMP_set=set
ac_cv_env_OBJDUMP_value=objdump
ac_cv_env_RANLIB_FOR_TARGET_set=
ac_cv_env_RANLIB_FOR_TARGET_value=
ac_cv_env_RANLIB_set=set
ac_cv_env_RANLIB_value=ranlib
ac_cv_env_READELF_FOR_TARGET_set=
ac_cv_env_READELF_FOR_TARGET_value=
ac_cv_env_READELF_set=
ac_cv_env_READELF_value=
ac_cv_env_STRIP_FOR_TARGET_set=
ac_cv_env_STRIP_FOR_TARGET_value=
ac_cv_env_STRIP_set=set
ac_cv_env_STRIP_value=strip
ac_cv_env_WINDMC_FOR_TARGET_set=
ac_cv_env_WINDMC_FOR_TARGET_value=
ac_cv_env_WINDMC_set=
ac_cv_env_WINDMC_value=
ac_cv_env_WINDRES_FOR_TARGET_set=
ac_cv_env_WINDRES_FOR_TARGET_value=
ac_cv_env_WINDRES_set=
ac_cv_env_WINDRES_value=
ac_cv_env_build_alias_set=set
ac_cv_env_build_alias_value=x86_64-linux
ac_cv_env_build_configargs_set=
ac_cv_env_build_configargs_value=
ac_cv_env_host_alias_set=set
ac_cv_env_host_alias_value=x86_64-linux
ac_cv_env_host_configargs_set=
ac_cv_env_host_configargs_value=
ac_cv_env_target_alias_set=set
ac_cv_env_target_alias_value=arm-poky-linux-gnueabi
ac_cv_env_target_configargs_set=
ac_cv_env_target_configargs_value=
ac_cv_host=x86_64-pc-linux-gnu
ac_cv_objext=o
ac_cv_path_SED=sed
ac_cv_path_install='/usr/bin/install -c'
ac_cv_prog_AR=ar
ac_cv_prog_AR_FOR_TARGET=arm-poky-linux-gnueabi-ar
ac_cv_prog_AS='as '
ac_cv_prog_AS_FOR_TARGET=arm-poky-linux-gnueabi-as
ac_cv_prog_AWK=gawk
ac_cv_prog_BISON=bison
ac_cv_prog_CC='gcc '
ac_cv_prog_FLEX=flex
ac_cv_prog_LD='ld '
ac_cv_prog_LD_FOR_TARGET=arm-poky-linux-gnueabi-ld
ac_cv_prog_LEX=flex
ac_cv_prog_M4=m4
ac_cv_prog_MAKEINFO=makeinfo
ac_cv_prog_NM=nm
ac_cv_prog_NM_FOR_TARGET=arm-poky-linux-gnueabi-nm
ac_cv_prog_OBJCOPY=objcopy
ac_cv_prog_OBJDUMP=objdump
ac_cv_prog_OBJDUMP_FOR_TARGET=arm-poky-linux-gnueabi-objdump
ac_cv_prog_RANLIB=ranlib
ac_cv_prog_RANLIB_FOR_TARGET=arm-poky-linux-gnueabi-ranlib
ac_cv_prog_READELF=readelf
ac_cv_prog_READELF_FOR_TARGET=arm-poky-linux-gnueabi-readelf
ac_cv_prog_STRIP=strip
ac_cv_prog_STRIP_FOR_TARGET=arm-poky-linux-gnueabi-strip
ac_cv_prog_YACC='bison -y'
ac_cv_prog_cc_c89=
ac_cv_prog_cc_g=yes
ac_cv_prog_cxx_g=yes
ac_cv_target=arm-poky-linux-gnueabi
acx_cv_cc_gcc_supports_ada=no
acx_cv_prog_LN=ln
gcc_cv_collect2_libs='none required'
gcc_cv_prog_cmp_skip='cmp --ignore-initial=16 $$f1 $$f2'
gcc_cv_tool_dirs=/home/daniel/Dropbox/Hobby/Zybo_Xilinx_Xilibus/Yocto/poky/build/tmp/sysroots/x86_64-linux/usr/libexec/gcc/arm-poky-linux-gnueabi/4.8.2:/home/daniel/Dropbox/Hobby/Zybo_Xilinx_Xilibus/Yocto/poky/build/tmp/sysroots/x86_64-linux/usr/libexec/gcc/arm-poky-linux-gnueabi:/usr/lib/gcc/arm-poky-linux-gnueabi/4.8.2:/usr/lib/gcc/arm-poky-linux-gnueabi:/home/daniel/Dropbox/Hobby/Zybo_Xilinx_Xilibus/Yocto/poky/build/tmp/sysroots/x86_64-linux/usr/arm-poky-linux-gnueabi/bin/arm-poky-linux-gnueabi/4.8.2:/home/daniel/Dropbox/Hobby/Zybo_Xilinx_Xilibus/Yocto/poky/build/tmp/sysroots/x86_64-linux/usr/arm-poky-linux-gnueabi/bin:
gcc_cv_tool_prefix=/home/daniel/Dropbox/Hobby/Zybo_Xilinx_Xilibus/Yocto/poky/build/tmp/sysroots/x86_64-linux/usr
lt_cv_objdir=.libs
lt_cv_sys_lib_dlsearch_path_spec='/home/daniel/Dropbox/Hobby/Zybo_Xilinx_Xilibus/Yocto/poky/build/tmp/sysroots/x86_64-linux/usr/lib/armv7a-vfp-neon-poky-linux-gnueabi /home/daniel/Dropbox/Hobby/Zybo_Xilinx_Xilibus/Yocto/poky/build/tmp/sysroots/x86_64-linux/lib'

## ----------------- ##
## Output variables. ##
## ----------------- ##

AR='ar'
AR_FOR_BUILD='$(AR)'
AR_FOR_TARGET='arm-poky-linux-gnueabi-ar'
AS='as '
AS_FOR_BUILD='$(AS)'
AS_FOR_TARGET='arm-poky-linux-gnueabi-as'
AWK='gawk'
BISON='bison'
BUILD_CONFIG=''
CC='gcc '
CC_FOR_BUILD='$(CC)'
CC_FOR_TARGET='$$r/$(HOST_SUBDIR)/gcc/xgcc -B$$r/$(HOST_SUBDIR)/gcc/'
CFLAGS='-isystem/home/daniel/Dropbox/Hobby/Zybo_Xilinx_Xilibus/Yocto/poky/build/tmp/sysroots/x86_64-linux/usr/include -O2 -pipe'
CFLAGS_FOR_BUILD='-isystem/home/daniel/Dropbox/Hobby/Zybo_Xilinx_Xilibus/Yocto/poky/build/tmp/sysroots/x86_64-linux/usr/include -O2 -pipe'
CFLAGS_FOR_TARGET=' -O2 -pipe -g -feliminate-unused-debug-types'
COMPILER_AS_FOR_TARGET='$$r/$(HOST_SUBDIR)/gcc/as'
COMPILER_LD_FOR_TARGET='$$r/$(HOST_SUBDIR)/gcc/collect-ld'
COMPILER_NM_FOR_TARGET='$$r/$(HOST_SUBDIR)/gcc/nm'
CONFIGURE_GDB_TK=''
CPPFLAGS=''
CXX='g++ '
CXXFLAGS='-isystem/home/daniel/Dropbox/Hobby/Zybo_Xilinx_Xilibus/Yocto/poky/build/tmp/sysroots/x86_64-linux/usr/include -O2 -pipe'
CXXFLAGS_FOR_BUILD='-isystem/home/daniel/Dropbox/Hobby/Zybo_Xilinx_Xilibus/Yocto/poky/build/tmp/sysroots/x86_64-linux/usr/include -O2 -pipe'
CXXFLAGS_FOR_TARGET=' -O2 -pipe -g -feliminate-unused-debug-types'
CXX_FOR_BUILD='$(CXX)'
CXX_FOR_TARGET='$$r/$(HOST_SUBDIR)/gcc/xg++ -B$$r/$(HOST_SUBDIR)/gcc/ -nostdinc++ `if test -f $$r/$(TARGET_SUBDIR)/libstdc++-v3/scripts/testsuite_flags; then $(SHELL) $$r/$(TARGET_SUBDIR)/libstdc++-v3/scripts/testsuite_flags --build-includes; else echo -funconfigured-libstdc++-v3 ; fi` -L$$r/$(TARGET_SUBDIR)/libstdc++-v3/src -L$$r/$(TARGET_SUBDIR)/libstdc++-v3/src/.libs'
DEBUG_PREFIX_CFLAGS_FOR_TARGET=''
DEFS='-DPACKAGE_NAME=\"\" -DPACKAGE_TARNAME=\"\" -DPACKAGE_VERSION=\"\" -DPACKAGE_STRING=\"\" -DPACKAGE_BUGREPORT=\"\" -DPACKAGE_URL=\"\" -DLT_OBJDIR=\".libs/\"'
DLLTOOL='dlltool'
DLLTOOL_FOR_BUILD='$(DLLTOOL)'
DLLTOOL_FOR_TARGET='arm-poky-linux-gnueabi-dlltool'
ECHO_C=''
ECHO_N='-n'
ECHO_T=''
EXEEXT=''
EXPECT='expect'
EXTRA_CONFIGARGS_LIBJAVA='--disable-static'
FLAGS_FOR_TARGET=' -march=armv7-a -mthumb-interwork -mfloat-abi=softfp -mfpu=neon -isystem/home/daniel/Dropbox/Hobby/Zybo_Xilinx_Xilibus/Yocto/poky/build/tmp/sysroots/zedboard-zynq7/usr/include -B$(build_tooldir)/bin/ -B$(build_tooldir)/lib/ -isystem $(build_tooldir)/include -isystem $(build_tooldir)/sys-include'
FLEX='flex'
GCC_FOR_TARGET='$$r/$(HOST_SUBDIR)/gcc/xgcc -B$$r/$(HOST_SUBDIR)/gcc/'
GCC_SHLIB_SUBDIR=''
GCJ_FOR_BUILD='$(GCJ)'
GCJ_FOR_TARGET='arm-poky-linux-gnueabi-gcj'
GDB_TK=''
GFORTRAN_FOR_BUILD='$(GFORTRAN)'
GFORTRAN_FOR_TARGET='arm-poky-linux-gnueabi-gfortran'
GNATBIND='no'
GNATMAKE='no'
GOC_FOR_BUILD='$(GOC)'
GOC_FOR_TARGET='arm-poky-linux-gnueabi-gccgo'
INSTALL_DATA='${INSTALL} -m 644'
INSTALL_GDB_TK=''
INSTALL_PROGRAM='${INSTALL}'
INSTALL_SCRIPT='${INSTALL}'
LD='ld '
LDFLAGS='-L/home/daniel/Dropbox/Hobby/Zybo_Xilinx_Xilibus/Yocto/poky/build/tmp/sysroots/x86_64-linux/usr/lib -L/home/daniel/Dropbox/Hobby/Zybo_Xilinx_Xilibus/Yocto/poky/build/tmp/sysroots/x86_64-linux/lib -Wl,-rpath-link,/home/daniel/Dropbox/Hobby/Zybo_Xilinx_Xilibus/Yocto/poky/build/tmp/sysroots/x86_64-linux/usr/lib -Wl,-rpath-link,/home/daniel/Dropbox/Hobby/Zybo_Xilinx_Xilibus/Yocto/poky/build/tmp/sysroots/x86_64-linux/lib -Wl,-rpath,/home/daniel/Dropbox/Hobby/Zybo_Xilinx_Xilibus/Yocto/poky/build/tmp/sysroots/x86_64-linux/usr/lib -Wl,-rpath,/home/daniel/Dropbox/Hobby/Zybo_Xilinx_Xilibus/Yocto/poky/build/tmp/sysroots/x86_64-linux/lib -Wl,-O1'
LDFLAGS_FOR_BUILD='-L/home/daniel/Dropbox/Hobby/Zybo_Xilinx_Xilibus/Yocto/poky/build/tmp/sysroots/x86_64-linux/usr/lib -L/home/daniel/Dropbox/Hobby/Zybo_Xilinx_Xilibus/Yocto/poky/build/tmp/sysroots/x86_64-linux/lib -Wl,-rpath-link,/home/daniel/Dropbox/Hobby/Zybo_Xilinx_Xilibus/Yocto/poky/build/tmp/sysroots/x86_64-linux/usr/lib -Wl,-rpath-link,/home/daniel/Dropbox/Hobby/Zybo_Xilinx_Xilibus/Yocto/poky/build/tmp/sysroots/x86_64-linux/lib -Wl,-rpath,/home/daniel/Dropbox/Hobby/Zybo_Xilinx_Xilibus/Yocto/poky/build/tmp/sysroots/x86_64-linux/usr/lib -Wl,-rpath,/home/daniel/Dropbox/Hobby/Zybo_Xilinx_Xilibus/Yocto/poky/build/tmp/sysroots/x86_64-linux/lib -Wl,-O1'
LDFLAGS_FOR_TARGET='-Wl,-O1 -Wl,--hash-style=gnu -Wl,--as-needed'
LD_FOR_BUILD='$(LD)'
LD_FOR_TARGET='arm-poky-linux-gnueabi-ld'
LEX='flex'
LIBOBJS=''
LIBS=''
LIPO='lipo'
LIPO_FOR_TARGET='arm-poky-linux-gnueabi-lipo'
LN='ln'
LN_S='ln -s'
LTLIBOBJS=''
M4='m4'
MAINT='#'
MAINTAINER_MODE_FALSE=''
MAINTAINER_MODE_TRUE='#'
MAKEINFO='makeinfo'
NM='nm'
NM_FOR_BUILD='$(NM)'
NM_FOR_TARGET='arm-poky-linux-gnueabi-nm'
OBJCOPY='objcopy'
OBJDUMP='objdump'
OBJDUMP_FOR_TARGET='arm-poky-linux-gnueabi-objdump'
OBJEXT='o'
PACKAGE_BUGREPORT=''
PACKAGE_NAME=''
PACKAGE_STRING=''
PACKAGE_TARNAME=''
PACKAGE_URL=''
PACKAGE_VERSION=''
PATH_SEPARATOR=':'
RANLIB='ranlib'
RANLIB_FOR_BUILD='$(RANLIB)'
RANLIB_FOR_TARGET='arm-poky-linux-gnueabi-ranlib'
RAW_CXX_FOR_TARGET='$$r/$(HOST_SUBDIR)/gcc/xgcc -shared-libgcc -B$$r/$(HOST_SUBDIR)/gcc -nostdinc++ -L$$r/$(TARGET_SUBDIR)/libstdc++-v3/src -L$$r/$(TARGET_SUBDIR)/libstdc++-v3/src/.libs'
READELF='readelf'
READELF_FOR_TARGET='arm-poky-linux-gnueabi-readelf'
RPATH_ENVVAR='LD_LIBRARY_PATH'
RUNTEST='runtest'
SED='sed'
SHELL='/bin/bash'
STRIP='strip'
STRIP_FOR_TARGET='arm-poky-linux-gnueabi-strip'
SYSROOT_CFLAGS_FOR_TARGET='--sysroot=/home/daniel/Dropbox/Hobby/Zybo_Xilinx_Xilibus/Yocto/poky/build/tmp/sysroots/zedboard-zynq7'
TOPLEVEL_CONFIGURE_ARGUMENTS='/home/daniel/Dropbox/Hobby/Zybo_Xilinx_Xilibus/Yocto/poky/build/tmp/work-shared/gcc-4.8.2-r0/gcc-4.8.2/configure --build=x86_64-linux --host=x86_64-linux --target=arm-poky-linux-gnueabi --prefix=/home/daniel/Dropbox/Hobby/Zybo_Xilinx_Xilibus/Yocto/poky/build/tmp/sysroots/x86_64-linux/usr --exec_prefix=/home/daniel/Dropbox/Hobby/Zybo_Xilinx_Xilibus/Yocto/poky/build/tmp/sysroots/x86_64-linux/usr --bindir=/home/daniel/Dropbox/Hobby/Zybo_Xilinx_Xilibus/Yocto/poky/build/tmp/sysroots/x86_64-linux/usr/bin/armv7a-vfp-neon-poky-linux-gnueabi --sbindir=/home/daniel/Dropbox/Hobby/Zybo_Xilinx_Xilibus/Yocto/poky/build/tmp/sysroots/x86_64-linux/usr/bin/armv7a-vfp-neon-poky-linux-gnueabi --libexecdir=/home/daniel/Dropbox/Hobby/Zybo_Xilinx_Xilibus/Yocto/poky/build/tmp/sysroots/x86_64-linux/usr/libexec/armv7a-vfp-neon-poky-linux-gnueabi --datadir=/home/daniel/Dropbox/Hobby/Zybo_Xilinx_Xilibus/Yocto/poky/build/tmp/sysroots/x86_64-linux/usr/share --sysconfdir=/home/daniel/Dropbox/Hobby/Zybo_Xilinx_Xilibus/Yocto/poky/build/tmp/sysroots/x86_64-linux/etc --sharedstatedir=/home/daniel/Dropbox/Hobby/Zybo_Xilinx_Xilibus/Yocto/poky/build/tmp/sysroots/x86_64-linux/com --localstatedir=/home/daniel/Dropbox/Hobby/Zybo_Xilinx_Xilibus/Yocto/poky/build/tmp/sysroots/x86_64-linux/var --libdir=/home/daniel/Dropbox/Hobby/Zybo_Xilinx_Xilibus/Yocto/poky/build/tmp/sysroots/x86_64-linux/usr/lib/armv7a-vfp-neon-poky-linux-gnueabi --includedir=/home/daniel/Dropbox/Hobby/Zybo_Xilinx_Xilibus/Yocto/poky/build/tmp/sysroots/x86_64-linux/usr/include --oldincludedir=/home/daniel/Dropbox/Hobby/Zybo_Xilinx_Xilibus/Yocto/poky/build/tmp/sysroots/x86_64-linux/usr/include --infodir=/home/daniel/Dropbox/Hobby/Zybo_Xilinx_Xilibus/Yocto/poky/build/tmp/sysroots/x86_64-linux/usr/share/info --mandir=/home/daniel/Dropbox/Hobby/Zybo_Xilinx_Xilibus/Yocto/poky/build/tmp/sysroots/x86_64-linux/usr/share/man --disable-silent-rules --disable-dependency-tracking --with-libtool-sysroot=/home/daniel/Dropbox/Hobby/Zybo_Xilinx_Xilibus/Yocto/poky/build/tmp/sysroots/x86_64-linux --enable-clocale=generic --with-gnu-ld --enable-shared --enable-languages=c,c++ --enable-threads=posix --disable-multilib --enable-c99 --enable-long-long --enable-symvers=gnu --enable-libstdcxx-pch --program-prefix=arm-poky-linux-gnueabi- --without-local-prefix --enable-target-optspace --enable-lto --enable-libssp --disable-bootstrap --disable-libmudflap --with-system-zlib --with-linker-hash-style=gnu --enable-linker-build-id --with-ppl=no --with-cloog=no --enable-checking=release --enable-cheaders=c_global --with-gxx-include-dir=/home/daniel/Dropbox/Hobby/Zybo_Xilinx_Xilibus/Yocto/poky/build/tmp/sysroots/zedboard-zynq7/usr/include/c++ --with-sysroot=/home/daniel/Dropbox/Hobby/Zybo_Xilinx_Xilibus/Yocto/poky/build/tmp/sysroots/zedboard-zynq7 --with-build-sysroot=/home/daniel/Dropbox/Hobby/Zybo_Xilinx_Xilibus/Yocto/poky/build/tmp/sysroots/zedboard-zynq7 --enable-poison-system-directories --disable-libunwind-exceptions --with-mpfr=/home/daniel/Dropbox/Hobby/Zybo_Xilinx_Xilibus/Yocto/poky/build/tmp/sysroots/x86_64-linux/usr --with-system-zlib --disable-nls'
WINDMC='windmc'
WINDMC_FOR_BUILD='$(WINDMC)'
WINDMC_FOR_TARGET='arm-poky-linux-gnueabi-windmc'
WINDRES='windres'
WINDRES_FOR_BUILD='$(WINDRES)'
WINDRES_FOR_TARGET='arm-poky-linux-gnueabi-windres'
YACC='bison -y'
ac_ct_CC=''
ac_ct_CXX=''
bindir='/home/daniel/Dropbox/Hobby/Zybo_Xilinx_Xilibus/Yocto/poky/build/tmp/sysroots/x86_64-linux/usr/bin/armv7a-vfp-neon-poky-linux-gnueabi'
build='x86_64-pc-linux-gnu'
build_alias='x86_64-linux'
build_configargs=' --cache-file=../config.cache '\''--prefix=/home/daniel/Dropbox/Hobby/Zybo_Xilinx_Xilibus/Yocto/poky/build/tmp/sysroots/x86_64-linux/usr'\'' '\''--exec_prefix=/home/daniel/Dropbox/Hobby/Zybo_Xilinx_Xilibus/Yocto/poky/build/tmp/sysroots/x86_64-linux/usr'\'' '\''--bindir=/home/daniel/Dropbox/Hobby/Zybo_Xilinx_Xilibus/Yocto/poky/build/tmp/sysroots/x86_64-linux/usr/bin/armv7a-vfp-neon-poky-linux-gnueabi'\'' '\''--sbindir=/home/daniel/Dropbox/Hobby/Zybo_Xilinx_Xilibus/Yocto/poky/build/tmp/sysroots/x86_64-linux/usr/bin/armv7a-vfp-neon-poky-linux-gnueabi'\'' '\''--libexecdir=/home/daniel/Dropbox/Hobby/Zybo_Xilinx_Xilibus/Yocto/poky/build/tmp/sysroots/x86_64-linux/usr/libexec/armv7a-vfp-neon-poky-linux-gnueabi'\'' '\''--datadir=/home/daniel/Dropbox/Hobby/Zybo_Xilinx_Xilibus/Yocto/poky/build/tmp/sysroots/x86_64-linux/usr/share'\'' '\''--sysconfdir=/home/daniel/Dropbox/Hobby/Zybo_Xilinx_Xilibus/Yocto/poky/build/tmp/sysroots/x86_64-linux/etc'\'' '\''--sharedstatedir=/home/daniel/Dropbox/Hobby/Zybo_Xilinx_Xilibus/Yocto/poky/build/tmp/sysroots/x86_64-linux/com'\'' '\''--localstatedir=/home/daniel/Dropbox/Hobby/Zybo_Xilinx_Xilibus/Yocto/poky/build/tmp/sysroots/x86_64-linux/var'\'' '\''--libdir=/home/daniel/Dropbox/Hobby/Zybo_Xilinx_Xilibus/Yocto/poky/build/tmp/sysroots/x86_64-linux/usr/lib/armv7a-vfp-neon-poky-linux-gnueabi'\'' '\''--includedir=/home/daniel/Dropbox/Hobby/Zybo_Xilinx_Xilibus/Yocto/poky/build/tmp/sysroots/x86_64-linux/usr/include'\'' '\''--oldincludedir=/home/daniel/Dropbox/Hobby/Zybo_Xilinx_Xilibus/Yocto/poky/build/tmp/sysroots/x86_64-linux/usr/include'\'' '\''--infodir=/home/daniel/Dropbox/Hobby/Zybo_Xilinx_Xilibus/Yocto/poky/build/tmp/sysroots/x86_64-linux/usr/share/info'\'' '\''--mandir=/home/daniel/Dropbox/Hobby/Zybo_Xilinx_Xilibus/Yocto/poky/build/tmp/sysroots/x86_64-linux/usr/share/man'\'' '\''--disable-silent-rules'\'' '\''--disable-dependency-tracking'\'' '\''--with-libtool-sysroot=/home/daniel/Dropbox/Hobby/Zybo_Xilinx_Xilibus/Yocto/poky/build/tmp/sysroots/x86_64-linux'\'' '\''--enable-clocale=generic'\'' '\''--with-gnu-ld'\'' '\''--enable-shared'\'' '\''--enable-threads=posix'\'' '\''--disable-multilib'\'' '\''--enable-c99'\'' '\''--enable-long-long'\'' '\''--enable-symvers=gnu'\'' '\''--enable-libstdcxx-pch'\'' '\''--without-local-prefix'\'' '\''--enable-target-optspace'\'' '\''--enable-lto'\'' '\''--enable-libssp'\'' '\''--disable-bootstrap'\'' '\''--disable-libmudflap'\'' '\''--with-linker-hash-style=gnu'\'' '\''--enable-linker-build-id'\'' '\''--with-ppl=no'\'' '\''--with-cloog=no'\'' '\''--enable-checking=release'\'' '\''--enable-cheaders=c_global'\'' '\''--with-gxx-include-dir=/home/daniel/Dropbox/Hobby/Zybo_Xilinx_Xilibus/Yocto/poky/build/tmp/sysroots/zedboard-zynq7/usr/include/c++'\'' '\''--with-sysroot=/home/daniel/Dropbox/Hobby/Zybo_Xilinx_Xilibus/Yocto/poky/build/tmp/sysroots/zedboard-zynq7'\'' '\''--with-build-sysroot=/home/daniel/Dropbox/Hobby/Zybo_Xilinx_Xilibus/Yocto/poky/build/tmp/sysroots/zedboard-zynq7'\'' '\''--enable-poison-system-directories'\'' '\''--disable-libunwind-exceptions'\'' '\''--with-mpfr=/home/daniel/Dropbox/Hobby/Zybo_Xilinx_Xilibus/Yocto/poky/build/tmp/sysroots/x86_64-linux/usr'\'' '\''--with-system-zlib'\'' '\''--disable-nls'\'' '\''--enable-languages=c,c++,lto'\'' --program-transform-name='\''s&^&arm-poky-linux-gnueabi-&'\'' --disable-option-checking'
build_configdirs=' libiberty fixincludes'
build_cpu='x86_64'
build_libsubdir='build-x86_64-linux'
build_noncanonical='x86_64-linux'
build_os='linux-gnu'
build_subdir='build-x86_64-linux'
build_tooldir='${exec_prefix}/arm-poky-linux-gnueabi'
build_vendor='pc'
clooginc=''
clooglibs=''
compare_exclusions='gcc/cc*-checksum$(objext) | gcc/ada/*tools/*'
configdirs=' intl libiberty libbacktrace libcpp libdecnumber fixincludes gcc lto-plugin'
datadir='/home/daniel/Dropbox/Hobby/Zybo_Xilinx_Xilibus/Yocto/poky/build/tmp/sysroots/x86_64-linux/usr/share'
datarootdir='${prefix}/share'
do_compare='cmp --ignore-initial=16 $$f1 $$f2'
docdir='${datarootdir}/doc/${PACKAGE}'
dvidir='${docdir}'
exec_prefix='/home/daniel/Dropbox/Hobby/Zybo_Xilinx_Xilibus/Yocto/poky/build/tmp/sysroots/x86_64-linux/usr'
extra_host_libiberty_configure_flags='--enable-shared'
extra_isl_gmp_configure_flags=''
extra_mpc_gmp_configure_flags=''
extra_mpc_mpfr_configure_flags=''
extra_mpfr_configure_flags=''
gmpinc='-I/home/daniel/Dropbox/Hobby/Zybo_Xilinx_Xilibus/Yocto/poky/build/tmp/sysroots/x86_64-linux/usr/include '
gmplibs='-L/home/daniel/Dropbox/Hobby/Zybo_Xilinx_Xilibus/Yocto/poky/build/tmp/sysroots/x86_64-linux/usr/lib -lmpc -lmpfr -lgmp'
host='x86_64-pc-linux-gnu'
host_alias='x86_64-linux'
host_configargs=' --cache-file=./config.cache  --with-system-zlib '\''--prefix=/home/daniel/Dropbox/Hobby/Zybo_Xilinx_Xilibus/Yocto/poky/build/tmp/sysroots/x86_64-linux/usr'\'' '\''--exec_prefix=/home/daniel/Dropbox/Hobby/Zybo_Xilinx_Xilibus/Yocto/poky/build/tmp/sysroots/x86_64-linux/usr'\'' '\''--bindir=/home/daniel/Dropbox/Hobby/Zybo_Xilinx_Xilibus/Yocto/poky/build/tmp/sysroots/x86_64-linux/usr/bin/armv7a-vfp-neon-poky-linux-gnueabi'\'' '\''--sbindir=/home/daniel/Dropbox/Hobby/Zybo_Xilinx_Xilibus/Yocto/poky/build/tmp/sysroots/x86_64-linux/usr/bin/armv7a-vfp-neon-poky-linux-gnueabi'\'' '\''--libexecdir=/home/daniel/Dropbox/Hobby/Zybo_Xilinx_Xilibus/Yocto/poky/build/tmp/sysroots/x86_64-linux/usr/libexec/armv7a-vfp-neon-poky-linux-gnueabi'\'' '\''--datadir=/home/daniel/Dropbox/Hobby/Zybo_Xilinx_Xilibus/Yocto/poky/build/tmp/sysroots/x86_64-linux/usr/share'\'' '\''--sysconfdir=/home/daniel/Dropbox/Hobby/Zybo_Xilinx_Xilibus/Yocto/poky/build/tmp/sysroots/x86_64-linux/etc'\'' '\''--sharedstatedir=/home/daniel/Dropbox/Hobby/Zybo_Xilinx_Xilibus/Yocto/poky/build/tmp/sysroots/x86_64-linux/com'\'' '\''--localstatedir=/home/daniel/Dropbox/Hobby/Zybo_Xilinx_Xilibus/Yocto/poky/build/tmp/sysroots/x86_64-linux/var'\'' '\''--libdir=/home/daniel/Dropbox/Hobby/Zybo_Xilinx_Xilibus/Yocto/poky/build/tmp/sysroots/x86_64-linux/usr/lib/armv7a-vfp-neon-poky-linux-gnueabi'\'' '\''--includedir=/home/daniel/Dropbox/Hobby/Zybo_Xilinx_Xilibus/Yocto/poky/build/tmp/sysroots/x86_64-linux/usr/include'\'' '\''--oldincludedir=/home/daniel/Dropbox/Hobby/Zybo_Xilinx_Xilibus/Yocto/poky/build/tmp/sysroots/x86_64-linux/usr/include'\'' '\''--infodir=/home/daniel/Dropbox/Hobby/Zybo_Xilinx_Xilibus/Yocto/poky/build/tmp/sysroots/x86_64-linux/usr/share/info'\'' '\''--mandir=/home/daniel/Dropbox/Hobby/Zybo_Xilinx_Xilibus/Yocto/poky/build/tmp/sysroots/x86_64-linux/usr/share/man'\'' '\''--disable-silent-rules'\'' '\''--disable-dependency-tracking'\'' '\''--with-libtool-sysroot=/home/daniel/Dropbox/Hobby/Zybo_Xilinx_Xilibus/Yocto/poky/build/tmp/sysroots/x86_64-linux'\'' '\''--enable-clocale=generic'\'' '\''--with-gnu-ld'\'' '\''--enable-shared'\'' '\''--enable-threads=posix'\'' '\''--disable-multilib'\'' '\''--enable-c99'\'' '\''--enable-long-long'\'' '\''--enable-symvers=gnu'\'' '\''--enable-libstdcxx-pch'\'' '\''--without-local-prefix'\'' '\''--enable-target-optspace'\'' '\''--enable-lto'\'' '\''--enable-libssp'\'' '\''--disable-bootstrap'\'' '\''--disable-libmudflap'\'' '\''--with-linker-hash-style=gnu'\'' '\''--enable-linker-build-id'\'' '\''--with-ppl=no'\'' '\''--with-cloog=no'\'' '\''--enable-checking=release'\'' '\''--enable-cheaders=c_global'\'' '\''--with-gxx-include-dir=/home/daniel/Dropbox/Hobby/Zybo_Xilinx_Xilibus/Yocto/poky/build/tmp/sysroots/zedboard-zynq7/usr/include/c++'\'' '\''--with-sysroot=/home/daniel/Dropbox/Hobby/Zybo_Xilinx_Xilibus/Yocto/poky/build/tmp/sysroots/zedboard-zynq7'\'' '\''--with-build-sysroot=/home/daniel/Dropbox/Hobby/Zybo_Xilinx_Xilibus/Yocto/poky/build/tmp/sysroots/zedboard-zynq7'\'' '\''--enable-poison-system-directories'\'' '\''--disable-libunwind-exceptions'\'' '\''--with-mpfr=/home/daniel/Dropbox/Hobby/Zybo_Xilinx_Xilibus/Yocto/poky/build/tmp/sysroots/x86_64-linux/usr'\'' '\''--with-system-zlib'\'' '\''--disable-nls'\'' '\''--enable-languages=c,c++,lto'\'' --program-transform-name='\''s&^&arm-poky-linux-gnueabi-&'\'' --disable-option-checking'
host_cpu='x86_64'
host_noncanonical='x86_64-linux'
host_os='linux-gnu'
host_subdir='.'
host_vendor='pc'
htmldir='${docdir}'
includedir='/home/daniel/Dropbox/Hobby/Zybo_Xilinx_Xilibus/Yocto/poky/build/tmp/sysroots/x86_64-linux/usr/include'
infodir='/home/daniel/Dropbox/Hobby/Zybo_Xilinx_Xilibus/Yocto/poky/build/tmp/sysroots/x86_64-linux/usr/share/info'
islinc=''
libdir='/home/daniel/Dropbox/Hobby/Zybo_Xilinx_Xilibus/Yocto/poky/build/tmp/sysroots/x86_64-linux/usr/lib/armv7a-vfp-neon-poky-linux-gnueabi'
libexecdir='/home/daniel/Dropbox/Hobby/Zybo_Xilinx_Xilibus/Yocto/poky/build/tmp/sysroots/x86_64-linux/usr/libexec/armv7a-vfp-neon-poky-linux-gnueabi'
localedir='${datarootdir}/locale'
localstatedir='/home/daniel/Dropbox/Hobby/Zybo_Xilinx_Xilibus/Yocto/poky/build/tmp/sysroots/x86_64-linux/var'
mandir='/home/daniel/Dropbox/Hobby/Zybo_Xilinx_Xilibus/Yocto/poky/build/tmp/sysroots/x86_64-linux/usr/share/man'
oldincludedir='/home/daniel/Dropbox/Hobby/Zybo_Xilinx_Xilibus/Yocto/poky/build/tmp/sysroots/x86_64-linux/usr/include'
pdfdir='${docdir}'
poststage1_ldflags='-static-libstdc++ -static-libgcc'
poststage1_libs=''
prefix='/home/daniel/Dropbox/Hobby/Zybo_Xilinx_Xilibus/Yocto/poky/build/tmp/sysroots/x86_64-linux/usr'
program_transform_name='s&^&arm-poky-linux-gnueabi-&'
psdir='${docdir}'
sbindir='/home/daniel/Dropbox/Hobby/Zybo_Xilinx_Xilibus/Yocto/poky/build/tmp/sysroots/x86_64-linux/usr/bin/armv7a-vfp-neon-poky-linux-gnueabi'
sharedstatedir='/home/daniel/Dropbox/Hobby/Zybo_Xilinx_Xilibus/Yocto/poky/build/tmp/sysroots/x86_64-linux/com'
stage1_cflags='-g'
stage1_checking='--enable-checking=release,types'
stage1_languages='c,c++,lto'
stage1_ldflags='-static-libstdc++ -static-libgcc'
stage1_libs=''
stage2_werror_flag=''
sysconfdir='/home/daniel/Dropbox/Hobby/Zybo_Xilinx_Xilibus/Yocto/poky/build/tmp/sysroots/x86_64-linux/etc'
target='arm-poky-linux-gnueabi'
target_alias='arm-poky-linux-gnueabi'
target_configargs='--cache-file=./config.cache --with-cross-host=x86_64-linux   '\''--prefix=/home/daniel/Dropbox/Hobby/Zybo_Xilinx_Xilibus/Yocto/poky/build/tmp/sysroots/x86_64-linux/usr'\'' '\''--exec_prefix=/home/daniel/Dropbox/Hobby/Zybo_Xilinx_Xilibus/Yocto/poky/build/tmp/sysroots/x86_64-linux/usr'\'' '\''--bindir=/home/daniel/Dropbox/Hobby/Zybo_Xilinx_Xilibus/Yocto/poky/build/tmp/sysroots/x86_64-linux/usr/bin/armv7a-vfp-neon-poky-linux-gnueabi'\'' '\''--sbindir=/home/daniel/Dropbox/Hobby/Zybo_Xilinx_Xilibus/Yocto/poky/build/tmp/sysroots/x86_64-linux/usr/bin/armv7a-vfp-neon-poky-linux-gnueabi'\'' '\''--libexecdir=/home/daniel/Dropbox/Hobby/Zybo_Xilinx_Xilibus/Yocto/poky/build/tmp/sysroots/x86_64-linux/usr/libexec/armv7a-vfp-neon-poky-linux-gnueabi'\'' '\''--datadir=/home/daniel/Dropbox/Hobby/Zybo_Xilinx_Xilibus/Yocto/poky/build/tmp/sysroots/x86_64-linux/usr/share'\'' '\''--sysconfdir=/home/daniel/Dropbox/Hobby/Zybo_Xilinx_Xilibus/Yocto/poky/build/tmp/sysroots/x86_64-linux/etc'\'' '\''--sharedstatedir=/home/daniel/Dropbox/Hobby/Zybo_Xilinx_Xilibus/Yocto/poky/build/tmp/sysroots/x86_64-linux/com'\'' '\''--localstatedir=/home/daniel/Dropbox/Hobby/Zybo_Xilinx_Xilibus/Yocto/poky/build/tmp/sysroots/x86_64-linux/var'\'' '\''--libdir=/home/daniel/Dropbox/Hobby/Zybo_Xilinx_Xilibus/Yocto/poky/build/tmp/sysroots/x86_64-linux/usr/lib/armv7a-vfp-neon-poky-linux-gnueabi'\'' '\''--includedir=/home/daniel/Dropbox/Hobby/Zybo_Xilinx_Xilibus/Yocto/poky/build/tmp/sysroots/x86_64-linux/usr/include'\'' '\''--oldincludedir=/home/daniel/Dropbox/Hobby/Zybo_Xilinx_Xilibus/Yocto/poky/build/tmp/sysroots/x86_64-linux/usr/include'\'' '\''--infodir=/home/daniel/Dropbox/Hobby/Zybo_Xilinx_Xilibus/Yocto/poky/build/tmp/sysroots/x86_64-linux/usr/share/info'\'' '\''--mandir=/home/daniel/Dropbox/Hobby/Zybo_Xilinx_Xilibus/Yocto/poky/build/tmp/sysroots/x86_64-linux/usr/share/man'\'' '\''--disable-silent-rules'\'' '\''--disable-dependency-tracking'\'' '\''--with-libtool-sysroot=/home/daniel/Dropbox/Hobby/Zybo_Xilinx_Xilibus/Yocto/poky/build/tmp/sysroots/x86_64-linux'\'' '\''--enable-clocale=generic'\'' '\''--with-gnu-ld'\'' '\''--enable-shared'\'' '\''--enable-threads=posix'\'' '\''--disable-multilib'\'' '\''--enable-c99'\'' '\''--enable-long-long'\'' '\''--enable-symvers=gnu'\'' '\''--enable-libstdcxx-pch'\'' '\''--without-local-prefix'\'' '\''--enable-target-optspace'\'' '\''--enable-lto'\'' '\''--enable-libssp'\'' '\''--disable-bootstrap'\'' '\''--disable-libmudflap'\'' '\''--with-linker-hash-style=gnu'\'' '\''--enable-linker-build-id'\'' '\''--with-ppl=no'\'' '\''--enable-checking=release'\'' '\''--enable-cheaders=c_global'\'' '\''--with-gxx-include-dir=/home/daniel/Dropbox/Hobby/Zybo_Xilinx_Xilibus/Yocto/poky/build/tmp/sysroots/zedboard-zynq7/usr/include/c++'\'' '\''--with-sysroot=/home/daniel/Dropbox/Hobby/Zybo_Xilinx_Xilibus/Yocto/poky/build/tmp/sysroots/zedboard-zynq7'\'' '\''--with-build-sysroot=/home/daniel/Dropbox/Hobby/Zybo_Xilinx_Xilibus/Yocto/poky/build/tmp/sysroots/zedboard-zynq7'\'' '\''--enable-poison-system-directories'\'' '\''--disable-libunwind-exceptions'\'' '\''--with-system-zlib'\'' '\''--disable-nls'\'' '\''--enable-languages=c,c++,lto'\'' --program-transform-name='\''s&^&arm-poky-linux-gnueabi-&'\'' --disable-option-checking'
target_configdirs=' libgcc libgomp libatomic libitm libstdc++-v3 libssp libquadmath'
target_cpu='arm'
target_noncanonical='arm-poky-linux-gnueabi'
target_os='linux-gnueabi'
target_subdir='arm-poky-linux-gnueabi'
target_vendor='poky'
tooldir='${exec_prefix}/arm-poky-linux-gnueabi'

## ------------------- ##
## File substitutions. ##
## ------------------- ##

alphaieee_frag='/dev/null'
host_makefile_frag='/dev/null'
ospace_frag='/home/daniel/Dropbox/Hobby/Zybo_Xilinx_Xilibus/Yocto/poky/build/tmp/work-shared/gcc-4.8.2-r0/gcc-4.8.2/config/mt-ospace'
serialization_dependencies='serdep.tmp'
target_makefile_frag='/home/daniel/Dropbox/Hobby/Zybo_Xilinx_Xilibus/Yocto/poky/build/tmp/work-shared/gcc-4.8.2-r0/gcc-4.8.2/config/mt-gnu'

## ----------- ##
## confdefs.h. ##
## ----------- ##

/* confdefs.h */
#define PACKAGE_NAME ""
#define PACKAGE_TARNAME ""
#define PACKAGE_VERSION ""
#define PACKAGE_STRING ""
#define PACKAGE_BUGREPORT ""
#define PACKAGE_URL ""
#define LT_OBJDIR ".libs/"

configure: exit 0
